---------------------------------------------------------------
[ 2021-01-12T22:51:18+08:00 ] 127.0.0.1 POST www.wuruyue.com/index/Home/getMenu
[运行时间：2.647889s] [吞吐率：0.38req/s] [内存消耗：2,290.11kb] [文件加载：40]
[ info ] [ LANG ] D:\my web\tp5\thinkphp\lang\zh-cn.php
[ info ] [ ROUTE ] array (
  'type' => 'module',
  'module' => 
  array (
    0 => 'index',
    1 => 'Home',
    2 => 'getMenu',
  ),
)
[ info ] [ HEADER ] array (
  'x-forwarded-host' => 'localhost:8080',
  'x-forwarded-proto' => 'http',
  'x-forwarded-port' => '8080',
  'x-forwarded-for' => '127.0.0.1',
  'accept-language' => 'zh-CN,zh;q=0.9,en;q=0.8',
  'accept-encoding' => 'gzip, deflate, br',
  'referer' => 'http://localhost:8080/myworld.html',
  'sec-fetch-dest' => 'empty',
  'sec-fetch-mode' => 'cors',
  'sec-fetch-site' => 'same-origin',
  'origin' => 'http://localhost:8080',
  'content-type' => 'application/json;charset=UTF-8',
  'user-agent' => 'Mozilla/5.0 (Windows NT 10.0; WOW64) AppleWebKit/537.36 (KHTML, like Gecko) Chrome/87.0.4280.88 Safari/537.36',
  'accept' => 'application/json, text/plain, */*',
  'content-length' => '2',
  'connection' => 'close',
  'host' => 'www.wuruyue.com',
)
[ info ] [ PARAM ] array (
)
[ info ] [ RUN ] app\index\controller\Home->getMenu[ D:\my web\tp5\app\index\controller\Home.php ]
[ info ] [ DB ] INIT mysql
[ info ] [ LOG ] INIT File
[ sql ] [ DB ] CONNECT:[ UseTime:0.112617s ] mysql:host=127.0.0.1;dbname=ours;charset=utf8
[ sql ] [ SQL ] SHOW COLUMNS FROM `t_m_menu` [ RunTime:0.158119s ]
[ sql ] [ SQL ] SELECT * FROM `t_m_menu` WHERE  `state` = 0  AND `parent_menu_id` = 0 [ RunTime:0.011284s ]
---------------------------------------------------------------
[ 2021-01-12T22:51:32+08:00 ] 127.0.0.1 POST www.wuruyue.com/index/Index/login
[运行时间：0.683149s] [吞吐率：1.46req/s] [内存消耗：2,571.34kb] [文件加载：44]
[ info ] [ LANG ] D:\my web\tp5\thinkphp\lang\zh-cn.php
[ info ] [ ROUTE ] array (
  'type' => 'module',
  'module' => 
  array (
    0 => 'index',
    1 => 'Index',
    2 => 'login',
  ),
)
[ info ] [ HEADER ] array (
  'x-forwarded-host' => 'localhost:8080',
  'x-forwarded-proto' => 'http',
  'x-forwarded-port' => '8080',
  'x-forwarded-for' => '127.0.0.1',
  'accept-language' => 'zh-CN,zh;q=0.9,en;q=0.8',
  'accept-encoding' => 'gzip, deflate, br',
  'referer' => 'http://localhost:8080/',
  'sec-fetch-dest' => 'empty',
  'sec-fetch-mode' => 'cors',
  'sec-fetch-site' => 'same-origin',
  'origin' => 'http://localhost:8080',
  'content-type' => 'application/json;charset=UTF-8',
  'user-agent' => 'Mozilla/5.0 (Windows NT 10.0; WOW64) AppleWebKit/537.36 (KHTML, like Gecko) Chrome/87.0.4280.88 Safari/537.36',
  'accept' => 'application/json, text/plain, */*',
  'content-length' => '29',
  'connection' => 'close',
  'host' => 'www.wuruyue.com',
)
[ info ] [ PARAM ] array (
  'pwd' => 'myworldqwepoi!@#450',
)
[ info ] [ RUN ] app\index\controller\Index->login[ D:\my web\tp5\app\index\controller\Index.php ]
[ info ] [ DB ] INIT mysql
[ info ] [ LOG ] INIT File
[ sql ] [ DB ] CONNECT:[ UseTime:0.010573s ] mysql:host=127.0.0.1;dbname=ours;charset=utf8
[ sql ] [ SQL ] SHOW COLUMNS FROM `t_m_user` [ RunTime:0.068859s ]
[ sql ] [ SQL ] SELECT `user_id` FROM `t_m_user` WHERE  `password` = '821bf2234c46d81038d7dc52a700398f' LIMIT 1 [ RunTime:0.043568s ]
---------------------------------------------------------------
[ 2021-01-12T22:54:26+08:00 ] 127.0.0.1 POST www.wuruyue.com/index/Index/login
[运行时间：0.411610s] [吞吐率：2.43req/s] [内存消耗：2,571.34kb] [文件加载：44]
[ info ] [ LANG ] D:\my web\tp5\thinkphp\lang\zh-cn.php
[ info ] [ ROUTE ] array (
  'type' => 'module',
  'module' => 
  array (
    0 => 'index',
    1 => 'Index',
    2 => 'login',
  ),
)
[ info ] [ HEADER ] array (
  'x-forwarded-host' => 'localhost:8080',
  'x-forwarded-proto' => 'http',
  'x-forwarded-port' => '8080',
  'x-forwarded-for' => '127.0.0.1',
  'accept-language' => 'zh-CN,zh;q=0.9,en;q=0.8',
  'accept-encoding' => 'gzip, deflate, br',
  'referer' => 'http://localhost:8080/',
  'sec-fetch-dest' => 'empty',
  'sec-fetch-mode' => 'cors',
  'sec-fetch-site' => 'same-origin',
  'origin' => 'http://localhost:8080',
  'content-type' => 'application/json;charset=UTF-8',
  'user-agent' => 'Mozilla/5.0 (Windows NT 10.0; WOW64) AppleWebKit/537.36 (KHTML, like Gecko) Chrome/87.0.4280.88 Safari/537.36',
  'accept' => 'application/json, text/plain, */*',
  'content-length' => '29',
  'connection' => 'close',
  'host' => 'www.wuruyue.com',
)
[ info ] [ PARAM ] array (
  'pwd' => 'myworldqwepoi!@#450',
)
[ info ] [ RUN ] app\index\controller\Index->login[ D:\my web\tp5\app\index\controller\Index.php ]
[ info ] [ DB ] INIT mysql
[ info ] [ LOG ] INIT File
[ sql ] [ DB ] CONNECT:[ UseTime:0.011285s ] mysql:host=127.0.0.1;dbname=ours;charset=utf8
[ sql ] [ SQL ] SHOW COLUMNS FROM `t_m_user` [ RunTime:0.098711s ]
[ sql ] [ SQL ] SELECT `user_id` FROM `t_m_user` WHERE  `password` = '821bf2234c46d81038d7dc52a700398f' LIMIT 1 [ RunTime:0.000660s ]
---------------------------------------------------------------
[ 2021-01-12T22:55:28+08:00 ] 127.0.0.1 POST www.wuruyue.com/index/Index/login
[运行时间：0.256860s] [吞吐率：3.89req/s] [内存消耗：2,571.34kb] [文件加载：44]
[ info ] [ LANG ] D:\my web\tp5\thinkphp\lang\zh-cn.php
[ info ] [ ROUTE ] array (
  'type' => 'module',
  'module' => 
  array (
    0 => 'index',
    1 => 'Index',
    2 => 'login',
  ),
)
[ info ] [ HEADER ] array (
  'x-forwarded-host' => 'localhost:8080',
  'x-forwarded-proto' => 'http',
  'x-forwarded-port' => '8080',
  'x-forwarded-for' => '127.0.0.1',
  'accept-language' => 'zh-CN,zh;q=0.9,en;q=0.8',
  'accept-encoding' => 'gzip, deflate, br',
  'referer' => 'http://localhost:8080/',
  'sec-fetch-dest' => 'empty',
  'sec-fetch-mode' => 'cors',
  'sec-fetch-site' => 'same-origin',
  'origin' => 'http://localhost:8080',
  'content-type' => 'application/json;charset=UTF-8',
  'user-agent' => 'Mozilla/5.0 (Windows NT 10.0; WOW64) AppleWebKit/537.36 (KHTML, like Gecko) Chrome/87.0.4280.88 Safari/537.36',
  'accept' => 'application/json, text/plain, */*',
  'content-length' => '29',
  'connection' => 'close',
  'host' => 'www.wuruyue.com',
)
[ info ] [ PARAM ] array (
  'pwd' => 'myworldqwepoi!@#450',
)
[ info ] [ RUN ] app\index\controller\Index->login[ D:\my web\tp5\app\index\controller\Index.php ]
[ info ] [ DB ] INIT mysql
[ info ] [ LOG ] INIT File
[ sql ] [ DB ] CONNECT:[ UseTime:0.010380s ] mysql:host=127.0.0.1;dbname=ours;charset=utf8
[ sql ] [ SQL ] SHOW COLUMNS FROM `t_m_user` [ RunTime:0.186399s ]
[ sql ] [ SQL ] SELECT `user_id` FROM `t_m_user` WHERE  `password` = '821bf2234c46d81038d7dc52a700398f' LIMIT 1 [ RunTime:0.000780s ]
---------------------------------------------------------------
[ 2021-01-12T23:20:11+08:00 ] 127.0.0.1 POST www.wuruyue.com/index/Index/login
[运行时间：0.477233s] [吞吐率：2.10req/s] [内存消耗：2,572.77kb] [文件加载：44]
[ info ] [ LANG ] D:\my web\tp5\thinkphp\lang\zh-cn.php
[ info ] [ ROUTE ] array (
  'type' => 'module',
  'module' => 
  array (
    0 => 'index',
    1 => 'Index',
    2 => 'login',
  ),
)
[ info ] [ HEADER ] array (
  'x-forwarded-host' => 'localhost:8080',
  'x-forwarded-proto' => 'http',
  'x-forwarded-port' => '8080',
  'x-forwarded-for' => '127.0.0.1',
  'accept-language' => 'zh-CN,zh;q=0.9,en;q=0.8',
  'accept-encoding' => 'gzip, deflate, br',
  'referer' => 'http://localhost:8080/',
  'sec-fetch-dest' => 'empty',
  'sec-fetch-mode' => 'cors',
  'sec-fetch-site' => 'same-origin',
  'origin' => 'http://localhost:8080',
  'content-type' => 'application/json;charset=UTF-8',
  'user-agent' => 'Mozilla/5.0 (Windows NT 10.0; WOW64) AppleWebKit/537.36 (KHTML, like Gecko) Chrome/87.0.4280.88 Safari/537.36',
  'authorization' => 'eyJ0eXAiOiJKV1QiLCJhbGciOiJIUzI1NiJ9.eyJpc3MiOiJodHRwOlwvXC93d3cud3VydXl1ZS5jb20iLCJhdWQiOiJodHRwOlwvXC93d3cud3VydXl1ZS5jb20iLCJpYXQiOjE2MTA0NjMzMjgsIm5iZiI6MTYxMDQ2MzMyOCwiZXhwIjoxNjEwNDY0NzY4LCJkYXRhIjp7InVzZXJpZCI6MSwicHdkIjoiODIxYmYyMjM0YzQ2ZDgxMDM4ZDdkYzUyYTcwMDM5OGYifX0.iF06L6tby7DVudYxVkfCVXhIYo1I7oZasMRbv1MUZ3w',
  'accept' => 'application/json, text/plain, */*',
  'content-length' => '29',
  'connection' => 'close',
  'host' => 'www.wuruyue.com',
)
[ info ] [ PARAM ] array (
  'pwd' => 'myworldqwepoi!@#450',
)
[ info ] [ RUN ] app\index\controller\Index->login[ D:\my web\tp5\app\index\controller\Index.php ]
[ info ] [ DB ] INIT mysql
[ info ] [ LOG ] INIT File
[ sql ] [ DB ] CONNECT:[ UseTime:0.030261s ] mysql:host=127.0.0.1;dbname=ours;charset=utf8
[ sql ] [ SQL ] SHOW COLUMNS FROM `t_m_user` [ RunTime:0.047668s ]
[ sql ] [ SQL ] SELECT `user_id` FROM `t_m_user` WHERE  `password` = '821bf2234c46d81038d7dc52a700398f' LIMIT 1 [ RunTime:0.010140s ]
---------------------------------------------------------------
[ 2021-01-12T23:20:31+08:00 ] 127.0.0.1 POST www.wuruyue.com/index/Index/login
[运行时间：0.297982s] [吞吐率：3.36req/s] [内存消耗：2,571.34kb] [文件加载：44]
[ info ] [ LANG ] D:\my web\tp5\thinkphp\lang\zh-cn.php
[ info ] [ ROUTE ] array (
  'type' => 'module',
  'module' => 
  array (
    0 => 'index',
    1 => 'Index',
    2 => 'login',
  ),
)
[ info ] [ HEADER ] array (
  'x-forwarded-host' => 'localhost:8080',
  'x-forwarded-proto' => 'http',
  'x-forwarded-port' => '8080',
  'x-forwarded-for' => '127.0.0.1',
  'accept-language' => 'zh-CN,zh;q=0.9,en;q=0.8',
  'accept-encoding' => 'gzip, deflate, br',
  'referer' => 'http://localhost:8080/',
  'sec-fetch-dest' => 'empty',
  'sec-fetch-mode' => 'cors',
  'sec-fetch-site' => 'same-origin',
  'origin' => 'http://localhost:8080',
  'content-type' => 'application/json;charset=UTF-8',
  'user-agent' => 'Mozilla/5.0 (Windows NT 10.0; WOW64) AppleWebKit/537.36 (KHTML, like Gecko) Chrome/87.0.4280.88 Safari/537.36',
  'accept' => 'application/json, text/plain, */*',
  'content-length' => '29',
  'connection' => 'close',
  'host' => 'www.wuruyue.com',
)
[ info ] [ PARAM ] array (
  'pwd' => 'myworldqwepoi!@#450',
)
[ info ] [ RUN ] app\index\controller\Index->login[ D:\my web\tp5\app\index\controller\Index.php ]
[ info ] [ DB ] INIT mysql
[ info ] [ LOG ] INIT File
[ sql ] [ DB ] CONNECT:[ UseTime:0.010828s ] mysql:host=127.0.0.1;dbname=ours;charset=utf8
[ sql ] [ SQL ] SHOW COLUMNS FROM `t_m_user` [ RunTime:0.030965s ]
[ sql ] [ SQL ] SELECT `user_id` FROM `t_m_user` WHERE  `password` = '821bf2234c46d81038d7dc52a700398f' LIMIT 1 [ RunTime:0.000485s ]
---------------------------------------------------------------
[ 2021-01-12T23:20:33+08:00 ] 127.0.0.1 POST www.wuruyue.com/index/Home/getMenu
[运行时间：0.234223s] [吞吐率：4.27req/s] [内存消耗：2,291.02kb] [文件加载：40]
[ info ] [ LANG ] D:\my web\tp5\thinkphp\lang\zh-cn.php
[ info ] [ ROUTE ] array (
  'type' => 'module',
  'module' => 
  array (
    0 => 'index',
    1 => 'Home',
    2 => 'getMenu',
  ),
)
[ info ] [ HEADER ] array (
  'x-forwarded-host' => 'localhost:8080',
  'x-forwarded-proto' => 'http',
  'x-forwarded-port' => '8080',
  'x-forwarded-for' => '127.0.0.1',
  'accept-language' => 'zh-CN,zh;q=0.9,en;q=0.8',
  'accept-encoding' => 'gzip, deflate, br',
  'referer' => 'http://localhost:8080/myworld.html',
  'sec-fetch-dest' => 'empty',
  'sec-fetch-mode' => 'cors',
  'sec-fetch-site' => 'same-origin',
  'origin' => 'http://localhost:8080',
  'content-type' => 'application/json;charset=UTF-8',
  'user-agent' => 'Mozilla/5.0 (Windows NT 10.0; WOW64) AppleWebKit/537.36 (KHTML, like Gecko) Chrome/87.0.4280.88 Safari/537.36',
  'accept' => 'application/json, text/plain, */*',
  'content-length' => '2',
  'connection' => 'close',
  'host' => 'www.wuruyue.com',
)
[ info ] [ PARAM ] array (
)
[ info ] [ RUN ] app\index\controller\Home->getMenu[ D:\my web\tp5\app\index\controller\Home.php ]
[ info ] [ DB ] INIT mysql
[ info ] [ LOG ] INIT File
[ sql ] [ DB ] CONNECT:[ UseTime:0.000882s ] mysql:host=127.0.0.1;dbname=ours;charset=utf8
[ sql ] [ SQL ] SHOW COLUMNS FROM `t_m_menu` [ RunTime:0.087732s ]
[ sql ] [ SQL ] SELECT * FROM `t_m_menu` WHERE  `state` = 0  AND `parent_menu_id` = 0 [ RunTime:0.001169s ]
