---------------------------------------------------------------
[ 2021-01-19T22:51:36+08:00 ] 127.0.0.1 POST www.wuruyue.com/index/Home/getMenu
[运行时间：0.359021s] [吞吐率：2.79req/s] [内存消耗：2,529.02kb] [文件加载：45]
[ info ] [ LANG ] D:\my web\tp5\thinkphp\lang\zh-cn.php
[ info ] [ ROUTE ] array (
  'type' => 'module',
  'module' => 
  array (
    0 => 'index',
    1 => 'Home',
    2 => 'getMenu',
  ),
)
[ info ] [ HEADER ] array (
  'x-forwarded-host' => 'localhost:8080',
  'x-forwarded-proto' => 'http',
  'x-forwarded-port' => '8080',
  'x-forwarded-for' => '127.0.0.1',
  'accept-language' => 'zh-CN,zh;q=0.9,en;q=0.8',
  'accept-encoding' => 'gzip, deflate, br',
  'referer' => 'http://localhost:8080/myworld.html',
  'sec-fetch-dest' => 'empty',
  'sec-fetch-mode' => 'cors',
  'sec-fetch-site' => 'same-origin',
  'origin' => 'http://localhost:8080',
  'user-agent' => 'Mozilla/5.0 (Windows NT 10.0; WOW64) AppleWebKit/537.36 (KHTML, like Gecko) Chrome/87.0.4280.141 Safari/537.36',
  'authorization' => 'eyJ0eXAiOiJKV1QiLCJhbGciOiJIUzI1NiJ9.eyJpc3MiOiJodHRwOlwvXC93d3cud3VydXl1ZS5jb20iLCJhdWQiOiJodHRwOlwvXC93d3cud3VydXl1ZS5jb20iLCJpYXQiOjE2MTA5ODEwNTgsIm5iZiI6MTYxMDk4MTA1OCwiZXhwIjoxNjEwOTgyNDk4LCJkYXRhIjp7InVzZXJpZCI6MSwicHdkIjoiODIxYmYyMjM0YzQ2ZDgxMDM4ZDdkYzUyYTcwMDM5OGYifX0.yJjOJtFMfNTt1fmHswkfrMnb2olPwx9DSRpwr2Pxoos',
  'accept' => 'application/json, text/plain, */*',
  'content-length' => '0',
  'connection' => 'close',
  'host' => 'www.wuruyue.com',
)
[ info ] [ PARAM ] array (
)
[ info ] [ RUN ] app\index\controller\Home->getMenu[ D:\my web\tp5\app\index\controller\Home.php ]
[ info ] [ DB ] INIT mysql
[ info ] [ LOG ] INIT File
[ sql ] [ DB ] CONNECT:[ UseTime:0.019112s ] mysql:host=127.0.0.1;dbname=ours;charset=utf8
[ sql ] [ SQL ] SHOW COLUMNS FROM `t_m_menu` [ RunTime:0.028216s ]
[ sql ] [ SQL ] SELECT `m`.`menu_name`,`m`.`parent_menu_id`,`m`.`menu_link`,`m`.`menu_icon`,`m`.`menu_level`,`m`.`menu_id` FROM `t_m_menu` `m` RIGHT JOIN `t_m_rm` `rm` ON `m`.`menu_id`=`rm`.`menu_id` WHERE  `m`.`state` = 0  AND `rm`.`role_id` = 0 [ RunTime:0.000592s ]
---------------------------------------------------------------
[ 2021-01-19T22:51:45+08:00 ] 127.0.0.1 POST www.wuruyue.com/index/Index/login
[运行时间：0.205712s] [吞吐率：4.86req/s] [内存消耗：2,609.51kb] [文件加载：45]
[ info ] [ LANG ] D:\my web\tp5\thinkphp\lang\zh-cn.php
[ info ] [ ROUTE ] array (
  'type' => 'module',
  'module' => 
  array (
    0 => 'index',
    1 => 'Index',
    2 => 'login',
  ),
)
[ info ] [ HEADER ] array (
  'x-forwarded-host' => 'localhost:8080',
  'x-forwarded-proto' => 'http',
  'x-forwarded-port' => '8080',
  'x-forwarded-for' => '127.0.0.1',
  'accept-language' => 'zh-CN,zh;q=0.9,en;q=0.8',
  'accept-encoding' => 'gzip, deflate, br',
  'referer' => 'http://localhost:8080/',
  'sec-fetch-dest' => 'empty',
  'sec-fetch-mode' => 'cors',
  'sec-fetch-site' => 'same-origin',
  'origin' => 'http://localhost:8080',
  'content-type' => 'application/json;charset=UTF-8',
  'user-agent' => 'Mozilla/5.0 (Windows NT 10.0; WOW64) AppleWebKit/537.36 (KHTML, like Gecko) Chrome/87.0.4280.141 Safari/537.36',
  'authorization' => 'eyJ0eXAiOiJKV1QiLCJhbGciOiJIUzI1NiJ9.eyJpc3MiOiJodHRwOlwvXC93d3cud3VydXl1ZS5jb20iLCJhdWQiOiJodHRwOlwvXC93d3cud3VydXl1ZS5jb20iLCJpYXQiOjE2MTA5ODEwNTgsIm5iZiI6MTYxMDk4MTA1OCwiZXhwIjoxNjEwOTgyNDk4LCJkYXRhIjp7InVzZXJpZCI6MSwicHdkIjoiODIxYmYyMjM0YzQ2ZDgxMDM4ZDdkYzUyYTcwMDM5OGYifX0.yJjOJtFMfNTt1fmHswkfrMnb2olPwx9DSRpwr2Pxoos',
  'accept' => 'application/json, text/plain, */*',
  'content-length' => '29',
  'connection' => 'close',
  'host' => 'www.wuruyue.com',
)
[ info ] [ PARAM ] array (
  'pwd' => 'myworldqwepoi!@#450',
)
[ info ] [ RUN ] app\index\controller\Index->login[ D:\my web\tp5\app\index\controller\Index.php ]
[ info ] [ DB ] INIT mysql
[ info ] [ LOG ] INIT File
[ sql ] [ DB ] CONNECT:[ UseTime:0.011078s ] mysql:host=127.0.0.1;dbname=ours;charset=utf8
[ sql ] [ SQL ] SHOW COLUMNS FROM `t_m_user` [ RunTime:0.051585s ]
[ sql ] [ SQL ] SELECT `user_id` FROM `t_m_user` WHERE  `password` = '821bf2234c46d81038d7dc52a700398f' LIMIT 1 [ RunTime:0.019164s ]
[ sql ] [ SQL ] SHOW COLUMNS FROM `t_m_ru` [ RunTime:0.032137s ]
[ sql ] [ SQL ] SELECT `role_id` FROM `t_m_ru` WHERE  `user_id` = 1 LIMIT 1 [ RunTime:0.000661s ]
---------------------------------------------------------------
[ 2021-01-19T22:51:45+08:00 ] 127.0.0.1 POST www.wuruyue.com/index/Home/getMenu
[运行时间：0.075126s] [吞吐率：13.31req/s] [内存消耗：2,532.99kb] [文件加载：45]
[ info ] [ LANG ] D:\my web\tp5\thinkphp\lang\zh-cn.php
[ info ] [ ROUTE ] array (
  'type' => 'module',
  'module' => 
  array (
    0 => 'index',
    1 => 'Home',
    2 => 'getMenu',
  ),
)
[ info ] [ HEADER ] array (
  'x-forwarded-host' => 'localhost:8080',
  'x-forwarded-proto' => 'http',
  'x-forwarded-port' => '8080',
  'x-forwarded-for' => '127.0.0.1',
  'accept-language' => 'zh-CN,zh;q=0.9,en;q=0.8',
  'accept-encoding' => 'gzip, deflate, br',
  'referer' => 'http://localhost:8080/myworld.html',
  'sec-fetch-dest' => 'empty',
  'sec-fetch-mode' => 'cors',
  'sec-fetch-site' => 'same-origin',
  'origin' => 'http://localhost:8080',
  'user-agent' => 'Mozilla/5.0 (Windows NT 10.0; WOW64) AppleWebKit/537.36 (KHTML, like Gecko) Chrome/87.0.4280.141 Safari/537.36',
  'authorization' => 'eyJ0eXAiOiJKV1QiLCJhbGciOiJIUzI1NiJ9.eyJpc3MiOiJodHRwOlwvXC93d3cud3VydXl1ZS5jb20iLCJhdWQiOiJodHRwOlwvXC93d3cud3VydXl1ZS5jb20iLCJpYXQiOjE2MTEwNjc5MDUsIm5iZiI6MTYxMTA2NzkwNSwiZXhwIjoxNjExMDY5MzQ1LCJkYXRhIjp7InVzZXJpZCI6MSwicHdkIjoiODIxYmYyMjM0YzQ2ZDgxMDM4ZDdkYzUyYTcwMDM5OGYifX0.49SlzJdqD76FEyyCrwpF7w39DN34fwVgIq3S2aHPxs8',
  'accept' => 'application/json, text/plain, */*',
  'content-length' => '0',
  'connection' => 'close',
  'host' => 'www.wuruyue.com',
)
[ info ] [ PARAM ] array (
)
[ info ] [ RUN ] app\index\controller\Home->getMenu[ D:\my web\tp5\app\index\controller\Home.php ]
[ info ] [ DB ] INIT mysql
[ info ] [ LOG ] INIT File
[ sql ] [ DB ] CONNECT:[ UseTime:0.000791s ] mysql:host=127.0.0.1;dbname=ours;charset=utf8
[ sql ] [ SQL ] SHOW COLUMNS FROM `t_m_menu` [ RunTime:0.020186s ]
[ sql ] [ SQL ] SELECT `m`.`menu_name`,`m`.`parent_menu_id`,`m`.`menu_link`,`m`.`menu_icon`,`m`.`menu_level`,`m`.`menu_id` FROM `t_m_menu` `m` RIGHT JOIN `t_m_rm` `rm` ON `m`.`menu_id`=`rm`.`menu_id` WHERE  `m`.`state` = 0  AND `rm`.`role_id` = '1' [ RunTime:0.001050s ]
---------------------------------------------------------------
[ 2021-01-19T23:00:54+08:00 ] 127.0.0.1 POST www.wuruyue.com/index/Home/getMenu
[运行时间：0.297723s] [吞吐率：3.36req/s] [内存消耗：2,532.99kb] [文件加载：45]
[ info ] [ LANG ] D:\my web\tp5\thinkphp\lang\zh-cn.php
[ info ] [ ROUTE ] array (
  'type' => 'module',
  'module' => 
  array (
    0 => 'index',
    1 => 'Home',
    2 => 'getMenu',
  ),
)
[ info ] [ HEADER ] array (
  'x-forwarded-host' => 'localhost:8080',
  'x-forwarded-proto' => 'http',
  'x-forwarded-port' => '8080',
  'x-forwarded-for' => '127.0.0.1',
  'accept-language' => 'zh-CN,zh;q=0.9,en;q=0.8',
  'accept-encoding' => 'gzip, deflate, br',
  'referer' => 'http://localhost:8080/myworld.html',
  'sec-fetch-dest' => 'empty',
  'sec-fetch-mode' => 'cors',
  'sec-fetch-site' => 'same-origin',
  'origin' => 'http://localhost:8080',
  'user-agent' => 'Mozilla/5.0 (Windows NT 10.0; WOW64) AppleWebKit/537.36 (KHTML, like Gecko) Chrome/87.0.4280.141 Safari/537.36',
  'authorization' => 'eyJ0eXAiOiJKV1QiLCJhbGciOiJIUzI1NiJ9.eyJpc3MiOiJodHRwOlwvXC93d3cud3VydXl1ZS5jb20iLCJhdWQiOiJodHRwOlwvXC93d3cud3VydXl1ZS5jb20iLCJpYXQiOjE2MTEwNjc5MDUsIm5iZiI6MTYxMTA2NzkwNSwiZXhwIjoxNjExMDY5MzQ1LCJkYXRhIjp7InVzZXJpZCI6MSwicHdkIjoiODIxYmYyMjM0YzQ2ZDgxMDM4ZDdkYzUyYTcwMDM5OGYifX0.49SlzJdqD76FEyyCrwpF7w39DN34fwVgIq3S2aHPxs8',
  'accept' => 'application/json, text/plain, */*',
  'content-length' => '0',
  'connection' => 'close',
  'host' => 'www.wuruyue.com',
)
[ info ] [ PARAM ] array (
)
[ info ] [ RUN ] app\index\controller\Home->getMenu[ D:\my web\tp5\app\index\controller\Home.php ]
[ info ] [ DB ] INIT mysql
[ info ] [ LOG ] INIT File
[ sql ] [ DB ] CONNECT:[ UseTime:0.010980s ] mysql:host=127.0.0.1;dbname=ours;charset=utf8
[ sql ] [ SQL ] SHOW COLUMNS FROM `t_m_menu` [ RunTime:0.029696s ]
[ sql ] [ SQL ] SELECT `m`.`menu_name`,`m`.`parent_menu_id`,`m`.`menu_link`,`m`.`menu_icon`,`m`.`menu_level`,`m`.`menu_id` FROM `t_m_menu` `m` RIGHT JOIN `t_m_rm` `rm` ON `m`.`menu_id`=`rm`.`menu_id` WHERE  `m`.`state` = 0  AND `rm`.`role_id` = '1' [ RunTime:0.000805s ]
---------------------------------------------------------------
[ 2021-01-19T23:15:09+08:00 ] 127.0.0.1 POST www.wuruyue.com/index/Home/getMenu
[运行时间：0.286019s] [吞吐率：3.50req/s] [内存消耗：2,532.99kb] [文件加载：45]
[ info ] [ LANG ] D:\my web\tp5\thinkphp\lang\zh-cn.php
[ info ] [ ROUTE ] array (
  'type' => 'module',
  'module' => 
  array (
    0 => 'index',
    1 => 'Home',
    2 => 'getMenu',
  ),
)
[ info ] [ HEADER ] array (
  'x-forwarded-host' => 'localhost:8080',
  'x-forwarded-proto' => 'http',
  'x-forwarded-port' => '8080',
  'x-forwarded-for' => '127.0.0.1',
  'accept-language' => 'zh-CN,zh;q=0.9,en;q=0.8',
  'accept-encoding' => 'gzip, deflate, br',
  'referer' => 'http://localhost:8080/myworld.html',
  'sec-fetch-dest' => 'empty',
  'sec-fetch-mode' => 'cors',
  'sec-fetch-site' => 'same-origin',
  'origin' => 'http://localhost:8080',
  'user-agent' => 'Mozilla/5.0 (Windows NT 10.0; WOW64) AppleWebKit/537.36 (KHTML, like Gecko) Chrome/87.0.4280.141 Safari/537.36',
  'authorization' => 'eyJ0eXAiOiJKV1QiLCJhbGciOiJIUzI1NiJ9.eyJpc3MiOiJodHRwOlwvXC93d3cud3VydXl1ZS5jb20iLCJhdWQiOiJodHRwOlwvXC93d3cud3VydXl1ZS5jb20iLCJpYXQiOjE2MTEwNjc5MDUsIm5iZiI6MTYxMTA2NzkwNSwiZXhwIjoxNjExMDY5MzQ1LCJkYXRhIjp7InVzZXJpZCI6MSwicHdkIjoiODIxYmYyMjM0YzQ2ZDgxMDM4ZDdkYzUyYTcwMDM5OGYifX0.49SlzJdqD76FEyyCrwpF7w39DN34fwVgIq3S2aHPxs8',
  'accept' => 'application/json, text/plain, */*',
  'content-length' => '0',
  'connection' => 'close',
  'host' => 'www.wuruyue.com',
)
[ info ] [ PARAM ] array (
)
[ info ] [ RUN ] app\index\controller\Home->getMenu[ D:\my web\tp5\app\index\controller\Home.php ]
[ info ] [ DB ] INIT mysql
[ info ] [ LOG ] INIT File
[ sql ] [ DB ] CONNECT:[ UseTime:0.000956s ] mysql:host=127.0.0.1;dbname=ours;charset=utf8
[ sql ] [ SQL ] SHOW COLUMNS FROM `t_m_menu` [ RunTime:0.037904s ]
[ sql ] [ SQL ] SELECT `m`.`menu_name`,`m`.`parent_menu_id`,`m`.`menu_link`,`m`.`menu_icon`,`m`.`menu_level`,`m`.`menu_id` FROM `t_m_menu` `m` RIGHT JOIN `t_m_rm` `rm` ON `m`.`menu_id`=`rm`.`menu_id` WHERE  `m`.`state` = 0  AND `rm`.`role_id` = '1' [ RunTime:0.007687s ]
---------------------------------------------------------------
[ 2021-01-19T23:15:33+08:00 ] 127.0.0.1 POST www.wuruyue.com/index/Home/getMenu
[运行时间：0.101465s] [吞吐率：9.86req/s] [内存消耗：2,532.99kb] [文件加载：45]
[ info ] [ LANG ] D:\my web\tp5\thinkphp\lang\zh-cn.php
[ info ] [ ROUTE ] array (
  'type' => 'module',
  'module' => 
  array (
    0 => 'index',
    1 => 'Home',
    2 => 'getMenu',
  ),
)
[ info ] [ HEADER ] array (
  'x-forwarded-host' => 'localhost:8080',
  'x-forwarded-proto' => 'http',
  'x-forwarded-port' => '8080',
  'x-forwarded-for' => '127.0.0.1',
  'accept-language' => 'zh-CN,zh;q=0.9,en;q=0.8',
  'accept-encoding' => 'gzip, deflate, br',
  'referer' => 'http://localhost:8080/myworld.html',
  'sec-fetch-dest' => 'empty',
  'sec-fetch-mode' => 'cors',
  'sec-fetch-site' => 'same-origin',
  'origin' => 'http://localhost:8080',
  'user-agent' => 'Mozilla/5.0 (Windows NT 10.0; WOW64) AppleWebKit/537.36 (KHTML, like Gecko) Chrome/87.0.4280.141 Safari/537.36',
  'authorization' => 'eyJ0eXAiOiJKV1QiLCJhbGciOiJIUzI1NiJ9.eyJpc3MiOiJodHRwOlwvXC93d3cud3VydXl1ZS5jb20iLCJhdWQiOiJodHRwOlwvXC93d3cud3VydXl1ZS5jb20iLCJpYXQiOjE2MTEwNjc5MDUsIm5iZiI6MTYxMTA2NzkwNSwiZXhwIjoxNjExMDY5MzQ1LCJkYXRhIjp7InVzZXJpZCI6MSwicHdkIjoiODIxYmYyMjM0YzQ2ZDgxMDM4ZDdkYzUyYTcwMDM5OGYifX0.49SlzJdqD76FEyyCrwpF7w39DN34fwVgIq3S2aHPxs8',
  'accept' => 'application/json, text/plain, */*',
  'content-length' => '0',
  'connection' => 'close',
  'host' => 'www.wuruyue.com',
)
[ info ] [ PARAM ] array (
)
[ info ] [ RUN ] app\index\controller\Home->getMenu[ D:\my web\tp5\app\index\controller\Home.php ]
[ info ] [ DB ] INIT mysql
[ info ] [ LOG ] INIT File
[ sql ] [ DB ] CONNECT:[ UseTime:0.001282s ] mysql:host=127.0.0.1;dbname=ours;charset=utf8
[ sql ] [ SQL ] SHOW COLUMNS FROM `t_m_menu` [ RunTime:0.030287s ]
[ sql ] [ SQL ] SELECT `m`.`menu_name`,`m`.`parent_menu_id`,`m`.`menu_link`,`m`.`menu_icon`,`m`.`menu_level`,`m`.`menu_id` FROM `t_m_menu` `m` RIGHT JOIN `t_m_rm` `rm` ON `m`.`menu_id`=`rm`.`menu_id` WHERE  `m`.`state` = 0  AND `rm`.`role_id` = '1' [ RunTime:0.000799s ]
---------------------------------------------------------------
[ 2021-01-19T23:23:29+08:00 ] 127.0.0.1 POST www.wuruyue.com/index/Home/getMenu
[运行时间：0.107963s] [吞吐率：9.26req/s] [内存消耗：2,532.99kb] [文件加载：45]
[ info ] [ LANG ] D:\my web\tp5\thinkphp\lang\zh-cn.php
[ info ] [ ROUTE ] array (
  'type' => 'module',
  'module' => 
  array (
    0 => 'index',
    1 => 'Home',
    2 => 'getMenu',
  ),
)
[ info ] [ HEADER ] array (
  'x-forwarded-host' => 'localhost:8080',
  'x-forwarded-proto' => 'http',
  'x-forwarded-port' => '8080',
  'x-forwarded-for' => '127.0.0.1',
  'accept-language' => 'zh-CN,zh;q=0.9,en;q=0.8',
  'accept-encoding' => 'gzip, deflate, br',
  'referer' => 'http://localhost:8080/myworld.html',
  'sec-fetch-dest' => 'empty',
  'sec-fetch-mode' => 'cors',
  'sec-fetch-site' => 'same-origin',
  'origin' => 'http://localhost:8080',
  'user-agent' => 'Mozilla/5.0 (Windows NT 10.0; WOW64) AppleWebKit/537.36 (KHTML, like Gecko) Chrome/87.0.4280.141 Safari/537.36',
  'authorization' => 'eyJ0eXAiOiJKV1QiLCJhbGciOiJIUzI1NiJ9.eyJpc3MiOiJodHRwOlwvXC93d3cud3VydXl1ZS5jb20iLCJhdWQiOiJodHRwOlwvXC93d3cud3VydXl1ZS5jb20iLCJpYXQiOjE2MTEwNjc5MDUsIm5iZiI6MTYxMTA2NzkwNSwiZXhwIjoxNjExMDY5MzQ1LCJkYXRhIjp7InVzZXJpZCI6MSwicHdkIjoiODIxYmYyMjM0YzQ2ZDgxMDM4ZDdkYzUyYTcwMDM5OGYifX0.49SlzJdqD76FEyyCrwpF7w39DN34fwVgIq3S2aHPxs8',
  'accept' => 'application/json, text/plain, */*',
  'content-length' => '0',
  'connection' => 'close',
  'host' => 'www.wuruyue.com',
)
[ info ] [ PARAM ] array (
)
[ info ] [ RUN ] app\index\controller\Home->getMenu[ D:\my web\tp5\app\index\controller\Home.php ]
[ info ] [ DB ] INIT mysql
[ info ] [ LOG ] INIT File
[ sql ] [ DB ] CONNECT:[ UseTime:0.001409s ] mysql:host=127.0.0.1;dbname=ours;charset=utf8
[ sql ] [ SQL ] SHOW COLUMNS FROM `t_m_menu` [ RunTime:0.041600s ]
[ sql ] [ SQL ] SELECT `m`.`menu_name`,`m`.`parent_menu_id`,`m`.`menu_link`,`m`.`menu_icon`,`m`.`menu_level`,`m`.`menu_id` FROM `t_m_menu` `m` RIGHT JOIN `t_m_rm` `rm` ON `m`.`menu_id`=`rm`.`menu_id` WHERE  `m`.`state` = 0  AND `rm`.`role_id` = '1' [ RunTime:0.001066s ]
---------------------------------------------------------------
[ 2021-01-19T23:28:06+08:00 ] 127.0.0.1 POST www.wuruyue.com/index/Home/getMenu
[运行时间：0.269235s] [吞吐率：3.71req/s] [内存消耗：2,532.99kb] [文件加载：45]
[ info ] [ LANG ] D:\my web\tp5\thinkphp\lang\zh-cn.php
[ info ] [ ROUTE ] array (
  'type' => 'module',
  'module' => 
  array (
    0 => 'index',
    1 => 'Home',
    2 => 'getMenu',
  ),
)
[ info ] [ HEADER ] array (
  'x-forwarded-host' => 'localhost:8080',
  'x-forwarded-proto' => 'http',
  'x-forwarded-port' => '8080',
  'x-forwarded-for' => '127.0.0.1',
  'accept-language' => 'zh-CN,zh;q=0.9,en;q=0.8',
  'accept-encoding' => 'gzip, deflate, br',
  'referer' => 'http://localhost:8080/myworld.html',
  'sec-fetch-dest' => 'empty',
  'sec-fetch-mode' => 'cors',
  'sec-fetch-site' => 'same-origin',
  'origin' => 'http://localhost:8080',
  'user-agent' => 'Mozilla/5.0 (Windows NT 10.0; WOW64) AppleWebKit/537.36 (KHTML, like Gecko) Chrome/87.0.4280.141 Safari/537.36',
  'authorization' => 'eyJ0eXAiOiJKV1QiLCJhbGciOiJIUzI1NiJ9.eyJpc3MiOiJodHRwOlwvXC93d3cud3VydXl1ZS5jb20iLCJhdWQiOiJodHRwOlwvXC93d3cud3VydXl1ZS5jb20iLCJpYXQiOjE2MTEwNjc5MDUsIm5iZiI6MTYxMTA2NzkwNSwiZXhwIjoxNjExMDY5MzQ1LCJkYXRhIjp7InVzZXJpZCI6MSwicHdkIjoiODIxYmYyMjM0YzQ2ZDgxMDM4ZDdkYzUyYTcwMDM5OGYifX0.49SlzJdqD76FEyyCrwpF7w39DN34fwVgIq3S2aHPxs8',
  'accept' => 'application/json, text/plain, */*',
  'content-length' => '0',
  'connection' => 'close',
  'host' => 'www.wuruyue.com',
)
[ info ] [ PARAM ] array (
)
[ info ] [ RUN ] app\index\controller\Home->getMenu[ D:\my web\tp5\app\index\controller\Home.php ]
[ info ] [ DB ] INIT mysql
[ info ] [ LOG ] INIT File
[ sql ] [ DB ] CONNECT:[ UseTime:0.001729s ] mysql:host=127.0.0.1;dbname=ours;charset=utf8
[ sql ] [ SQL ] SHOW COLUMNS FROM `t_m_menu` [ RunTime:0.032940s ]
[ sql ] [ SQL ] SELECT `m`.`menu_name`,`m`.`parent_menu_id`,`m`.`menu_link`,`m`.`menu_icon`,`m`.`menu_level`,`m`.`menu_id` FROM `t_m_menu` `m` RIGHT JOIN `t_m_rm` `rm` ON `m`.`menu_id`=`rm`.`menu_id` WHERE  `m`.`state` = 0  AND `rm`.`role_id` = '1' [ RunTime:0.000690s ]
---------------------------------------------------------------
[ 2021-01-19T23:28:26+08:00 ] 127.0.0.1 POST www.wuruyue.com/index/Home/getMenu
[运行时间：0.093678s] [吞吐率：10.67req/s] [内存消耗：2,532.99kb] [文件加载：45]
[ info ] [ LANG ] D:\my web\tp5\thinkphp\lang\zh-cn.php
[ info ] [ ROUTE ] array (
  'type' => 'module',
  'module' => 
  array (
    0 => 'index',
    1 => 'Home',
    2 => 'getMenu',
  ),
)
[ info ] [ HEADER ] array (
  'x-forwarded-host' => 'localhost:8080',
  'x-forwarded-proto' => 'http',
  'x-forwarded-port' => '8080',
  'x-forwarded-for' => '127.0.0.1',
  'accept-language' => 'zh-CN,zh;q=0.9,en;q=0.8',
  'accept-encoding' => 'gzip, deflate, br',
  'referer' => 'http://localhost:8080/myworld.html',
  'sec-fetch-dest' => 'empty',
  'sec-fetch-mode' => 'cors',
  'sec-fetch-site' => 'same-origin',
  'origin' => 'http://localhost:8080',
  'user-agent' => 'Mozilla/5.0 (Windows NT 10.0; WOW64) AppleWebKit/537.36 (KHTML, like Gecko) Chrome/87.0.4280.141 Safari/537.36',
  'authorization' => 'eyJ0eXAiOiJKV1QiLCJhbGciOiJIUzI1NiJ9.eyJpc3MiOiJodHRwOlwvXC93d3cud3VydXl1ZS5jb20iLCJhdWQiOiJodHRwOlwvXC93d3cud3VydXl1ZS5jb20iLCJpYXQiOjE2MTEwNjc5MDUsIm5iZiI6MTYxMTA2NzkwNSwiZXhwIjoxNjExMDY5MzQ1LCJkYXRhIjp7InVzZXJpZCI6MSwicHdkIjoiODIxYmYyMjM0YzQ2ZDgxMDM4ZDdkYzUyYTcwMDM5OGYifX0.49SlzJdqD76FEyyCrwpF7w39DN34fwVgIq3S2aHPxs8',
  'accept' => 'application/json, text/plain, */*',
  'content-length' => '0',
  'connection' => 'close',
  'host' => 'www.wuruyue.com',
)
[ info ] [ PARAM ] array (
)
[ info ] [ RUN ] app\index\controller\Home->getMenu[ D:\my web\tp5\app\index\controller\Home.php ]
[ info ] [ DB ] INIT mysql
[ info ] [ LOG ] INIT File
[ sql ] [ DB ] CONNECT:[ UseTime:0.001242s ] mysql:host=127.0.0.1;dbname=ours;charset=utf8
[ sql ] [ SQL ] SHOW COLUMNS FROM `t_m_menu` [ RunTime:0.039929s ]
[ sql ] [ SQL ] SELECT `m`.`menu_name`,`m`.`parent_menu_id`,`m`.`menu_link`,`m`.`menu_icon`,`m`.`menu_level`,`m`.`menu_id` FROM `t_m_menu` `m` RIGHT JOIN `t_m_rm` `rm` ON `m`.`menu_id`=`rm`.`menu_id` WHERE  `m`.`state` = 0  AND `rm`.`role_id` = '1' [ RunTime:0.000770s ]
---------------------------------------------------------------
[ 2021-01-19T23:29:37+08:00 ] 127.0.0.1 POST www.wuruyue.com/index/Home/getMenu
[运行时间：0.095492s] [吞吐率：10.47req/s] [内存消耗：2,532.99kb] [文件加载：45]
[ info ] [ LANG ] D:\my web\tp5\thinkphp\lang\zh-cn.php
[ info ] [ ROUTE ] array (
  'type' => 'module',
  'module' => 
  array (
    0 => 'index',
    1 => 'Home',
    2 => 'getMenu',
  ),
)
[ info ] [ HEADER ] array (
  'x-forwarded-host' => 'localhost:8080',
  'x-forwarded-proto' => 'http',
  'x-forwarded-port' => '8080',
  'x-forwarded-for' => '127.0.0.1',
  'accept-language' => 'zh-CN,zh;q=0.9,en;q=0.8',
  'accept-encoding' => 'gzip, deflate, br',
  'referer' => 'http://localhost:8080/myworld.html',
  'sec-fetch-dest' => 'empty',
  'sec-fetch-mode' => 'cors',
  'sec-fetch-site' => 'same-origin',
  'origin' => 'http://localhost:8080',
  'user-agent' => 'Mozilla/5.0 (Windows NT 10.0; WOW64) AppleWebKit/537.36 (KHTML, like Gecko) Chrome/87.0.4280.141 Safari/537.36',
  'authorization' => 'eyJ0eXAiOiJKV1QiLCJhbGciOiJIUzI1NiJ9.eyJpc3MiOiJodHRwOlwvXC93d3cud3VydXl1ZS5jb20iLCJhdWQiOiJodHRwOlwvXC93d3cud3VydXl1ZS5jb20iLCJpYXQiOjE2MTEwNjc5MDUsIm5iZiI6MTYxMTA2NzkwNSwiZXhwIjoxNjExMDY5MzQ1LCJkYXRhIjp7InVzZXJpZCI6MSwicHdkIjoiODIxYmYyMjM0YzQ2ZDgxMDM4ZDdkYzUyYTcwMDM5OGYifX0.49SlzJdqD76FEyyCrwpF7w39DN34fwVgIq3S2aHPxs8',
  'accept' => 'application/json, text/plain, */*',
  'content-length' => '0',
  'connection' => 'close',
  'host' => 'www.wuruyue.com',
)
[ info ] [ PARAM ] array (
)
[ info ] [ RUN ] app\index\controller\Home->getMenu[ D:\my web\tp5\app\index\controller\Home.php ]
[ info ] [ DB ] INIT mysql
[ info ] [ LOG ] INIT File
[ sql ] [ DB ] CONNECT:[ UseTime:0.001362s ] mysql:host=127.0.0.1;dbname=ours;charset=utf8
[ sql ] [ SQL ] SHOW COLUMNS FROM `t_m_menu` [ RunTime:0.035547s ]
[ sql ] [ SQL ] SELECT `m`.`menu_name`,`m`.`parent_menu_id`,`m`.`menu_link`,`m`.`menu_icon`,`m`.`menu_level`,`m`.`menu_id` FROM `t_m_menu` `m` RIGHT JOIN `t_m_rm` `rm` ON `m`.`menu_id`=`rm`.`menu_id` WHERE  `m`.`state` = 0  AND `rm`.`role_id` = '1' [ RunTime:0.000744s ]
---------------------------------------------------------------
[ 2021-01-19T23:30:26+08:00 ] 127.0.0.1 POST www.wuruyue.com/index/Home/getMenu
[运行时间：0.108737s] [吞吐率：9.20req/s] [内存消耗：2,532.99kb] [文件加载：45]
[ info ] [ LANG ] D:\my web\tp5\thinkphp\lang\zh-cn.php
[ info ] [ ROUTE ] array (
  'type' => 'module',
  'module' => 
  array (
    0 => 'index',
    1 => 'Home',
    2 => 'getMenu',
  ),
)
[ info ] [ HEADER ] array (
  'x-forwarded-host' => 'localhost:8080',
  'x-forwarded-proto' => 'http',
  'x-forwarded-port' => '8080',
  'x-forwarded-for' => '127.0.0.1',
  'accept-language' => 'zh-CN,zh;q=0.9,en;q=0.8',
  'accept-encoding' => 'gzip, deflate, br',
  'referer' => 'http://localhost:8080/myworld.html',
  'sec-fetch-dest' => 'empty',
  'sec-fetch-mode' => 'cors',
  'sec-fetch-site' => 'same-origin',
  'origin' => 'http://localhost:8080',
  'user-agent' => 'Mozilla/5.0 (Windows NT 10.0; WOW64) AppleWebKit/537.36 (KHTML, like Gecko) Chrome/87.0.4280.141 Safari/537.36',
  'authorization' => 'eyJ0eXAiOiJKV1QiLCJhbGciOiJIUzI1NiJ9.eyJpc3MiOiJodHRwOlwvXC93d3cud3VydXl1ZS5jb20iLCJhdWQiOiJodHRwOlwvXC93d3cud3VydXl1ZS5jb20iLCJpYXQiOjE2MTEwNjc5MDUsIm5iZiI6MTYxMTA2NzkwNSwiZXhwIjoxNjExMDY5MzQ1LCJkYXRhIjp7InVzZXJpZCI6MSwicHdkIjoiODIxYmYyMjM0YzQ2ZDgxMDM4ZDdkYzUyYTcwMDM5OGYifX0.49SlzJdqD76FEyyCrwpF7w39DN34fwVgIq3S2aHPxs8',
  'accept' => 'application/json, text/plain, */*',
  'content-length' => '0',
  'connection' => 'close',
  'host' => 'www.wuruyue.com',
)
[ info ] [ PARAM ] array (
)
[ info ] [ RUN ] app\index\controller\Home->getMenu[ D:\my web\tp5\app\index\controller\Home.php ]
[ info ] [ DB ] INIT mysql
[ info ] [ LOG ] INIT File
[ sql ] [ DB ] CONNECT:[ UseTime:0.010363s ] mysql:host=127.0.0.1;dbname=ours;charset=utf8
[ sql ] [ SQL ] SHOW COLUMNS FROM `t_m_menu` [ RunTime:0.032367s ]
[ sql ] [ SQL ] SELECT `m`.`menu_name`,`m`.`parent_menu_id`,`m`.`menu_link`,`m`.`menu_icon`,`m`.`menu_level`,`m`.`menu_id` FROM `t_m_menu` `m` RIGHT JOIN `t_m_rm` `rm` ON `m`.`menu_id`=`rm`.`menu_id` WHERE  `m`.`state` = 0  AND `rm`.`role_id` = '1' [ RunTime:0.001151s ]
---------------------------------------------------------------
[ 2021-01-19T23:31:01+08:00 ] 127.0.0.1 POST www.wuruyue.com/index/Home/getMenu
[运行时间：0.113432s] [吞吐率：8.82req/s] [内存消耗：2,532.99kb] [文件加载：45]
[ info ] [ LANG ] D:\my web\tp5\thinkphp\lang\zh-cn.php
[ info ] [ ROUTE ] array (
  'type' => 'module',
  'module' => 
  array (
    0 => 'index',
    1 => 'Home',
    2 => 'getMenu',
  ),
)
[ info ] [ HEADER ] array (
  'x-forwarded-host' => 'localhost:8080',
  'x-forwarded-proto' => 'http',
  'x-forwarded-port' => '8080',
  'x-forwarded-for' => '127.0.0.1',
  'accept-language' => 'zh-CN,zh;q=0.9,en;q=0.8',
  'accept-encoding' => 'gzip, deflate, br',
  'referer' => 'http://localhost:8080/myworld.html',
  'sec-fetch-dest' => 'empty',
  'sec-fetch-mode' => 'cors',
  'sec-fetch-site' => 'same-origin',
  'origin' => 'http://localhost:8080',
  'user-agent' => 'Mozilla/5.0 (Windows NT 10.0; WOW64) AppleWebKit/537.36 (KHTML, like Gecko) Chrome/87.0.4280.141 Safari/537.36',
  'authorization' => 'eyJ0eXAiOiJKV1QiLCJhbGciOiJIUzI1NiJ9.eyJpc3MiOiJodHRwOlwvXC93d3cud3VydXl1ZS5jb20iLCJhdWQiOiJodHRwOlwvXC93d3cud3VydXl1ZS5jb20iLCJpYXQiOjE2MTEwNjc5MDUsIm5iZiI6MTYxMTA2NzkwNSwiZXhwIjoxNjExMDY5MzQ1LCJkYXRhIjp7InVzZXJpZCI6MSwicHdkIjoiODIxYmYyMjM0YzQ2ZDgxMDM4ZDdkYzUyYTcwMDM5OGYifX0.49SlzJdqD76FEyyCrwpF7w39DN34fwVgIq3S2aHPxs8',
  'accept' => 'application/json, text/plain, */*',
  'content-length' => '0',
  'connection' => 'close',
  'host' => 'www.wuruyue.com',
)
[ info ] [ PARAM ] array (
)
[ info ] [ RUN ] app\index\controller\Home->getMenu[ D:\my web\tp5\app\index\controller\Home.php ]
[ info ] [ DB ] INIT mysql
[ info ] [ LOG ] INIT File
[ sql ] [ DB ] CONNECT:[ UseTime:0.003002s ] mysql:host=127.0.0.1;dbname=ours;charset=utf8
[ sql ] [ SQL ] SHOW COLUMNS FROM `t_m_menu` [ RunTime:0.040707s ]
[ sql ] [ SQL ] SELECT `m`.`menu_name`,`m`.`parent_menu_id`,`m`.`menu_link`,`m`.`menu_icon`,`m`.`menu_level`,`m`.`menu_id` FROM `t_m_menu` `m` RIGHT JOIN `t_m_rm` `rm` ON `m`.`menu_id`=`rm`.`menu_id` WHERE  `m`.`state` = 0  AND `rm`.`role_id` = '1' [ RunTime:0.000785s ]
---------------------------------------------------------------
[ 2021-01-19T23:32:35+08:00 ] 127.0.0.1 POST www.wuruyue.com/index/Home/getMenu
[运行时间：0.103227s] [吞吐率：9.69req/s] [内存消耗：2,532.99kb] [文件加载：45]
[ info ] [ LANG ] D:\my web\tp5\thinkphp\lang\zh-cn.php
[ info ] [ ROUTE ] array (
  'type' => 'module',
  'module' => 
  array (
    0 => 'index',
    1 => 'Home',
    2 => 'getMenu',
  ),
)
[ info ] [ HEADER ] array (
  'x-forwarded-host' => 'localhost:8080',
  'x-forwarded-proto' => 'http',
  'x-forwarded-port' => '8080',
  'x-forwarded-for' => '127.0.0.1',
  'accept-language' => 'zh-CN,zh;q=0.9,en;q=0.8',
  'accept-encoding' => 'gzip, deflate, br',
  'referer' => 'http://localhost:8080/myworld.html',
  'sec-fetch-dest' => 'empty',
  'sec-fetch-mode' => 'cors',
  'sec-fetch-site' => 'same-origin',
  'origin' => 'http://localhost:8080',
  'user-agent' => 'Mozilla/5.0 (Windows NT 10.0; WOW64) AppleWebKit/537.36 (KHTML, like Gecko) Chrome/87.0.4280.141 Safari/537.36',
  'authorization' => 'eyJ0eXAiOiJKV1QiLCJhbGciOiJIUzI1NiJ9.eyJpc3MiOiJodHRwOlwvXC93d3cud3VydXl1ZS5jb20iLCJhdWQiOiJodHRwOlwvXC93d3cud3VydXl1ZS5jb20iLCJpYXQiOjE2MTEwNjc5MDUsIm5iZiI6MTYxMTA2NzkwNSwiZXhwIjoxNjExMDY5MzQ1LCJkYXRhIjp7InVzZXJpZCI6MSwicHdkIjoiODIxYmYyMjM0YzQ2ZDgxMDM4ZDdkYzUyYTcwMDM5OGYifX0.49SlzJdqD76FEyyCrwpF7w39DN34fwVgIq3S2aHPxs8',
  'accept' => 'application/json, text/plain, */*',
  'content-length' => '0',
  'connection' => 'close',
  'host' => 'www.wuruyue.com',
)
[ info ] [ PARAM ] array (
)
[ info ] [ RUN ] app\index\controller\Home->getMenu[ D:\my web\tp5\app\index\controller\Home.php ]
[ info ] [ DB ] INIT mysql
[ info ] [ LOG ] INIT File
[ sql ] [ DB ] CONNECT:[ UseTime:0.001646s ] mysql:host=127.0.0.1;dbname=ours;charset=utf8
[ sql ] [ SQL ] SHOW COLUMNS FROM `t_m_menu` [ RunTime:0.034442s ]
[ sql ] [ SQL ] SELECT `m`.`menu_name`,`m`.`parent_menu_id`,`m`.`menu_link`,`m`.`menu_icon`,`m`.`menu_level`,`m`.`menu_id` FROM `t_m_menu` `m` RIGHT JOIN `t_m_rm` `rm` ON `m`.`menu_id`=`rm`.`menu_id` WHERE  `m`.`state` = 0  AND `rm`.`role_id` = '1' [ RunTime:0.002082s ]
---------------------------------------------------------------
[ 2021-01-19T23:34:00+08:00 ] 127.0.0.1 POST www.wuruyue.com/index/Home/getMenu
[运行时间：0.112340s] [吞吐率：8.90req/s] [内存消耗：2,532.99kb] [文件加载：45]
[ info ] [ LANG ] D:\my web\tp5\thinkphp\lang\zh-cn.php
[ info ] [ ROUTE ] array (
  'type' => 'module',
  'module' => 
  array (
    0 => 'index',
    1 => 'Home',
    2 => 'getMenu',
  ),
)
[ info ] [ HEADER ] array (
  'x-forwarded-host' => 'localhost:8080',
  'x-forwarded-proto' => 'http',
  'x-forwarded-port' => '8080',
  'x-forwarded-for' => '127.0.0.1',
  'accept-language' => 'zh-CN,zh;q=0.9,en;q=0.8',
  'accept-encoding' => 'gzip, deflate, br',
  'referer' => 'http://localhost:8080/myworld.html',
  'sec-fetch-dest' => 'empty',
  'sec-fetch-mode' => 'cors',
  'sec-fetch-site' => 'same-origin',
  'origin' => 'http://localhost:8080',
  'user-agent' => 'Mozilla/5.0 (Windows NT 10.0; WOW64) AppleWebKit/537.36 (KHTML, like Gecko) Chrome/87.0.4280.141 Safari/537.36',
  'authorization' => 'eyJ0eXAiOiJKV1QiLCJhbGciOiJIUzI1NiJ9.eyJpc3MiOiJodHRwOlwvXC93d3cud3VydXl1ZS5jb20iLCJhdWQiOiJodHRwOlwvXC93d3cud3VydXl1ZS5jb20iLCJpYXQiOjE2MTEwNjc5MDUsIm5iZiI6MTYxMTA2NzkwNSwiZXhwIjoxNjExMDY5MzQ1LCJkYXRhIjp7InVzZXJpZCI6MSwicHdkIjoiODIxYmYyMjM0YzQ2ZDgxMDM4ZDdkYzUyYTcwMDM5OGYifX0.49SlzJdqD76FEyyCrwpF7w39DN34fwVgIq3S2aHPxs8',
  'accept' => 'application/json, text/plain, */*',
  'content-length' => '0',
  'connection' => 'close',
  'host' => 'www.wuruyue.com',
)
[ info ] [ PARAM ] array (
)
[ info ] [ RUN ] app\index\controller\Home->getMenu[ D:\my web\tp5\app\index\controller\Home.php ]
[ info ] [ DB ] INIT mysql
[ info ] [ LOG ] INIT File
[ sql ] [ DB ] CONNECT:[ UseTime:0.001070s ] mysql:host=127.0.0.1;dbname=ours;charset=utf8
[ sql ] [ SQL ] SHOW COLUMNS FROM `t_m_menu` [ RunTime:0.035138s ]
[ sql ] [ SQL ] SELECT `m`.`menu_name`,`m`.`parent_menu_id`,`m`.`menu_link`,`m`.`menu_icon`,`m`.`menu_level`,`m`.`menu_id` FROM `t_m_menu` `m` RIGHT JOIN `t_m_rm` `rm` ON `m`.`menu_id`=`rm`.`menu_id` WHERE  `m`.`state` = 0  AND `rm`.`role_id` = '1' [ RunTime:0.000726s ]
