---------------------------------------------------------------
[ 2021-01-20T23:20:28+08:00 ] 127.0.0.1 GET www.wuruyue.com/index/Home/getMenu
[运行时间：3.637033s] [吞吐率：0.27req/s] [内存消耗：1,506.70kb] [文件加载：41]
[ info ] [ LANG ] D:\my web\tp5\thinkphp\lang\zh-cn.php
[ info ] [ ROUTE ] array (
  'type' => 'module',
  'module' => 
  array (
    0 => 'index',
    1 => 'Home',
    2 => 'getMenu',
  ),
)
[ info ] [ HEADER ] array (
  'host' => 'www.wuruyue.com',
  'connection' => 'keep-alive',
  'upgrade-insecure-requests' => '1',
  'user-agent' => 'Mozilla/5.0 (Windows NT 10.0; WOW64) AppleWebKit/537.36 (KHTML, like Gecko) Chrome/87.0.4280.141 Safari/537.36',
  'accept' => 'text/html,application/xhtml+xml,application/xml;q=0.9,image/avif,image/webp,image/apng,*/*;q=0.8,application/signed-exchange;v=b3;q=0.9',
  'accept-encoding' => 'gzip, deflate',
  'accept-language' => 'zh-CN,zh;q=0.9,en;q=0.8',
  'cookie' => 'thinkphp_show_page_trace=0|0; pgv_pvi=7353847808',
)
[ info ] [ PARAM ] array (
)
[ info ] [ LOG ] INIT File
[ error ] [0]Redis server went away[D:\my web\tp5\thinkphp\library\think\cache\driver\Redis.php:85]
---------------------------------------------------------------
[ 2021-01-20T23:21:05+08:00 ] 127.0.0.1 GET www.wuruyue.com/index/Home/getMenu
[运行时间：1.026933s] [吞吐率：0.97req/s] [内存消耗：2,526.55kb] [文件加载：45]
[ info ] [ LANG ] D:\my web\tp5\thinkphp\lang\zh-cn.php
[ info ] [ ROUTE ] array (
  'type' => 'module',
  'module' => 
  array (
    0 => 'index',
    1 => 'Home',
    2 => 'getMenu',
  ),
)
[ info ] [ HEADER ] array (
  'host' => 'www.wuruyue.com',
  'connection' => 'keep-alive',
  'cache-control' => 'max-age=0',
  'upgrade-insecure-requests' => '1',
  'user-agent' => 'Mozilla/5.0 (Windows NT 10.0; WOW64) AppleWebKit/537.36 (KHTML, like Gecko) Chrome/87.0.4280.141 Safari/537.36',
  'accept' => 'text/html,application/xhtml+xml,application/xml;q=0.9,image/avif,image/webp,image/apng,*/*;q=0.8,application/signed-exchange;v=b3;q=0.9',
  'accept-encoding' => 'gzip, deflate',
  'accept-language' => 'zh-CN,zh;q=0.9,en;q=0.8',
  'cookie' => 'thinkphp_show_page_trace=0|0; pgv_pvi=7353847808',
)
[ info ] [ PARAM ] array (
)
[ info ] [ RUN ] app\index\controller\Home->getMenu[ D:\my web\tp5\app\index\controller\Home.php ]
[ info ] [ DB ] INIT mysql
[ info ] [ LOG ] INIT File
[ sql ] [ DB ] CONNECT:[ UseTime:0.103342s ] mysql:host=127.0.0.1;dbname=ours;charset=utf8
[ sql ] [ SQL ] SHOW COLUMNS FROM `t_m_menu` [ RunTime:0.186293s ]
[ sql ] [ SQL ] SELECT `m`.`menu_name`,`m`.`parent_menu_id`,`m`.`menu_link`,`m`.`menu_icon`,`m`.`menu_level`,`m`.`menu_id` FROM `t_m_menu` `m` RIGHT JOIN `t_m_rm` `rm` ON `m`.`menu_id`=`rm`.`menu_id` WHERE  `m`.`state` = 0  AND `rm`.`role_id` = 0 [ RunTime:0.084115s ]
---------------------------------------------------------------
[ 2021-01-20T23:21:10+08:00 ] 127.0.0.1 POST www.wuruyue.com/index/Home/getMenu
[运行时间：0.265688s] [吞吐率：3.76req/s] [内存消耗：2,529.02kb] [文件加载：45]
[ info ] [ LANG ] D:\my web\tp5\thinkphp\lang\zh-cn.php
[ info ] [ ROUTE ] array (
  'type' => 'module',
  'module' => 
  array (
    0 => 'index',
    1 => 'Home',
    2 => 'getMenu',
  ),
)
[ info ] [ HEADER ] array (
  'x-forwarded-host' => 'localhost:8080',
  'x-forwarded-proto' => 'http',
  'x-forwarded-port' => '8080',
  'x-forwarded-for' => '127.0.0.1',
  'accept-language' => 'zh-CN,zh;q=0.9,en;q=0.8',
  'accept-encoding' => 'gzip, deflate, br',
  'referer' => 'http://localhost:8080/myworld.html',
  'sec-fetch-dest' => 'empty',
  'sec-fetch-mode' => 'cors',
  'sec-fetch-site' => 'same-origin',
  'origin' => 'http://localhost:8080',
  'user-agent' => 'Mozilla/5.0 (Windows NT 10.0; WOW64) AppleWebKit/537.36 (KHTML, like Gecko) Chrome/87.0.4280.141 Safari/537.36',
  'authorization' => 'eyJ0eXAiOiJKV1QiLCJhbGciOiJIUzI1NiJ9.eyJpc3MiOiJodHRwOlwvXC93d3cud3VydXl1ZS5jb20iLCJhdWQiOiJodHRwOlwvXC93d3cud3VydXl1ZS5jb20iLCJpYXQiOjE2MTEwNjc5MDUsIm5iZiI6MTYxMTA2NzkwNSwiZXhwIjoxNjExMDY5MzQ1LCJkYXRhIjp7InVzZXJpZCI6MSwicHdkIjoiODIxYmYyMjM0YzQ2ZDgxMDM4ZDdkYzUyYTcwMDM5OGYifX0.49SlzJdqD76FEyyCrwpF7w39DN34fwVgIq3S2aHPxs8',
  'accept' => 'application/json, text/plain, */*',
  'content-length' => '0',
  'connection' => 'close',
  'host' => 'www.wuruyue.com',
)
[ info ] [ PARAM ] array (
)
[ info ] [ RUN ] app\index\controller\Home->getMenu[ D:\my web\tp5\app\index\controller\Home.php ]
[ info ] [ DB ] INIT mysql
[ info ] [ LOG ] INIT File
[ sql ] [ DB ] CONNECT:[ UseTime:0.001077s ] mysql:host=127.0.0.1;dbname=ours;charset=utf8
[ sql ] [ SQL ] SHOW COLUMNS FROM `t_m_menu` [ RunTime:0.031378s ]
[ sql ] [ SQL ] SELECT `m`.`menu_name`,`m`.`parent_menu_id`,`m`.`menu_link`,`m`.`menu_icon`,`m`.`menu_level`,`m`.`menu_id` FROM `t_m_menu` `m` RIGHT JOIN `t_m_rm` `rm` ON `m`.`menu_id`=`rm`.`menu_id` WHERE  `m`.`state` = 0  AND `rm`.`role_id` = 0 [ RunTime:0.000615s ]
---------------------------------------------------------------
[ 2021-01-20T23:21:33+08:00 ] 127.0.0.1 POST www.wuruyue.com/index/Index/login
[运行时间：0.470381s] [吞吐率：2.13req/s] [内存消耗：2,609.51kb] [文件加载：45]
[ info ] [ LANG ] D:\my web\tp5\thinkphp\lang\zh-cn.php
[ info ] [ ROUTE ] array (
  'type' => 'module',
  'module' => 
  array (
    0 => 'index',
    1 => 'Index',
    2 => 'login',
  ),
)
[ info ] [ HEADER ] array (
  'x-forwarded-host' => 'localhost:8080',
  'x-forwarded-proto' => 'http',
  'x-forwarded-port' => '8080',
  'x-forwarded-for' => '127.0.0.1',
  'accept-language' => 'zh-CN,zh;q=0.9,en;q=0.8',
  'accept-encoding' => 'gzip, deflate, br',
  'referer' => 'http://localhost:8080/',
  'sec-fetch-dest' => 'empty',
  'sec-fetch-mode' => 'cors',
  'sec-fetch-site' => 'same-origin',
  'origin' => 'http://localhost:8080',
  'content-type' => 'application/json;charset=UTF-8',
  'user-agent' => 'Mozilla/5.0 (Windows NT 10.0; WOW64) AppleWebKit/537.36 (KHTML, like Gecko) Chrome/87.0.4280.141 Safari/537.36',
  'authorization' => 'eyJ0eXAiOiJKV1QiLCJhbGciOiJIUzI1NiJ9.eyJpc3MiOiJodHRwOlwvXC93d3cud3VydXl1ZS5jb20iLCJhdWQiOiJodHRwOlwvXC93d3cud3VydXl1ZS5jb20iLCJpYXQiOjE2MTEwNjc5MDUsIm5iZiI6MTYxMTA2NzkwNSwiZXhwIjoxNjExMDY5MzQ1LCJkYXRhIjp7InVzZXJpZCI6MSwicHdkIjoiODIxYmYyMjM0YzQ2ZDgxMDM4ZDdkYzUyYTcwMDM5OGYifX0.49SlzJdqD76FEyyCrwpF7w39DN34fwVgIq3S2aHPxs8',
  'accept' => 'application/json, text/plain, */*',
  'content-length' => '29',
  'connection' => 'close',
  'host' => 'www.wuruyue.com',
)
[ info ] [ PARAM ] array (
  'pwd' => 'myworldqwepoi!@#450',
)
[ info ] [ RUN ] app\index\controller\Index->login[ D:\my web\tp5\app\index\controller\Index.php ]
[ info ] [ DB ] INIT mysql
[ info ] [ LOG ] INIT File
[ sql ] [ DB ] CONNECT:[ UseTime:0.008968s ] mysql:host=127.0.0.1;dbname=ours;charset=utf8
[ sql ] [ SQL ] SHOW COLUMNS FROM `t_m_user` [ RunTime:0.084528s ]
[ sql ] [ SQL ] SELECT `user_id` FROM `t_m_user` WHERE  `password` = '821bf2234c46d81038d7dc52a700398f' LIMIT 1 [ RunTime:0.063652s ]
[ sql ] [ SQL ] SHOW COLUMNS FROM `t_m_ru` [ RunTime:0.075094s ]
[ sql ] [ SQL ] SELECT `role_id` FROM `t_m_ru` WHERE  `user_id` = 1 LIMIT 1 [ RunTime:0.000741s ]
---------------------------------------------------------------
[ 2021-01-20T23:21:34+08:00 ] 127.0.0.1 POST www.wuruyue.com/index/Home/getMenu
[运行时间：0.141132s] [吞吐率：7.09req/s] [内存消耗：2,532.99kb] [文件加载：45]
[ info ] [ LANG ] D:\my web\tp5\thinkphp\lang\zh-cn.php
[ info ] [ ROUTE ] array (
  'type' => 'module',
  'module' => 
  array (
    0 => 'index',
    1 => 'Home',
    2 => 'getMenu',
  ),
)
[ info ] [ HEADER ] array (
  'x-forwarded-host' => 'localhost:8080',
  'x-forwarded-proto' => 'http',
  'x-forwarded-port' => '8080',
  'x-forwarded-for' => '127.0.0.1',
  'accept-language' => 'zh-CN,zh;q=0.9,en;q=0.8',
  'accept-encoding' => 'gzip, deflate, br',
  'referer' => 'http://localhost:8080/myworld.html',
  'sec-fetch-dest' => 'empty',
  'sec-fetch-mode' => 'cors',
  'sec-fetch-site' => 'same-origin',
  'origin' => 'http://localhost:8080',
  'user-agent' => 'Mozilla/5.0 (Windows NT 10.0; WOW64) AppleWebKit/537.36 (KHTML, like Gecko) Chrome/87.0.4280.141 Safari/537.36',
  'authorization' => 'eyJ0eXAiOiJKV1QiLCJhbGciOiJIUzI1NiJ9.eyJpc3MiOiJodHRwOlwvXC93d3cud3VydXl1ZS5jb20iLCJhdWQiOiJodHRwOlwvXC93d3cud3VydXl1ZS5jb20iLCJpYXQiOjE2MTExNTYwOTMsIm5iZiI6MTYxMTE1NjA5MywiZXhwIjoxNjExMTU3NTMzLCJkYXRhIjp7InVzZXJpZCI6MSwicHdkIjoiODIxYmYyMjM0YzQ2ZDgxMDM4ZDdkYzUyYTcwMDM5OGYifX0.5vhbBGWlg2dIFoMWsGN2dlvT6XMM-Wzl6TX2J6j4MWU',
  'accept' => 'application/json, text/plain, */*',
  'content-length' => '0',
  'connection' => 'close',
  'host' => 'www.wuruyue.com',
)
[ info ] [ PARAM ] array (
)
[ info ] [ RUN ] app\index\controller\Home->getMenu[ D:\my web\tp5\app\index\controller\Home.php ]
[ info ] [ DB ] INIT mysql
[ info ] [ LOG ] INIT File
[ sql ] [ DB ] CONNECT:[ UseTime:0.001019s ] mysql:host=127.0.0.1;dbname=ours;charset=utf8
[ sql ] [ SQL ] SHOW COLUMNS FROM `t_m_menu` [ RunTime:0.037403s ]
[ sql ] [ SQL ] SELECT `m`.`menu_name`,`m`.`parent_menu_id`,`m`.`menu_link`,`m`.`menu_icon`,`m`.`menu_level`,`m`.`menu_id` FROM `t_m_menu` `m` RIGHT JOIN `t_m_rm` `rm` ON `m`.`menu_id`=`rm`.`menu_id` WHERE  `m`.`state` = 0  AND `rm`.`role_id` = '1' [ RunTime:0.050488s ]
---------------------------------------------------------------
[ 2021-01-20T23:23:02+08:00 ] 127.0.0.1 POST www.wuruyue.com/index/Home/getMenu
[运行时间：0.274575s] [吞吐率：3.64req/s] [内存消耗：2,532.99kb] [文件加载：45]
[ info ] [ LANG ] D:\my web\tp5\thinkphp\lang\zh-cn.php
[ info ] [ ROUTE ] array (
  'type' => 'module',
  'module' => 
  array (
    0 => 'index',
    1 => 'Home',
    2 => 'getMenu',
  ),
)
[ info ] [ HEADER ] array (
  'x-forwarded-host' => 'localhost:8080',
  'x-forwarded-proto' => 'http',
  'x-forwarded-port' => '8080',
  'x-forwarded-for' => '127.0.0.1',
  'accept-language' => 'zh-CN,zh;q=0.9,en;q=0.8',
  'accept-encoding' => 'gzip, deflate, br',
  'referer' => 'http://localhost:8080/myworld.html',
  'sec-fetch-dest' => 'empty',
  'sec-fetch-mode' => 'cors',
  'sec-fetch-site' => 'same-origin',
  'origin' => 'http://localhost:8080',
  'user-agent' => 'Mozilla/5.0 (Windows NT 10.0; WOW64) AppleWebKit/537.36 (KHTML, like Gecko) Chrome/87.0.4280.141 Safari/537.36',
  'authorization' => 'eyJ0eXAiOiJKV1QiLCJhbGciOiJIUzI1NiJ9.eyJpc3MiOiJodHRwOlwvXC93d3cud3VydXl1ZS5jb20iLCJhdWQiOiJodHRwOlwvXC93d3cud3VydXl1ZS5jb20iLCJpYXQiOjE2MTExNTYwOTMsIm5iZiI6MTYxMTE1NjA5MywiZXhwIjoxNjExMTU3NTMzLCJkYXRhIjp7InVzZXJpZCI6MSwicHdkIjoiODIxYmYyMjM0YzQ2ZDgxMDM4ZDdkYzUyYTcwMDM5OGYifX0.5vhbBGWlg2dIFoMWsGN2dlvT6XMM-Wzl6TX2J6j4MWU',
  'accept' => 'application/json, text/plain, */*',
  'content-length' => '0',
  'connection' => 'close',
  'host' => 'www.wuruyue.com',
)
[ info ] [ PARAM ] array (
)
[ info ] [ RUN ] app\index\controller\Home->getMenu[ D:\my web\tp5\app\index\controller\Home.php ]
[ info ] [ DB ] INIT mysql
[ info ] [ LOG ] INIT File
[ sql ] [ DB ] CONNECT:[ UseTime:0.001222s ] mysql:host=127.0.0.1;dbname=ours;charset=utf8
[ sql ] [ SQL ] SHOW COLUMNS FROM `t_m_menu` [ RunTime:0.028217s ]
[ sql ] [ SQL ] SELECT `m`.`menu_name`,`m`.`parent_menu_id`,`m`.`menu_link`,`m`.`menu_icon`,`m`.`menu_level`,`m`.`menu_id` FROM `t_m_menu` `m` RIGHT JOIN `t_m_rm` `rm` ON `m`.`menu_id`=`rm`.`menu_id` WHERE  `m`.`state` = 0  AND `rm`.`role_id` = '1' [ RunTime:0.000767s ]
---------------------------------------------------------------
[ 2021-01-20T23:23:09+08:00 ] 127.0.0.1 POST www.wuruyue.com/index/Home/getMenu
[运行时间：0.262426s] [吞吐率：3.81req/s] [内存消耗：2,532.99kb] [文件加载：45]
[ info ] [ LANG ] D:\my web\tp5\thinkphp\lang\zh-cn.php
[ info ] [ ROUTE ] array (
  'type' => 'module',
  'module' => 
  array (
    0 => 'index',
    1 => 'Home',
    2 => 'getMenu',
  ),
)
[ info ] [ HEADER ] array (
  'x-forwarded-host' => 'localhost:8080',
  'x-forwarded-proto' => 'http',
  'x-forwarded-port' => '8080',
  'x-forwarded-for' => '127.0.0.1',
  'accept-language' => 'zh-CN,zh;q=0.9,en;q=0.8',
  'accept-encoding' => 'gzip, deflate, br',
  'referer' => 'http://localhost:8080/myworld.html',
  'sec-fetch-dest' => 'empty',
  'sec-fetch-mode' => 'cors',
  'sec-fetch-site' => 'same-origin',
  'origin' => 'http://localhost:8080',
  'user-agent' => 'Mozilla/5.0 (Windows NT 10.0; WOW64) AppleWebKit/537.36 (KHTML, like Gecko) Chrome/87.0.4280.141 Safari/537.36',
  'authorization' => 'eyJ0eXAiOiJKV1QiLCJhbGciOiJIUzI1NiJ9.eyJpc3MiOiJodHRwOlwvXC93d3cud3VydXl1ZS5jb20iLCJhdWQiOiJodHRwOlwvXC93d3cud3VydXl1ZS5jb20iLCJpYXQiOjE2MTExNTYwOTMsIm5iZiI6MTYxMTE1NjA5MywiZXhwIjoxNjExMTU3NTMzLCJkYXRhIjp7InVzZXJpZCI6MSwicHdkIjoiODIxYmYyMjM0YzQ2ZDgxMDM4ZDdkYzUyYTcwMDM5OGYifX0.5vhbBGWlg2dIFoMWsGN2dlvT6XMM-Wzl6TX2J6j4MWU',
  'accept' => 'application/json, text/plain, */*',
  'content-length' => '0',
  'connection' => 'close',
  'host' => 'www.wuruyue.com',
)
[ info ] [ PARAM ] array (
)
[ info ] [ RUN ] app\index\controller\Home->getMenu[ D:\my web\tp5\app\index\controller\Home.php ]
[ info ] [ DB ] INIT mysql
[ info ] [ LOG ] INIT File
[ sql ] [ DB ] CONNECT:[ UseTime:0.011032s ] mysql:host=127.0.0.1;dbname=ours;charset=utf8
[ sql ] [ SQL ] SHOW COLUMNS FROM `t_m_menu` [ RunTime:0.027934s ]
[ sql ] [ SQL ] SELECT `m`.`menu_name`,`m`.`parent_menu_id`,`m`.`menu_link`,`m`.`menu_icon`,`m`.`menu_level`,`m`.`menu_id` FROM `t_m_menu` `m` RIGHT JOIN `t_m_rm` `rm` ON `m`.`menu_id`=`rm`.`menu_id` WHERE  `m`.`state` = 0  AND `rm`.`role_id` = '1' [ RunTime:0.000579s ]
---------------------------------------------------------------
[ 2021-01-20T23:24:21+08:00 ] 127.0.0.1 POST www.wuruyue.com/index/Index/login
[运行时间：0.856531s] [吞吐率：1.17req/s] [内存消耗：2,609.52kb] [文件加载：45]
[ info ] [ LANG ] D:\my web\tp5\thinkphp\lang\zh-cn.php
[ info ] [ ROUTE ] array (
  'type' => 'module',
  'module' => 
  array (
    0 => 'index',
    1 => 'Index',
    2 => 'login',
  ),
)
[ info ] [ HEADER ] array (
  'x-forwarded-host' => 'localhost:8080',
  'x-forwarded-proto' => 'http',
  'x-forwarded-port' => '8080',
  'x-forwarded-for' => '127.0.0.1',
  'accept-language' => 'zh-CN,zh;q=0.9,en;q=0.8',
  'accept-encoding' => 'gzip, deflate, br',
  'referer' => 'http://localhost:8080/',
  'sec-fetch-dest' => 'empty',
  'sec-fetch-mode' => 'cors',
  'sec-fetch-site' => 'same-origin',
  'origin' => 'http://localhost:8080',
  'content-type' => 'application/json;charset=UTF-8',
  'user-agent' => 'Mozilla/5.0 (Windows NT 10.0; WOW64) AppleWebKit/537.36 (KHTML, like Gecko) Chrome/87.0.4280.141 Safari/537.36',
  'authorization' => 'eyJ0eXAiOiJKV1QiLCJhbGciOiJIUzI1NiJ9.eyJpc3MiOiJodHRwOlwvXC93d3cud3VydXl1ZS5jb20iLCJhdWQiOiJodHRwOlwvXC93d3cud3VydXl1ZS5jb20iLCJpYXQiOjE2MTExNTYwOTMsIm5iZiI6MTYxMTE1NjA5MywiZXhwIjoxNjExMTU3NTMzLCJkYXRhIjp7InVzZXJpZCI6MSwicHdkIjoiODIxYmYyMjM0YzQ2ZDgxMDM4ZDdkYzUyYTcwMDM5OGYifX0.5vhbBGWlg2dIFoMWsGN2dlvT6XMM-Wzl6TX2J6j4MWU',
  'accept' => 'application/json, text/plain, */*',
  'content-length' => '29',
  'connection' => 'close',
  'host' => 'www.wuruyue.com',
)
[ info ] [ PARAM ] array (
  'pwd' => 'myworldqwepoi!@#450',
)
[ info ] [ RUN ] app\index\controller\Index->login[ D:\my web\tp5\app\index\controller\Index.php ]
[ info ] [ DB ] INIT mysql
[ info ] [ LOG ] INIT File
[ sql ] [ DB ] CONNECT:[ UseTime:0.101006s ] mysql:host=127.0.0.1;dbname=ours;charset=utf8
[ sql ] [ SQL ] SHOW COLUMNS FROM `t_m_user` [ RunTime:0.134832s ]
[ sql ] [ SQL ] SELECT `user_id` FROM `t_m_user` WHERE  `password` = '821bf2234c46d81038d7dc52a700398f' LIMIT 1 [ RunTime:0.024291s ]
[ sql ] [ SQL ] SHOW COLUMNS FROM `t_m_ru` [ RunTime:0.043094s ]
[ sql ] [ SQL ] SELECT `role_id` FROM `t_m_ru` WHERE  `user_id` = 1 LIMIT 1 [ RunTime:0.000555s ]
---------------------------------------------------------------
[ 2021-01-20T23:24:22+08:00 ] 127.0.0.1 POST www.wuruyue.com/index/Home/getMenu
[运行时间：0.212528s] [吞吐率：4.71req/s] [内存消耗：2,532.99kb] [文件加载：45]
[ info ] [ LANG ] D:\my web\tp5\thinkphp\lang\zh-cn.php
[ info ] [ ROUTE ] array (
  'type' => 'module',
  'module' => 
  array (
    0 => 'index',
    1 => 'Home',
    2 => 'getMenu',
  ),
)
[ info ] [ HEADER ] array (
  'x-forwarded-host' => 'localhost:8080',
  'x-forwarded-proto' => 'http',
  'x-forwarded-port' => '8080',
  'x-forwarded-for' => '127.0.0.1',
  'accept-language' => 'zh-CN,zh;q=0.9,en;q=0.8',
  'accept-encoding' => 'gzip, deflate, br',
  'referer' => 'http://localhost:8080/myworld.html',
  'sec-fetch-dest' => 'empty',
  'sec-fetch-mode' => 'cors',
  'sec-fetch-site' => 'same-origin',
  'origin' => 'http://localhost:8080',
  'user-agent' => 'Mozilla/5.0 (Windows NT 10.0; WOW64) AppleWebKit/537.36 (KHTML, like Gecko) Chrome/87.0.4280.141 Safari/537.36',
  'authorization' => 'eyJ0eXAiOiJKV1QiLCJhbGciOiJIUzI1NiJ9.eyJpc3MiOiJodHRwOlwvXC93d3cud3VydXl1ZS5jb20iLCJhdWQiOiJodHRwOlwvXC93d3cud3VydXl1ZS5jb20iLCJpYXQiOjE2MTExNTYyNjEsIm5iZiI6MTYxMTE1NjI2MSwiZXhwIjoxNjExMTU3NzAxLCJkYXRhIjp7InVzZXJpZCI6MSwicHdkIjoiODIxYmYyMjM0YzQ2ZDgxMDM4ZDdkYzUyYTcwMDM5OGYifX0.DmsPiFaWi7R6B38XWDWVSMP2alv8FfweOV9iAtClRrc',
  'accept' => 'application/json, text/plain, */*',
  'content-length' => '0',
  'connection' => 'close',
  'host' => 'www.wuruyue.com',
)
[ info ] [ PARAM ] array (
)
[ info ] [ RUN ] app\index\controller\Home->getMenu[ D:\my web\tp5\app\index\controller\Home.php ]
[ info ] [ DB ] INIT mysql
[ info ] [ LOG ] INIT File
[ sql ] [ DB ] CONNECT:[ UseTime:0.001103s ] mysql:host=127.0.0.1;dbname=ours;charset=utf8
[ sql ] [ SQL ] SHOW COLUMNS FROM `t_m_menu` [ RunTime:0.054961s ]
[ sql ] [ SQL ] SELECT `m`.`menu_name`,`m`.`parent_menu_id`,`m`.`menu_link`,`m`.`menu_icon`,`m`.`menu_level`,`m`.`menu_id` FROM `t_m_menu` `m` RIGHT JOIN `t_m_rm` `rm` ON `m`.`menu_id`=`rm`.`menu_id` WHERE  `m`.`state` = 0  AND `rm`.`role_id` = '1' [ RunTime:0.041944s ]
---------------------------------------------------------------
[ 2021-01-20T23:27:14+08:00 ] 127.0.0.1 POST www.wuruyue.com/index/Home/getMenu
[运行时间：1.216052s] [吞吐率：0.82req/s] [内存消耗：2,532.99kb] [文件加载：45]
[ info ] [ LANG ] D:\my web\tp5\thinkphp\lang\zh-cn.php
[ info ] [ ROUTE ] array (
  'type' => 'module',
  'module' => 
  array (
    0 => 'index',
    1 => 'Home',
    2 => 'getMenu',
  ),
)
[ info ] [ HEADER ] array (
  'x-forwarded-host' => 'localhost:8080',
  'x-forwarded-proto' => 'http',
  'x-forwarded-port' => '8080',
  'x-forwarded-for' => '127.0.0.1',
  'accept-language' => 'zh-CN,zh;q=0.9,en;q=0.8',
  'accept-encoding' => 'gzip, deflate, br',
  'referer' => 'http://localhost:8080/myworld.html',
  'sec-fetch-dest' => 'empty',
  'sec-fetch-mode' => 'cors',
  'sec-fetch-site' => 'same-origin',
  'origin' => 'http://localhost:8080',
  'user-agent' => 'Mozilla/5.0 (Windows NT 10.0; WOW64) AppleWebKit/537.36 (KHTML, like Gecko) Chrome/87.0.4280.141 Safari/537.36',
  'authorization' => 'eyJ0eXAiOiJKV1QiLCJhbGciOiJIUzI1NiJ9.eyJpc3MiOiJodHRwOlwvXC93d3cud3VydXl1ZS5jb20iLCJhdWQiOiJodHRwOlwvXC93d3cud3VydXl1ZS5jb20iLCJpYXQiOjE2MTExNTYyNjEsIm5iZiI6MTYxMTE1NjI2MSwiZXhwIjoxNjExMTU3NzAxLCJkYXRhIjp7InVzZXJpZCI6MSwicHdkIjoiODIxYmYyMjM0YzQ2ZDgxMDM4ZDdkYzUyYTcwMDM5OGYifX0.DmsPiFaWi7R6B38XWDWVSMP2alv8FfweOV9iAtClRrc',
  'accept' => 'application/json, text/plain, */*',
  'content-length' => '0',
  'connection' => 'close',
  'host' => 'www.wuruyue.com',
)
[ info ] [ PARAM ] array (
)
[ info ] [ RUN ] app\index\controller\Home->getMenu[ D:\my web\tp5\app\index\controller\Home.php ]
[ info ] [ DB ] INIT mysql
[ info ] [ LOG ] INIT File
[ sql ] [ DB ] CONNECT:[ UseTime:0.006743s ] mysql:host=127.0.0.1;dbname=ours;charset=utf8
[ sql ] [ SQL ] SHOW COLUMNS FROM `t_m_menu` [ RunTime:0.030507s ]
[ sql ] [ SQL ] SELECT `m`.`menu_name`,`m`.`parent_menu_id`,`m`.`menu_link`,`m`.`menu_icon`,`m`.`menu_level`,`m`.`menu_id` FROM `t_m_menu` `m` RIGHT JOIN `t_m_rm` `rm` ON `m`.`menu_id`=`rm`.`menu_id` WHERE  `m`.`state` = 0  AND `rm`.`role_id` = '1' [ RunTime:0.000603s ]
---------------------------------------------------------------
[ 2021-01-20T23:27:37+08:00 ] 127.0.0.1 POST www.wuruyue.com/index/Home/getMenu
[运行时间：0.098793s] [吞吐率：10.12req/s] [内存消耗：2,532.99kb] [文件加载：45]
[ info ] [ LANG ] D:\my web\tp5\thinkphp\lang\zh-cn.php
[ info ] [ ROUTE ] array (
  'type' => 'module',
  'module' => 
  array (
    0 => 'index',
    1 => 'Home',
    2 => 'getMenu',
  ),
)
[ info ] [ HEADER ] array (
  'x-forwarded-host' => 'localhost:8080',
  'x-forwarded-proto' => 'http',
  'x-forwarded-port' => '8080',
  'x-forwarded-for' => '127.0.0.1',
  'accept-language' => 'zh-CN,zh;q=0.9,en;q=0.8',
  'accept-encoding' => 'gzip, deflate, br',
  'referer' => 'http://localhost:8080/myworld.html',
  'sec-fetch-dest' => 'empty',
  'sec-fetch-mode' => 'cors',
  'sec-fetch-site' => 'same-origin',
  'origin' => 'http://localhost:8080',
  'user-agent' => 'Mozilla/5.0 (Windows NT 10.0; WOW64) AppleWebKit/537.36 (KHTML, like Gecko) Chrome/87.0.4280.141 Safari/537.36',
  'authorization' => 'eyJ0eXAiOiJKV1QiLCJhbGciOiJIUzI1NiJ9.eyJpc3MiOiJodHRwOlwvXC93d3cud3VydXl1ZS5jb20iLCJhdWQiOiJodHRwOlwvXC93d3cud3VydXl1ZS5jb20iLCJpYXQiOjE2MTExNTYyNjEsIm5iZiI6MTYxMTE1NjI2MSwiZXhwIjoxNjExMTU3NzAxLCJkYXRhIjp7InVzZXJpZCI6MSwicHdkIjoiODIxYmYyMjM0YzQ2ZDgxMDM4ZDdkYzUyYTcwMDM5OGYifX0.DmsPiFaWi7R6B38XWDWVSMP2alv8FfweOV9iAtClRrc',
  'accept' => 'application/json, text/plain, */*',
  'content-length' => '0',
  'connection' => 'close',
  'host' => 'www.wuruyue.com',
)
[ info ] [ PARAM ] array (
)
[ info ] [ RUN ] app\index\controller\Home->getMenu[ D:\my web\tp5\app\index\controller\Home.php ]
[ info ] [ DB ] INIT mysql
[ info ] [ LOG ] INIT File
[ sql ] [ DB ] CONNECT:[ UseTime:0.011659s ] mysql:host=127.0.0.1;dbname=ours;charset=utf8
[ sql ] [ SQL ] SHOW COLUMNS FROM `t_m_menu` [ RunTime:0.032587s ]
[ sql ] [ SQL ] SELECT `m`.`menu_name`,`m`.`parent_menu_id`,`m`.`menu_link`,`m`.`menu_icon`,`m`.`menu_level`,`m`.`menu_id` FROM `t_m_menu` `m` RIGHT JOIN `t_m_rm` `rm` ON `m`.`menu_id`=`rm`.`menu_id` WHERE  `m`.`state` = 0  AND `rm`.`role_id` = '1' [ RunTime:0.000778s ]
---------------------------------------------------------------
[ 2021-01-20T23:27:46+08:00 ] 127.0.0.1 POST www.wuruyue.com/index/Home/getMenu
[运行时间：0.101245s] [吞吐率：9.88req/s] [内存消耗：2,532.99kb] [文件加载：45]
[ info ] [ LANG ] D:\my web\tp5\thinkphp\lang\zh-cn.php
[ info ] [ ROUTE ] array (
  'type' => 'module',
  'module' => 
  array (
    0 => 'index',
    1 => 'Home',
    2 => 'getMenu',
  ),
)
[ info ] [ HEADER ] array (
  'x-forwarded-host' => 'localhost:8080',
  'x-forwarded-proto' => 'http',
  'x-forwarded-port' => '8080',
  'x-forwarded-for' => '127.0.0.1',
  'accept-language' => 'zh-CN,zh;q=0.9,en;q=0.8',
  'accept-encoding' => 'gzip, deflate, br',
  'referer' => 'http://localhost:8080/myworld.html',
  'sec-fetch-dest' => 'empty',
  'sec-fetch-mode' => 'cors',
  'sec-fetch-site' => 'same-origin',
  'origin' => 'http://localhost:8080',
  'user-agent' => 'Mozilla/5.0 (Windows NT 10.0; WOW64) AppleWebKit/537.36 (KHTML, like Gecko) Chrome/87.0.4280.141 Safari/537.36',
  'authorization' => 'eyJ0eXAiOiJKV1QiLCJhbGciOiJIUzI1NiJ9.eyJpc3MiOiJodHRwOlwvXC93d3cud3VydXl1ZS5jb20iLCJhdWQiOiJodHRwOlwvXC93d3cud3VydXl1ZS5jb20iLCJpYXQiOjE2MTExNTYyNjEsIm5iZiI6MTYxMTE1NjI2MSwiZXhwIjoxNjExMTU3NzAxLCJkYXRhIjp7InVzZXJpZCI6MSwicHdkIjoiODIxYmYyMjM0YzQ2ZDgxMDM4ZDdkYzUyYTcwMDM5OGYifX0.DmsPiFaWi7R6B38XWDWVSMP2alv8FfweOV9iAtClRrc',
  'accept' => 'application/json, text/plain, */*',
  'content-length' => '0',
  'connection' => 'close',
  'host' => 'www.wuruyue.com',
)
[ info ] [ PARAM ] array (
)
[ info ] [ RUN ] app\index\controller\Home->getMenu[ D:\my web\tp5\app\index\controller\Home.php ]
[ info ] [ DB ] INIT mysql
[ info ] [ LOG ] INIT File
[ sql ] [ DB ] CONNECT:[ UseTime:0.001346s ] mysql:host=127.0.0.1;dbname=ours;charset=utf8
[ sql ] [ SQL ] SHOW COLUMNS FROM `t_m_menu` [ RunTime:0.034169s ]
[ sql ] [ SQL ] SELECT `m`.`menu_name`,`m`.`parent_menu_id`,`m`.`menu_link`,`m`.`menu_icon`,`m`.`menu_level`,`m`.`menu_id` FROM `t_m_menu` `m` RIGHT JOIN `t_m_rm` `rm` ON `m`.`menu_id`=`rm`.`menu_id` WHERE  `m`.`state` = 0  AND `rm`.`role_id` = '1' [ RunTime:0.000758s ]
---------------------------------------------------------------
[ 2021-01-20T23:27:55+08:00 ] 127.0.0.1 POST www.wuruyue.com/index/Home/getMenu
[运行时间：0.095262s] [吞吐率：10.50req/s] [内存消耗：2,532.99kb] [文件加载：45]
[ info ] [ LANG ] D:\my web\tp5\thinkphp\lang\zh-cn.php
[ info ] [ ROUTE ] array (
  'type' => 'module',
  'module' => 
  array (
    0 => 'index',
    1 => 'Home',
    2 => 'getMenu',
  ),
)
[ info ] [ HEADER ] array (
  'x-forwarded-host' => 'localhost:8080',
  'x-forwarded-proto' => 'http',
  'x-forwarded-port' => '8080',
  'x-forwarded-for' => '127.0.0.1',
  'accept-language' => 'zh-CN,zh;q=0.9,en;q=0.8',
  'accept-encoding' => 'gzip, deflate, br',
  'referer' => 'http://localhost:8080/myworld.html',
  'sec-fetch-dest' => 'empty',
  'sec-fetch-mode' => 'cors',
  'sec-fetch-site' => 'same-origin',
  'origin' => 'http://localhost:8080',
  'user-agent' => 'Mozilla/5.0 (Windows NT 10.0; WOW64) AppleWebKit/537.36 (KHTML, like Gecko) Chrome/87.0.4280.141 Safari/537.36',
  'authorization' => 'eyJ0eXAiOiJKV1QiLCJhbGciOiJIUzI1NiJ9.eyJpc3MiOiJodHRwOlwvXC93d3cud3VydXl1ZS5jb20iLCJhdWQiOiJodHRwOlwvXC93d3cud3VydXl1ZS5jb20iLCJpYXQiOjE2MTExNTYyNjEsIm5iZiI6MTYxMTE1NjI2MSwiZXhwIjoxNjExMTU3NzAxLCJkYXRhIjp7InVzZXJpZCI6MSwicHdkIjoiODIxYmYyMjM0YzQ2ZDgxMDM4ZDdkYzUyYTcwMDM5OGYifX0.DmsPiFaWi7R6B38XWDWVSMP2alv8FfweOV9iAtClRrc',
  'accept' => 'application/json, text/plain, */*',
  'content-length' => '0',
  'connection' => 'close',
  'host' => 'www.wuruyue.com',
)
[ info ] [ PARAM ] array (
)
[ info ] [ RUN ] app\index\controller\Home->getMenu[ D:\my web\tp5\app\index\controller\Home.php ]
[ info ] [ DB ] INIT mysql
[ info ] [ LOG ] INIT File
[ sql ] [ DB ] CONNECT:[ UseTime:0.001783s ] mysql:host=127.0.0.1;dbname=ours;charset=utf8
[ sql ] [ SQL ] SHOW COLUMNS FROM `t_m_menu` [ RunTime:0.039936s ]
[ sql ] [ SQL ] SELECT `m`.`menu_name`,`m`.`parent_menu_id`,`m`.`menu_link`,`m`.`menu_icon`,`m`.`menu_level`,`m`.`menu_id` FROM `t_m_menu` `m` RIGHT JOIN `t_m_rm` `rm` ON `m`.`menu_id`=`rm`.`menu_id` WHERE  `m`.`state` = 0  AND `rm`.`role_id` = '1' [ RunTime:0.000954s ]
