---------------------------------------------------------------
[ 2021-02-10T22:49:51+08:00 ] 127.0.0.1 GET www.wuruyue.com/index/Home/getChildMenu?pid=2
[运行时间：2.321262s] [吞吐率：0.43req/s] [内存消耗：2,531.82kb] [文件加载：45]
[ info ] [ LANG ] D:\my web\tp5\thinkphp\lang\zh-cn.php
[ info ] [ ROUTE ] array (
  'type' => 'module',
  'module' => 
  array (
    0 => 'index',
    1 => 'Home',
    2 => 'getChildMenu',
  ),
)
[ info ] [ HEADER ] array (
  'host' => 'www.wuruyue.com',
  'connection' => 'keep-alive',
  'cache-control' => 'max-age=0',
  'upgrade-insecure-requests' => '1',
  'user-agent' => 'Mozilla/5.0 (Windows NT 10.0; WOW64) AppleWebKit/537.36 (KHTML, like Gecko) Chrome/87.0.4280.141 Safari/537.36',
  'accept' => 'text/html,application/xhtml+xml,application/xml;q=0.9,image/avif,image/webp,image/apng,*/*;q=0.8,application/signed-exchange;v=b3;q=0.9',
  'accept-encoding' => 'gzip, deflate',
  'accept-language' => 'zh-CN,zh;q=0.9,en;q=0.8',
  'cookie' => 'thinkphp_show_page_trace=0|0; pgv_pvi=7353847808; thinkphp_show_page_trace=0|0',
)
[ info ] [ PARAM ] array (
  'pid' => '2',
)
[ info ] [ RUN ] app\index\controller\Home->getChildMenu[ D:\my web\tp5\app\index\controller\Home.php ]
[ info ] [ DB ] INIT mysql
[ info ] [ LOG ] INIT File
[ sql ] [ DB ] CONNECT:[ UseTime:0.156885s ] mysql:host=127.0.0.1;dbname=ours;charset=utf8
[ sql ] [ SQL ] SHOW COLUMNS FROM `t_m_menu` [ RunTime:0.346689s ]
[ sql ] [ SQL ] SELECT `m`.`menu_name`,`m`.`parent_menu_id`,`m`.`menu_link`,`m`.`menu_icon`,`m`.`menu_level`,`m`.`menu_id` FROM `t_m_menu` `m` RIGHT JOIN `t_m_rm` `rm` ON `m`.`menu_id`=`rm`.`menu_id` WHERE  `m`.`state` = 0  AND `rm`.`role_id` = 0 [ RunTime:0.068822s ]
---------------------------------------------------------------
[ 2021-02-10T22:50:19+08:00 ] 127.0.0.1 POST www.wuruyue.com/index/Index/login
[运行时间：0.475405s] [吞吐率：2.10req/s] [内存消耗：2,609.51kb] [文件加载：45]
[ info ] [ LANG ] D:\my web\tp5\thinkphp\lang\zh-cn.php
[ info ] [ ROUTE ] array (
  'type' => 'module',
  'module' => 
  array (
    0 => 'index',
    1 => 'Index',
    2 => 'login',
  ),
)
[ info ] [ HEADER ] array (
  'x-forwarded-host' => 'localhost:8080',
  'x-forwarded-proto' => 'http',
  'x-forwarded-port' => '8080',
  'x-forwarded-for' => '127.0.0.1',
  'accept-language' => 'zh-CN,zh;q=0.9,en;q=0.8',
  'accept-encoding' => 'gzip, deflate, br',
  'referer' => 'http://localhost:8080/',
  'sec-fetch-dest' => 'empty',
  'sec-fetch-mode' => 'cors',
  'sec-fetch-site' => 'same-origin',
  'origin' => 'http://localhost:8080',
  'content-type' => 'application/json;charset=UTF-8',
  'user-agent' => 'Mozilla/5.0 (Windows NT 10.0; WOW64) AppleWebKit/537.36 (KHTML, like Gecko) Chrome/87.0.4280.141 Safari/537.36',
  'authorization' => 'eyJ0eXAiOiJKV1QiLCJhbGciOiJIUzI1NiJ9.eyJpc3MiOiJodHRwOlwvXC93d3cud3VydXl1ZS5jb20iLCJhdWQiOiJodHRwOlwvXC93d3cud3VydXl1ZS5jb20iLCJpYXQiOjE2MTI1OTY4OTIsIm5iZiI6MTYxMjU5Njg5MiwiZXhwIjoxNjEyNTk4MzMyLCJkYXRhIjp7InVzZXJpZCI6MSwicHdkIjoiODIxYmYyMjM0YzQ2ZDgxMDM4ZDdkYzUyYTcwMDM5OGYifX0.ECh4t-fbyfI0BqvTmZTmJCOyHVidYY6MvHFtBPaI54I',
  'accept' => 'application/json, text/plain, */*',
  'content-length' => '29',
  'connection' => 'close',
  'host' => 'www.wuruyue.com',
)
[ info ] [ PARAM ] array (
  'pwd' => 'myworldqwepoi!@#450',
)
[ info ] [ RUN ] app\index\controller\Index->login[ D:\my web\tp5\app\index\controller\Index.php ]
[ info ] [ DB ] INIT mysql
[ info ] [ LOG ] INIT File
[ sql ] [ DB ] CONNECT:[ UseTime:0.000678s ] mysql:host=127.0.0.1;dbname=ours;charset=utf8
[ sql ] [ SQL ] SHOW COLUMNS FROM `t_m_user` [ RunTime:0.055767s ]
[ sql ] [ SQL ] SELECT `user_id` FROM `t_m_user` WHERE  `password` = '821bf2234c46d81038d7dc52a700398f' LIMIT 1 [ RunTime:0.073860s ]
[ sql ] [ SQL ] SHOW COLUMNS FROM `t_m_ru` [ RunTime:0.061669s ]
[ sql ] [ SQL ] SELECT `role_id` FROM `t_m_ru` WHERE  `user_id` = 1 LIMIT 1 [ RunTime:0.000801s ]
---------------------------------------------------------------
[ 2021-02-10T22:50:20+08:00 ] 127.0.0.1 POST www.wuruyue.com/index/Home/getChildMenu
[运行时间：0.186931s] [吞吐率：5.35req/s] [内存消耗：2,540.70kb] [文件加载：45]
[ info ] [ LANG ] D:\my web\tp5\thinkphp\lang\zh-cn.php
[ info ] [ ROUTE ] array (
  'type' => 'module',
  'module' => 
  array (
    0 => 'index',
    1 => 'Home',
    2 => 'getChildMenu',
  ),
)
[ info ] [ HEADER ] array (
  'x-forwarded-host' => 'localhost:8080',
  'x-forwarded-proto' => 'http',
  'x-forwarded-port' => '8080',
  'x-forwarded-for' => '127.0.0.1',
  'accept-language' => 'zh-CN,zh;q=0.9,en;q=0.8',
  'accept-encoding' => 'gzip, deflate, br',
  'referer' => 'http://localhost:8080/myworld.html',
  'sec-fetch-dest' => 'empty',
  'sec-fetch-mode' => 'cors',
  'sec-fetch-site' => 'same-origin',
  'origin' => 'http://localhost:8080',
  'content-type' => 'application/json;charset=UTF-8',
  'user-agent' => 'Mozilla/5.0 (Windows NT 10.0; WOW64) AppleWebKit/537.36 (KHTML, like Gecko) Chrome/87.0.4280.141 Safari/537.36',
  'authorization' => 'eyJ0eXAiOiJKV1QiLCJhbGciOiJIUzI1NiJ9.eyJpc3MiOiJodHRwOlwvXC93d3cud3VydXl1ZS5jb20iLCJhdWQiOiJodHRwOlwvXC93d3cud3VydXl1ZS5jb20iLCJpYXQiOjE2MTI5Njg2MTksIm5iZiI6MTYxMjk2ODYxOSwiZXhwIjoxNjEyOTcwMDU5LCJkYXRhIjp7InVzZXJpZCI6MSwicHdkIjoiODIxYmYyMjM0YzQ2ZDgxMDM4ZDdkYzUyYTcwMDM5OGYifX0.3l4dl9o4YWyfNlnH8esBAehc8GioOf7ImsOJZ9JT7C8',
  'accept' => 'application/json, text/plain, */*',
  'content-length' => '9',
  'connection' => 'close',
  'host' => 'www.wuruyue.com',
)
[ info ] [ PARAM ] array (
  'pid' => 1,
)
[ info ] [ RUN ] app\index\controller\Home->getChildMenu[ D:\my web\tp5\app\index\controller\Home.php ]
[ info ] [ DB ] INIT mysql
[ info ] [ LOG ] INIT File
[ sql ] [ DB ] CONNECT:[ UseTime:0.010808s ] mysql:host=127.0.0.1;dbname=ours;charset=utf8
[ sql ] [ SQL ] SHOW COLUMNS FROM `t_m_menu` [ RunTime:0.040382s ]
[ sql ] [ SQL ] SELECT `m`.`menu_name`,`m`.`parent_menu_id`,`m`.`menu_link`,`m`.`menu_icon`,`m`.`menu_level`,`m`.`menu_id` FROM `t_m_menu` `m` RIGHT JOIN `t_m_rm` `rm` ON `m`.`menu_id`=`rm`.`menu_id` WHERE  `m`.`state` = 0  AND `rm`.`role_id` = '1' [ RunTime:0.024951s ]
---------------------------------------------------------------
[ 2021-02-10T22:50:22+08:00 ] 127.0.0.1 POST www.wuruyue.com/index/Home/getChildMenu
[运行时间：0.106010s] [吞吐率：9.43req/s] [内存消耗：2,540.73kb] [文件加载：45]
[ info ] [ LANG ] D:\my web\tp5\thinkphp\lang\zh-cn.php
[ info ] [ ROUTE ] array (
  'type' => 'module',
  'module' => 
  array (
    0 => 'index',
    1 => 'Home',
    2 => 'getChildMenu',
  ),
)
[ info ] [ HEADER ] array (
  'x-forwarded-host' => 'localhost:8080',
  'x-forwarded-proto' => 'http',
  'x-forwarded-port' => '8080',
  'x-forwarded-for' => '127.0.0.1',
  'accept-language' => 'zh-CN,zh;q=0.9,en;q=0.8',
  'accept-encoding' => 'gzip, deflate, br',
  'referer' => 'http://localhost:8080/myworld.html',
  'sec-fetch-dest' => 'empty',
  'sec-fetch-mode' => 'cors',
  'sec-fetch-site' => 'same-origin',
  'origin' => 'http://localhost:8080',
  'content-type' => 'application/json;charset=UTF-8',
  'user-agent' => 'Mozilla/5.0 (Windows NT 10.0; WOW64) AppleWebKit/537.36 (KHTML, like Gecko) Chrome/87.0.4280.141 Safari/537.36',
  'authorization' => 'eyJ0eXAiOiJKV1QiLCJhbGciOiJIUzI1NiJ9.eyJpc3MiOiJodHRwOlwvXC93d3cud3VydXl1ZS5jb20iLCJhdWQiOiJodHRwOlwvXC93d3cud3VydXl1ZS5jb20iLCJpYXQiOjE2MTI5Njg2MTksIm5iZiI6MTYxMjk2ODYxOSwiZXhwIjoxNjEyOTcwMDU5LCJkYXRhIjp7InVzZXJpZCI6MSwicHdkIjoiODIxYmYyMjM0YzQ2ZDgxMDM4ZDdkYzUyYTcwMDM5OGYifX0.3l4dl9o4YWyfNlnH8esBAehc8GioOf7ImsOJZ9JT7C8',
  'accept' => 'application/json, text/plain, */*',
  'content-length' => '9',
  'connection' => 'close',
  'host' => 'www.wuruyue.com',
)
[ info ] [ PARAM ] array (
  'pid' => 2,
)
[ info ] [ RUN ] app\index\controller\Home->getChildMenu[ D:\my web\tp5\app\index\controller\Home.php ]
[ info ] [ DB ] INIT mysql
[ info ] [ LOG ] INIT File
[ sql ] [ DB ] CONNECT:[ UseTime:0.001034s ] mysql:host=127.0.0.1;dbname=ours;charset=utf8
[ sql ] [ SQL ] SHOW COLUMNS FROM `t_m_menu` [ RunTime:0.028521s ]
[ sql ] [ SQL ] SELECT `m`.`menu_name`,`m`.`parent_menu_id`,`m`.`menu_link`,`m`.`menu_icon`,`m`.`menu_level`,`m`.`menu_id` FROM `t_m_menu` `m` RIGHT JOIN `t_m_rm` `rm` ON `m`.`menu_id`=`rm`.`menu_id` WHERE  `m`.`state` = 0  AND `rm`.`role_id` = '1' [ RunTime:0.000974s ]
---------------------------------------------------------------
[ 2021-02-10T22:50:23+08:00 ] 127.0.0.1 POST www.wuruyue.com/index/Home/getChildMenu
[运行时间：0.108065s] [吞吐率：9.25req/s] [内存消耗：2,540.75kb] [文件加载：45]
[ info ] [ LANG ] D:\my web\tp5\thinkphp\lang\zh-cn.php
[ info ] [ ROUTE ] array (
  'type' => 'module',
  'module' => 
  array (
    0 => 'index',
    1 => 'Home',
    2 => 'getChildMenu',
  ),
)
[ info ] [ HEADER ] array (
  'x-forwarded-host' => 'localhost:8080',
  'x-forwarded-proto' => 'http',
  'x-forwarded-port' => '8080',
  'x-forwarded-for' => '127.0.0.1',
  'accept-language' => 'zh-CN,zh;q=0.9,en;q=0.8',
  'accept-encoding' => 'gzip, deflate, br',
  'referer' => 'http://localhost:8080/myworld.html',
  'sec-fetch-dest' => 'empty',
  'sec-fetch-mode' => 'cors',
  'sec-fetch-site' => 'same-origin',
  'origin' => 'http://localhost:8080',
  'content-type' => 'application/json;charset=UTF-8',
  'user-agent' => 'Mozilla/5.0 (Windows NT 10.0; WOW64) AppleWebKit/537.36 (KHTML, like Gecko) Chrome/87.0.4280.141 Safari/537.36',
  'authorization' => 'eyJ0eXAiOiJKV1QiLCJhbGciOiJIUzI1NiJ9.eyJpc3MiOiJodHRwOlwvXC93d3cud3VydXl1ZS5jb20iLCJhdWQiOiJodHRwOlwvXC93d3cud3VydXl1ZS5jb20iLCJpYXQiOjE2MTI5Njg2MTksIm5iZiI6MTYxMjk2ODYxOSwiZXhwIjoxNjEyOTcwMDU5LCJkYXRhIjp7InVzZXJpZCI6MSwicHdkIjoiODIxYmYyMjM0YzQ2ZDgxMDM4ZDdkYzUyYTcwMDM5OGYifX0.3l4dl9o4YWyfNlnH8esBAehc8GioOf7ImsOJZ9JT7C8',
  'accept' => 'application/json, text/plain, */*',
  'content-length' => '9',
  'connection' => 'close',
  'host' => 'www.wuruyue.com',
)
[ info ] [ PARAM ] array (
  'pid' => 3,
)
[ info ] [ RUN ] app\index\controller\Home->getChildMenu[ D:\my web\tp5\app\index\controller\Home.php ]
[ info ] [ DB ] INIT mysql
[ info ] [ LOG ] INIT File
[ sql ] [ DB ] CONNECT:[ UseTime:0.000856s ] mysql:host=127.0.0.1;dbname=ours;charset=utf8
[ sql ] [ SQL ] SHOW COLUMNS FROM `t_m_menu` [ RunTime:0.039043s ]
[ sql ] [ SQL ] SELECT `m`.`menu_name`,`m`.`parent_menu_id`,`m`.`menu_link`,`m`.`menu_icon`,`m`.`menu_level`,`m`.`menu_id` FROM `t_m_menu` `m` RIGHT JOIN `t_m_rm` `rm` ON `m`.`menu_id`=`rm`.`menu_id` WHERE  `m`.`state` = 0  AND `rm`.`role_id` = '1' [ RunTime:0.000720s ]
---------------------------------------------------------------
[ 2021-02-10T22:50:25+08:00 ] 127.0.0.1 POST www.wuruyue.com/index/Home/getChildMenu
[运行时间：0.098127s] [吞吐率：10.19req/s] [内存消耗：2,540.70kb] [文件加载：45]
[ info ] [ LANG ] D:\my web\tp5\thinkphp\lang\zh-cn.php
[ info ] [ ROUTE ] array (
  'type' => 'module',
  'module' => 
  array (
    0 => 'index',
    1 => 'Home',
    2 => 'getChildMenu',
  ),
)
[ info ] [ HEADER ] array (
  'x-forwarded-host' => 'localhost:8080',
  'x-forwarded-proto' => 'http',
  'x-forwarded-port' => '8080',
  'x-forwarded-for' => '127.0.0.1',
  'accept-language' => 'zh-CN,zh;q=0.9,en;q=0.8',
  'accept-encoding' => 'gzip, deflate, br',
  'referer' => 'http://localhost:8080/myworld.html',
  'sec-fetch-dest' => 'empty',
  'sec-fetch-mode' => 'cors',
  'sec-fetch-site' => 'same-origin',
  'origin' => 'http://localhost:8080',
  'content-type' => 'application/json;charset=UTF-8',
  'user-agent' => 'Mozilla/5.0 (Windows NT 10.0; WOW64) AppleWebKit/537.36 (KHTML, like Gecko) Chrome/87.0.4280.141 Safari/537.36',
  'authorization' => 'eyJ0eXAiOiJKV1QiLCJhbGciOiJIUzI1NiJ9.eyJpc3MiOiJodHRwOlwvXC93d3cud3VydXl1ZS5jb20iLCJhdWQiOiJodHRwOlwvXC93d3cud3VydXl1ZS5jb20iLCJpYXQiOjE2MTI5Njg2MTksIm5iZiI6MTYxMjk2ODYxOSwiZXhwIjoxNjEyOTcwMDU5LCJkYXRhIjp7InVzZXJpZCI6MSwicHdkIjoiODIxYmYyMjM0YzQ2ZDgxMDM4ZDdkYzUyYTcwMDM5OGYifX0.3l4dl9o4YWyfNlnH8esBAehc8GioOf7ImsOJZ9JT7C8',
  'accept' => 'application/json, text/plain, */*',
  'content-length' => '9',
  'connection' => 'close',
  'host' => 'www.wuruyue.com',
)
[ info ] [ PARAM ] array (
  'pid' => 1,
)
[ info ] [ RUN ] app\index\controller\Home->getChildMenu[ D:\my web\tp5\app\index\controller\Home.php ]
[ info ] [ DB ] INIT mysql
[ info ] [ LOG ] INIT File
[ sql ] [ DB ] CONNECT:[ UseTime:0.001240s ] mysql:host=127.0.0.1;dbname=ours;charset=utf8
[ sql ] [ SQL ] SHOW COLUMNS FROM `t_m_menu` [ RunTime:0.033534s ]
[ sql ] [ SQL ] SELECT `m`.`menu_name`,`m`.`parent_menu_id`,`m`.`menu_link`,`m`.`menu_icon`,`m`.`menu_level`,`m`.`menu_id` FROM `t_m_menu` `m` RIGHT JOIN `t_m_rm` `rm` ON `m`.`menu_id`=`rm`.`menu_id` WHERE  `m`.`state` = 0  AND `rm`.`role_id` = '1' [ RunTime:0.001123s ]
---------------------------------------------------------------
[ 2021-02-10T22:51:32+08:00 ] 127.0.0.1 POST www.wuruyue.com/index/Home/getChildMenu
[运行时间：0.345238s] [吞吐率：2.90req/s] [内存消耗：2,540.73kb] [文件加载：45]
[ info ] [ LANG ] D:\my web\tp5\thinkphp\lang\zh-cn.php
[ info ] [ ROUTE ] array (
  'type' => 'module',
  'module' => 
  array (
    0 => 'index',
    1 => 'Home',
    2 => 'getChildMenu',
  ),
)
[ info ] [ HEADER ] array (
  'x-forwarded-host' => 'localhost:8080',
  'x-forwarded-proto' => 'http',
  'x-forwarded-port' => '8080',
  'x-forwarded-for' => '127.0.0.1',
  'accept-language' => 'zh-CN,zh;q=0.9,en;q=0.8',
  'accept-encoding' => 'gzip, deflate, br',
  'referer' => 'http://localhost:8080/myworld.html',
  'sec-fetch-dest' => 'empty',
  'sec-fetch-mode' => 'cors',
  'sec-fetch-site' => 'same-origin',
  'origin' => 'http://localhost:8080',
  'content-type' => 'application/json;charset=UTF-8',
  'user-agent' => 'Mozilla/5.0 (Windows NT 10.0; WOW64) AppleWebKit/537.36 (KHTML, like Gecko) Chrome/87.0.4280.141 Safari/537.36',
  'authorization' => 'eyJ0eXAiOiJKV1QiLCJhbGciOiJIUzI1NiJ9.eyJpc3MiOiJodHRwOlwvXC93d3cud3VydXl1ZS5jb20iLCJhdWQiOiJodHRwOlwvXC93d3cud3VydXl1ZS5jb20iLCJpYXQiOjE2MTI5Njg2MTksIm5iZiI6MTYxMjk2ODYxOSwiZXhwIjoxNjEyOTcwMDU5LCJkYXRhIjp7InVzZXJpZCI6MSwicHdkIjoiODIxYmYyMjM0YzQ2ZDgxMDM4ZDdkYzUyYTcwMDM5OGYifX0.3l4dl9o4YWyfNlnH8esBAehc8GioOf7ImsOJZ9JT7C8',
  'accept' => 'application/json, text/plain, */*',
  'content-length' => '9',
  'connection' => 'close',
  'host' => 'www.wuruyue.com',
)
[ info ] [ PARAM ] array (
  'pid' => 2,
)
[ info ] [ RUN ] app\index\controller\Home->getChildMenu[ D:\my web\tp5\app\index\controller\Home.php ]
[ info ] [ DB ] INIT mysql
[ info ] [ LOG ] INIT File
[ sql ] [ DB ] CONNECT:[ UseTime:0.001644s ] mysql:host=127.0.0.1;dbname=ours;charset=utf8
[ sql ] [ SQL ] SHOW COLUMNS FROM `t_m_menu` [ RunTime:0.043922s ]
[ sql ] [ SQL ] SELECT `m`.`menu_name`,`m`.`parent_menu_id`,`m`.`menu_link`,`m`.`menu_icon`,`m`.`menu_level`,`m`.`menu_id` FROM `t_m_menu` `m` RIGHT JOIN `t_m_rm` `rm` ON `m`.`menu_id`=`rm`.`menu_id` WHERE  `m`.`state` = 0  AND `rm`.`role_id` = '1' [ RunTime:0.002259s ]
---------------------------------------------------------------
[ 2021-02-10T22:51:34+08:00 ] 127.0.0.1 POST www.wuruyue.com/index/Home/getChildMenu
[运行时间：0.128283s] [吞吐率：7.80req/s] [内存消耗：2,540.75kb] [文件加载：45]
[ info ] [ LANG ] D:\my web\tp5\thinkphp\lang\zh-cn.php
[ info ] [ ROUTE ] array (
  'type' => 'module',
  'module' => 
  array (
    0 => 'index',
    1 => 'Home',
    2 => 'getChildMenu',
  ),
)
[ info ] [ HEADER ] array (
  'x-forwarded-host' => 'localhost:8080',
  'x-forwarded-proto' => 'http',
  'x-forwarded-port' => '8080',
  'x-forwarded-for' => '127.0.0.1',
  'accept-language' => 'zh-CN,zh;q=0.9,en;q=0.8',
  'accept-encoding' => 'gzip, deflate, br',
  'referer' => 'http://localhost:8080/myworld.html',
  'sec-fetch-dest' => 'empty',
  'sec-fetch-mode' => 'cors',
  'sec-fetch-site' => 'same-origin',
  'origin' => 'http://localhost:8080',
  'content-type' => 'application/json;charset=UTF-8',
  'user-agent' => 'Mozilla/5.0 (Windows NT 10.0; WOW64) AppleWebKit/537.36 (KHTML, like Gecko) Chrome/87.0.4280.141 Safari/537.36',
  'authorization' => 'eyJ0eXAiOiJKV1QiLCJhbGciOiJIUzI1NiJ9.eyJpc3MiOiJodHRwOlwvXC93d3cud3VydXl1ZS5jb20iLCJhdWQiOiJodHRwOlwvXC93d3cud3VydXl1ZS5jb20iLCJpYXQiOjE2MTI5Njg2MTksIm5iZiI6MTYxMjk2ODYxOSwiZXhwIjoxNjEyOTcwMDU5LCJkYXRhIjp7InVzZXJpZCI6MSwicHdkIjoiODIxYmYyMjM0YzQ2ZDgxMDM4ZDdkYzUyYTcwMDM5OGYifX0.3l4dl9o4YWyfNlnH8esBAehc8GioOf7ImsOJZ9JT7C8',
  'accept' => 'application/json, text/plain, */*',
  'content-length' => '9',
  'connection' => 'close',
  'host' => 'www.wuruyue.com',
)
[ info ] [ PARAM ] array (
  'pid' => 3,
)
[ info ] [ RUN ] app\index\controller\Home->getChildMenu[ D:\my web\tp5\app\index\controller\Home.php ]
[ info ] [ DB ] INIT mysql
[ info ] [ LOG ] INIT File
[ sql ] [ DB ] CONNECT:[ UseTime:0.011778s ] mysql:host=127.0.0.1;dbname=ours;charset=utf8
[ sql ] [ SQL ] SHOW COLUMNS FROM `t_m_menu` [ RunTime:0.033243s ]
[ sql ] [ SQL ] SELECT `m`.`menu_name`,`m`.`parent_menu_id`,`m`.`menu_link`,`m`.`menu_icon`,`m`.`menu_level`,`m`.`menu_id` FROM `t_m_menu` `m` RIGHT JOIN `t_m_rm` `rm` ON `m`.`menu_id`=`rm`.`menu_id` WHERE  `m`.`state` = 0  AND `rm`.`role_id` = '1' [ RunTime:0.000850s ]
---------------------------------------------------------------
[ 2021-02-10T22:52:22+08:00 ] 127.0.0.1 POST www.wuruyue.com/index/Home/getChildMenu
[运行时间：0.146218s] [吞吐率：6.84req/s] [内存消耗：2,540.70kb] [文件加载：45]
[ info ] [ LANG ] D:\my web\tp5\thinkphp\lang\zh-cn.php
[ info ] [ ROUTE ] array (
  'type' => 'module',
  'module' => 
  array (
    0 => 'index',
    1 => 'Home',
    2 => 'getChildMenu',
  ),
)
[ info ] [ HEADER ] array (
  'x-forwarded-host' => 'localhost:8080',
  'x-forwarded-proto' => 'http',
  'x-forwarded-port' => '8080',
  'x-forwarded-for' => '127.0.0.1',
  'accept-language' => 'zh-CN,zh;q=0.9,en;q=0.8',
  'accept-encoding' => 'gzip, deflate, br',
  'referer' => 'http://localhost:8080/myworld.html',
  'sec-fetch-dest' => 'empty',
  'sec-fetch-mode' => 'cors',
  'sec-fetch-site' => 'same-origin',
  'origin' => 'http://localhost:8080',
  'content-type' => 'application/json;charset=UTF-8',
  'user-agent' => 'Mozilla/5.0 (Windows NT 10.0; WOW64) AppleWebKit/537.36 (KHTML, like Gecko) Chrome/87.0.4280.141 Safari/537.36',
  'authorization' => 'eyJ0eXAiOiJKV1QiLCJhbGciOiJIUzI1NiJ9.eyJpc3MiOiJodHRwOlwvXC93d3cud3VydXl1ZS5jb20iLCJhdWQiOiJodHRwOlwvXC93d3cud3VydXl1ZS5jb20iLCJpYXQiOjE2MTI5Njg2MTksIm5iZiI6MTYxMjk2ODYxOSwiZXhwIjoxNjEyOTcwMDU5LCJkYXRhIjp7InVzZXJpZCI6MSwicHdkIjoiODIxYmYyMjM0YzQ2ZDgxMDM4ZDdkYzUyYTcwMDM5OGYifX0.3l4dl9o4YWyfNlnH8esBAehc8GioOf7ImsOJZ9JT7C8',
  'accept' => 'application/json, text/plain, */*',
  'content-length' => '9',
  'connection' => 'close',
  'host' => 'www.wuruyue.com',
)
[ info ] [ PARAM ] array (
  'pid' => 1,
)
[ info ] [ RUN ] app\index\controller\Home->getChildMenu[ D:\my web\tp5\app\index\controller\Home.php ]
[ info ] [ DB ] INIT mysql
[ info ] [ LOG ] INIT File
[ sql ] [ DB ] CONNECT:[ UseTime:0.011719s ] mysql:host=127.0.0.1;dbname=ours;charset=utf8
[ sql ] [ SQL ] SHOW COLUMNS FROM `t_m_menu` [ RunTime:0.042764s ]
[ sql ] [ SQL ] SELECT `m`.`menu_name`,`m`.`parent_menu_id`,`m`.`menu_link`,`m`.`menu_icon`,`m`.`menu_level`,`m`.`menu_id` FROM `t_m_menu` `m` RIGHT JOIN `t_m_rm` `rm` ON `m`.`menu_id`=`rm`.`menu_id` WHERE  `m`.`state` = 0  AND `rm`.`role_id` = '1' [ RunTime:0.001506s ]
---------------------------------------------------------------
[ 2021-02-10T22:53:29+08:00 ] 127.0.0.1 POST www.wuruyue.com/index/Home/getChildMenu
[运行时间：0.105436s] [吞吐率：9.48req/s] [内存消耗：2,540.75kb] [文件加载：45]
[ info ] [ LANG ] D:\my web\tp5\thinkphp\lang\zh-cn.php
[ info ] [ ROUTE ] array (
  'type' => 'module',
  'module' => 
  array (
    0 => 'index',
    1 => 'Home',
    2 => 'getChildMenu',
  ),
)
[ info ] [ HEADER ] array (
  'x-forwarded-host' => 'localhost:8080',
  'x-forwarded-proto' => 'http',
  'x-forwarded-port' => '8080',
  'x-forwarded-for' => '127.0.0.1',
  'accept-language' => 'zh-CN,zh;q=0.9,en;q=0.8',
  'accept-encoding' => 'gzip, deflate, br',
  'referer' => 'http://localhost:8080/myworld.html',
  'sec-fetch-dest' => 'empty',
  'sec-fetch-mode' => 'cors',
  'sec-fetch-site' => 'same-origin',
  'origin' => 'http://localhost:8080',
  'content-type' => 'application/json;charset=UTF-8',
  'user-agent' => 'Mozilla/5.0 (Windows NT 10.0; WOW64) AppleWebKit/537.36 (KHTML, like Gecko) Chrome/87.0.4280.141 Safari/537.36',
  'authorization' => 'eyJ0eXAiOiJKV1QiLCJhbGciOiJIUzI1NiJ9.eyJpc3MiOiJodHRwOlwvXC93d3cud3VydXl1ZS5jb20iLCJhdWQiOiJodHRwOlwvXC93d3cud3VydXl1ZS5jb20iLCJpYXQiOjE2MTI5Njg2MTksIm5iZiI6MTYxMjk2ODYxOSwiZXhwIjoxNjEyOTcwMDU5LCJkYXRhIjp7InVzZXJpZCI6MSwicHdkIjoiODIxYmYyMjM0YzQ2ZDgxMDM4ZDdkYzUyYTcwMDM5OGYifX0.3l4dl9o4YWyfNlnH8esBAehc8GioOf7ImsOJZ9JT7C8',
  'accept' => 'application/json, text/plain, */*',
  'content-length' => '9',
  'connection' => 'close',
  'host' => 'www.wuruyue.com',
)
[ info ] [ PARAM ] array (
  'pid' => 3,
)
[ info ] [ RUN ] app\index\controller\Home->getChildMenu[ D:\my web\tp5\app\index\controller\Home.php ]
[ info ] [ DB ] INIT mysql
[ info ] [ LOG ] INIT File
[ sql ] [ DB ] CONNECT:[ UseTime:0.000972s ] mysql:host=127.0.0.1;dbname=ours;charset=utf8
[ sql ] [ SQL ] SHOW COLUMNS FROM `t_m_menu` [ RunTime:0.028277s ]
[ sql ] [ SQL ] SELECT `m`.`menu_name`,`m`.`parent_menu_id`,`m`.`menu_link`,`m`.`menu_icon`,`m`.`menu_level`,`m`.`menu_id` FROM `t_m_menu` `m` RIGHT JOIN `t_m_rm` `rm` ON `m`.`menu_id`=`rm`.`menu_id` WHERE  `m`.`state` = 0  AND `rm`.`role_id` = '1' [ RunTime:0.000807s ]
---------------------------------------------------------------
[ 2021-02-10T22:53:30+08:00 ] 127.0.0.1 POST www.wuruyue.com/index/Home/getChildMenu
[运行时间：0.145319s] [吞吐率：6.88req/s] [内存消耗：2,540.70kb] [文件加载：45]
[ info ] [ LANG ] D:\my web\tp5\thinkphp\lang\zh-cn.php
[ info ] [ ROUTE ] array (
  'type' => 'module',
  'module' => 
  array (
    0 => 'index',
    1 => 'Home',
    2 => 'getChildMenu',
  ),
)
[ info ] [ HEADER ] array (
  'x-forwarded-host' => 'localhost:8080',
  'x-forwarded-proto' => 'http',
  'x-forwarded-port' => '8080',
  'x-forwarded-for' => '127.0.0.1',
  'accept-language' => 'zh-CN,zh;q=0.9,en;q=0.8',
  'accept-encoding' => 'gzip, deflate, br',
  'referer' => 'http://localhost:8080/myworld.html',
  'sec-fetch-dest' => 'empty',
  'sec-fetch-mode' => 'cors',
  'sec-fetch-site' => 'same-origin',
  'origin' => 'http://localhost:8080',
  'content-type' => 'application/json;charset=UTF-8',
  'user-agent' => 'Mozilla/5.0 (Windows NT 10.0; WOW64) AppleWebKit/537.36 (KHTML, like Gecko) Chrome/87.0.4280.141 Safari/537.36',
  'authorization' => 'eyJ0eXAiOiJKV1QiLCJhbGciOiJIUzI1NiJ9.eyJpc3MiOiJodHRwOlwvXC93d3cud3VydXl1ZS5jb20iLCJhdWQiOiJodHRwOlwvXC93d3cud3VydXl1ZS5jb20iLCJpYXQiOjE2MTI5Njg2MTksIm5iZiI6MTYxMjk2ODYxOSwiZXhwIjoxNjEyOTcwMDU5LCJkYXRhIjp7InVzZXJpZCI6MSwicHdkIjoiODIxYmYyMjM0YzQ2ZDgxMDM4ZDdkYzUyYTcwMDM5OGYifX0.3l4dl9o4YWyfNlnH8esBAehc8GioOf7ImsOJZ9JT7C8',
  'accept' => 'application/json, text/plain, */*',
  'content-length' => '9',
  'connection' => 'close',
  'host' => 'www.wuruyue.com',
)
[ info ] [ PARAM ] array (
  'pid' => 1,
)
[ info ] [ RUN ] app\index\controller\Home->getChildMenu[ D:\my web\tp5\app\index\controller\Home.php ]
[ info ] [ DB ] INIT mysql
[ info ] [ LOG ] INIT File
[ sql ] [ DB ] CONNECT:[ UseTime:0.001220s ] mysql:host=127.0.0.1;dbname=ours;charset=utf8
[ sql ] [ SQL ] SHOW COLUMNS FROM `t_m_menu` [ RunTime:0.045704s ]
[ sql ] [ SQL ] SELECT `m`.`menu_name`,`m`.`parent_menu_id`,`m`.`menu_link`,`m`.`menu_icon`,`m`.`menu_level`,`m`.`menu_id` FROM `t_m_menu` `m` RIGHT JOIN `t_m_rm` `rm` ON `m`.`menu_id`=`rm`.`menu_id` WHERE  `m`.`state` = 0  AND `rm`.`role_id` = '1' [ RunTime:0.001455s ]
---------------------------------------------------------------
[ 2021-02-10T22:53:33+08:00 ] 127.0.0.1 POST www.wuruyue.com/index/Home/getChildMenu
[运行时间：0.134055s] [吞吐率：7.46req/s] [内存消耗：2,540.73kb] [文件加载：45]
[ info ] [ LANG ] D:\my web\tp5\thinkphp\lang\zh-cn.php
[ info ] [ ROUTE ] array (
  'type' => 'module',
  'module' => 
  array (
    0 => 'index',
    1 => 'Home',
    2 => 'getChildMenu',
  ),
)
[ info ] [ HEADER ] array (
  'x-forwarded-host' => 'localhost:8080',
  'x-forwarded-proto' => 'http',
  'x-forwarded-port' => '8080',
  'x-forwarded-for' => '127.0.0.1',
  'accept-language' => 'zh-CN,zh;q=0.9,en;q=0.8',
  'accept-encoding' => 'gzip, deflate, br',
  'referer' => 'http://localhost:8080/myworld.html',
  'sec-fetch-dest' => 'empty',
  'sec-fetch-mode' => 'cors',
  'sec-fetch-site' => 'same-origin',
  'origin' => 'http://localhost:8080',
  'content-type' => 'application/json;charset=UTF-8',
  'user-agent' => 'Mozilla/5.0 (Windows NT 10.0; WOW64) AppleWebKit/537.36 (KHTML, like Gecko) Chrome/87.0.4280.141 Safari/537.36',
  'authorization' => 'eyJ0eXAiOiJKV1QiLCJhbGciOiJIUzI1NiJ9.eyJpc3MiOiJodHRwOlwvXC93d3cud3VydXl1ZS5jb20iLCJhdWQiOiJodHRwOlwvXC93d3cud3VydXl1ZS5jb20iLCJpYXQiOjE2MTI5Njg2MTksIm5iZiI6MTYxMjk2ODYxOSwiZXhwIjoxNjEyOTcwMDU5LCJkYXRhIjp7InVzZXJpZCI6MSwicHdkIjoiODIxYmYyMjM0YzQ2ZDgxMDM4ZDdkYzUyYTcwMDM5OGYifX0.3l4dl9o4YWyfNlnH8esBAehc8GioOf7ImsOJZ9JT7C8',
  'accept' => 'application/json, text/plain, */*',
  'content-length' => '9',
  'connection' => 'close',
  'host' => 'www.wuruyue.com',
)
[ info ] [ PARAM ] array (
  'pid' => 2,
)
[ info ] [ RUN ] app\index\controller\Home->getChildMenu[ D:\my web\tp5\app\index\controller\Home.php ]
[ info ] [ DB ] INIT mysql
[ info ] [ LOG ] INIT File
[ sql ] [ DB ] CONNECT:[ UseTime:0.001193s ] mysql:host=127.0.0.1;dbname=ours;charset=utf8
[ sql ] [ SQL ] SHOW COLUMNS FROM `t_m_menu` [ RunTime:0.047636s ]
[ sql ] [ SQL ] SELECT `m`.`menu_name`,`m`.`parent_menu_id`,`m`.`menu_link`,`m`.`menu_icon`,`m`.`menu_level`,`m`.`menu_id` FROM `t_m_menu` `m` RIGHT JOIN `t_m_rm` `rm` ON `m`.`menu_id`=`rm`.`menu_id` WHERE  `m`.`state` = 0  AND `rm`.`role_id` = '1' [ RunTime:0.001503s ]
---------------------------------------------------------------
[ 2021-02-10T22:53:38+08:00 ] 127.0.0.1 POST www.wuruyue.com/index/Home/getChildMenu
[运行时间：0.113382s] [吞吐率：8.82req/s] [内存消耗：2,540.75kb] [文件加载：45]
[ info ] [ LANG ] D:\my web\tp5\thinkphp\lang\zh-cn.php
[ info ] [ ROUTE ] array (
  'type' => 'module',
  'module' => 
  array (
    0 => 'index',
    1 => 'Home',
    2 => 'getChildMenu',
  ),
)
[ info ] [ HEADER ] array (
  'x-forwarded-host' => 'localhost:8080',
  'x-forwarded-proto' => 'http',
  'x-forwarded-port' => '8080',
  'x-forwarded-for' => '127.0.0.1',
  'accept-language' => 'zh-CN,zh;q=0.9,en;q=0.8',
  'accept-encoding' => 'gzip, deflate, br',
  'referer' => 'http://localhost:8080/myworld.html',
  'sec-fetch-dest' => 'empty',
  'sec-fetch-mode' => 'cors',
  'sec-fetch-site' => 'same-origin',
  'origin' => 'http://localhost:8080',
  'content-type' => 'application/json;charset=UTF-8',
  'user-agent' => 'Mozilla/5.0 (Windows NT 10.0; WOW64) AppleWebKit/537.36 (KHTML, like Gecko) Chrome/87.0.4280.141 Safari/537.36',
  'authorization' => 'eyJ0eXAiOiJKV1QiLCJhbGciOiJIUzI1NiJ9.eyJpc3MiOiJodHRwOlwvXC93d3cud3VydXl1ZS5jb20iLCJhdWQiOiJodHRwOlwvXC93d3cud3VydXl1ZS5jb20iLCJpYXQiOjE2MTI5Njg2MTksIm5iZiI6MTYxMjk2ODYxOSwiZXhwIjoxNjEyOTcwMDU5LCJkYXRhIjp7InVzZXJpZCI6MSwicHdkIjoiODIxYmYyMjM0YzQ2ZDgxMDM4ZDdkYzUyYTcwMDM5OGYifX0.3l4dl9o4YWyfNlnH8esBAehc8GioOf7ImsOJZ9JT7C8',
  'accept' => 'application/json, text/plain, */*',
  'content-length' => '9',
  'connection' => 'close',
  'host' => 'www.wuruyue.com',
)
[ info ] [ PARAM ] array (
  'pid' => 3,
)
[ info ] [ RUN ] app\index\controller\Home->getChildMenu[ D:\my web\tp5\app\index\controller\Home.php ]
[ info ] [ DB ] INIT mysql
[ info ] [ LOG ] INIT File
[ sql ] [ DB ] CONNECT:[ UseTime:0.000785s ] mysql:host=127.0.0.1;dbname=ours;charset=utf8
[ sql ] [ SQL ] SHOW COLUMNS FROM `t_m_menu` [ RunTime:0.035433s ]
[ sql ] [ SQL ] SELECT `m`.`menu_name`,`m`.`parent_menu_id`,`m`.`menu_link`,`m`.`menu_icon`,`m`.`menu_level`,`m`.`menu_id` FROM `t_m_menu` `m` RIGHT JOIN `t_m_rm` `rm` ON `m`.`menu_id`=`rm`.`menu_id` WHERE  `m`.`state` = 0  AND `rm`.`role_id` = '1' [ RunTime:0.001296s ]
---------------------------------------------------------------
[ 2021-02-10T22:53:41+08:00 ] 127.0.0.1 POST www.wuruyue.com/index/Home/getChildMenu
[运行时间：0.128888s] [吞吐率：7.76req/s] [内存消耗：2,540.73kb] [文件加载：45]
[ info ] [ LANG ] D:\my web\tp5\thinkphp\lang\zh-cn.php
[ info ] [ ROUTE ] array (
  'type' => 'module',
  'module' => 
  array (
    0 => 'index',
    1 => 'Home',
    2 => 'getChildMenu',
  ),
)
[ info ] [ HEADER ] array (
  'x-forwarded-host' => 'localhost:8080',
  'x-forwarded-proto' => 'http',
  'x-forwarded-port' => '8080',
  'x-forwarded-for' => '127.0.0.1',
  'accept-language' => 'zh-CN,zh;q=0.9,en;q=0.8',
  'accept-encoding' => 'gzip, deflate, br',
  'referer' => 'http://localhost:8080/myworld.html',
  'sec-fetch-dest' => 'empty',
  'sec-fetch-mode' => 'cors',
  'sec-fetch-site' => 'same-origin',
  'origin' => 'http://localhost:8080',
  'content-type' => 'application/json;charset=UTF-8',
  'user-agent' => 'Mozilla/5.0 (Windows NT 10.0; WOW64) AppleWebKit/537.36 (KHTML, like Gecko) Chrome/87.0.4280.141 Safari/537.36',
  'authorization' => 'eyJ0eXAiOiJKV1QiLCJhbGciOiJIUzI1NiJ9.eyJpc3MiOiJodHRwOlwvXC93d3cud3VydXl1ZS5jb20iLCJhdWQiOiJodHRwOlwvXC93d3cud3VydXl1ZS5jb20iLCJpYXQiOjE2MTI5Njg2MTksIm5iZiI6MTYxMjk2ODYxOSwiZXhwIjoxNjEyOTcwMDU5LCJkYXRhIjp7InVzZXJpZCI6MSwicHdkIjoiODIxYmYyMjM0YzQ2ZDgxMDM4ZDdkYzUyYTcwMDM5OGYifX0.3l4dl9o4YWyfNlnH8esBAehc8GioOf7ImsOJZ9JT7C8',
  'accept' => 'application/json, text/plain, */*',
  'content-length' => '9',
  'connection' => 'close',
  'host' => 'www.wuruyue.com',
)
[ info ] [ PARAM ] array (
  'pid' => 2,
)
[ info ] [ RUN ] app\index\controller\Home->getChildMenu[ D:\my web\tp5\app\index\controller\Home.php ]
[ info ] [ DB ] INIT mysql
[ info ] [ LOG ] INIT File
[ sql ] [ DB ] CONNECT:[ UseTime:0.001189s ] mysql:host=127.0.0.1;dbname=ours;charset=utf8
[ sql ] [ SQL ] SHOW COLUMNS FROM `t_m_menu` [ RunTime:0.043430s ]
[ sql ] [ SQL ] SELECT `m`.`menu_name`,`m`.`parent_menu_id`,`m`.`menu_link`,`m`.`menu_icon`,`m`.`menu_level`,`m`.`menu_id` FROM `t_m_menu` `m` RIGHT JOIN `t_m_rm` `rm` ON `m`.`menu_id`=`rm`.`menu_id` WHERE  `m`.`state` = 0  AND `rm`.`role_id` = '1' [ RunTime:0.001571s ]
