---------------------------------------------------------------
[ 2021-02-13T01:38:21+08:00 ] 127.0.0.1 GET adsp.xunlei.com/api/adp/hotword?appId=14&callId=1613151497388&count=1&sig=8de7ac4071a2dec1e5298d924b87cc0c
[è¿è¡Œæ—¶é—´ï¼š2.160752s] [åžåçŽ‡ï¼š0.46req/s] [å†…å­˜æ¶ˆè€—ï¼š1,126.77kb] [æ–‡ä»¶åŠ è½½ï¼š29]
[ info ] [ LANG ] D:\my web\tp5\thinkphp\lang\zh-cn.php
[ info ] [ ROUTE ] array (
  'type' => 'module',
  'module' => 
  array (
    0 => 'api',
    1 => 'adp',
    2 => 'hotword',
  ),
)
[ info ] [ HEADER ] array (
  'accept' => 'application/json, text/plain, */*',
  'content-type' => 'application/x-www-form-urlencoded',
  'user-agent' => 'axios/0.18.0',
  'host' => 'adsp.xunlei.com',
  'connection' => 'close',
)
[ info ] [ PARAM ] array (
  'appId' => '14',
  'callId' => '1613151497388',
  'count' => '1',
  'sig' => '8de7ac4071a2dec1e5298d924b87cc0c',
)
[ info ] [ LOG ] INIT File
> '3c018abd94a31d328ec3c573e2581cd5',
)
[ info ] [ LOG ] INIT File
---------------------------------------------------------------
[ 2021-02-13T01:38:21+08:00 ] 127.0.0.1 GET adsp.xunlei.com/api/adp/get?positionId=1560&jsCall=ssp_callback_45827480&appId=101&callId=1613151501505&v=1.0&sig=1ddba6812bbeef698ef1c4a80f5d87fd
[è¿è¡Œæ—¶é—´ï¼š0.399357s] [åžåçŽ‡ï¼š2.50req/s] [å†…å­˜æ¶ˆè€—ï¼š1,171.91kb] [æ–‡ä»¶åŠ è½½ï¼š32]
[ info ] [ LANG ] D:\my web\tp5\thinkphp\lang\zh-cn.php
[ info ] [ ROUTE ] array (
  'type' => 'module',
  'module' => 
  array (
    0 => 'api',
    1 => 'adp',
    2 => 'get',
  ),
)
[ info ] [ HEADER ] array (
  'host' => 'adsp.xunlei.com',
  'connection' => 'keep-alive',
  'user-agent' => 'Mozilla/5.0 (Windows NT 10.0; WOW64) AppleWebKit/537.36 (KHTML, like Gecko) thunderx/10.1.38.890 Chrome/59.0.3071.115 Electron/1.8.6 Safari/537.36',
  'accept' => '*/*',
  'accept-encoding' => 'gzip, deflate',
  'accept-language' => 'zh-CN',
)
[ info ] [ PARAM ] array (
  'positionId' => '1560',
  'jsCall' => 'ssp_callback_45827480',
  'appId' => '101',
  'callId' => '1613151501505',
  'v' => '1.0',
  'sig' => '1ddba6812bbeef698ef1c4a80f5d87fd',
)
[ info ] [ LOG ] INIT File
---------------------------------------------------------------
[ 2021-02-13T01:39:14+08:00 ] 127.0.0.1 POST adsp.xunlei.com/api/adp/get
[è¿è¡Œæ—¶é—´ï¼š0.218928s] [åžåçŽ‡ï¼š4.57req/s] [å†…å­˜æ¶ˆè€—ï¼š1,128.15kb] [æ–‡ä»¶åŠ è½½ï¼š29]
[ info ] [ LANG ] D:\my web\tp5\thinkphp\lang\zh-cn.php
[ info ] [ ROUTE ] array (
  'type' => 'module',
  'module' => 
  array (
    0 => 'api',
    1 => 'adp',
    2 => 'get',
  ),
)
[ info ] [ HEADER ] array (
  'accept' => 'application/json, text/plain, */*',
  'content-type' => 'application/x-www-form-urlencoded',
  'user-agent' => 'axios/0.18.0',
  'content-length' => '146',
  'host' => 'adsp.xunlei.com',
  'connection' => 'close',
)
[ info ] [ PARAM ] array (
  'appId' => '14',
  'callId' => '1613151554194',
  'devicId' => '04922602584DYBKQ',
  'identity' => '1',
  'isAll' => '1',
  'positionId' => '1749',
  'shownOrderId' => '',
  'v' => '1.0',
  'sig' => '1740277e232d21d21c73830ad3d6dd40',
)
[ info ] [ LOG ] INIT File
---------------------------------------------------------------
[ 2021-02-13T12:21:59+08:00 ] 127.0.0.1 GET www.wuruyue.com/
[è¿è¡Œæ—¶é—´ï¼š0.802767s] [åžåçŽ‡ï¼š1.25req/s] [å†…å­˜æ¶ˆè€—ï¼š1,205.59kb] [æ–‡ä»¶åŠ è½½ï¼š39]
[ info ] [ LANG ] D:\my web\tp5\thinkphp\lang\zh-cn.php
[ info ] [ ROUTE ] array (
  'type' => 'module',
  'module' => 
  array (
    0 => '',
    1 => NULL,
    2 => NULL,
  ),
)
[ info ] [ HEADER ] array (
  'cookie' => 'pgv_pvi=7353847808; thinkphp_show_page_trace=0|0',
  'accept-language' => 'zh-CN,zh;q=0.9,en;q=0.8',
  'accept-encoding' => 'gzip, deflate',
  'accept' => 'text/html,application/xhtml+xml,application/xml;q=0.9,image/avif,image/webp,image/apng,*/*;q=0.8,application/signed-exchange;v=b3;q=0.9',
  'user-agent' => 'Mozilla/5.0 (Windows NT 10.0; WOW64) AppleWebKit/537.36 (KHTML, like Gecko) Chrome/88.0.4324.150 Safari/537.36',
  'upgrade-insecure-requests' => '1',
  'connection' => 'close',
  'host' => 'www.wuruyue.com',
)
[ info ] [ PARAM ] array (
)
[ info ] [ LOG ] INIT File
---------------------------------------------------------------
[ 2021-02-13T12:40:34+08:00 ] 127.0.0.1 GET www.wuruyue.com/index/Home/getChildMenu?pid=2
[è¿è¡Œæ—¶é—´ï¼š0.650145s] [åžåçŽ‡ï¼š1.54req/s] [å†…å­˜æ¶ˆè€—ï¼š1,243.02kb] [æ–‡ä»¶åŠ è½½ï¼š41]
[ info ] [ LANG ] D:\my web\tp5\thinkphp\lang\zh-cn.php
[ info ] [ ROUTE ] array (
  'type' => 'module',
  'module' => 
  array (
    0 => 'index',
    1 => 'Home',
    2 => 'getChildMenu',
  ),
)
[ info ] [ HEADER ] array (
  'cookie' => 'thinkphp_show_page_trace=0|0; pgv_pvi=7353847808; thinkphp_show_page_trace=0|0',
  'accept-language' => 'zh-CN,zh;q=0.9,en;q=0.8',
  'accept-encoding' => 'gzip, deflate',
  'accept' => 'text/html,application/xhtml+xml,application/xml;q=0.9,image/avif,image/webp,image/apng,*/*;q=0.8,application/signed-exchange;v=b3;q=0.9',
  'user-agent' => 'Mozilla/5.0 (Windows NT 10.0; WOW64) AppleWebKit/537.36 (KHTML, like Gecko) Chrome/88.0.4324.150 Safari/537.36',
  'upgrade-insecure-requests' => '1',
  'cache-control' => 'max-age=0',
  'connection' => 'close',
  'host' => 'www.wuruyue.com',
)
[ info ] [ PARAM ] array (
  '/index/Home/getChildMenu' => '',
  'pid' => '2',
)
[ info ] [ LOG ] INIT File
[ error ] [0]ä¸æ”¯æŒ: redis[D:\my web\tp5\thinkphp\library\think\cache\driver\Redis.php:44]
---------------------------------------------------------------
[ 2021-02-13T12:41:36+08:00 ] 127.0.0.1 GET www.wuruyue.com/index/Home/getChildMenu?pid=2
[è¿è¡Œæ—¶é—´ï¼š0.218743s] [åžåçŽ‡ï¼š4.57req/s] [å†…å­˜æ¶ˆè€—ï¼š1,243.02kb] [æ–‡ä»¶åŠ è½½ï¼š41]
[ info ] [ LANG ] D:\my web\tp5\thinkphp\lang\zh-cn.php
[ info ] [ ROUTE ] array (
  'type' => 'module',
  'module' => 
  array (
    0 => 'index',
    1 => 'Home',
    2 => 'getChildMenu',
  ),
)
[ info ] [ HEADER ] array (
  'cookie' => 'thinkphp_show_page_trace=0|0; pgv_pvi=7353847808; thinkphp_show_page_trace=0|0',
  'accept-language' => 'zh-CN,zh;q=0.9,en;q=0.8',
  'accept-encoding' => 'gzip, deflate',
  'accept' => 'text/html,application/xhtml+xml,application/xml;q=0.9,image/avif,image/webp,image/apng,*/*;q=0.8,application/signed-exchange;v=b3;q=0.9',
  'user-agent' => 'Mozilla/5.0 (Windows NT 10.0; WOW64) AppleWebKit/537.36 (KHTML, like Gecko) Chrome/88.0.4324.150 Safari/537.36',
  'upgrade-insecure-requests' => '1',
  'cache-control' => 'max-age=0',
  'connection' => 'close',
  'host' => 'www.wuruyue.com',
)
[ info ] [ PARAM ] array (
  '/index/Home/getChildMenu' => '',
  'pid' => '2',
)
[ info ] [ LOG ] INIT File
[ error ] [0]ä¸æ”¯æŒ: redis[D:\my web\tp5\thinkphp\library\think\cache\driver\Redis.php:44]
---------------------------------------------------------------
[ 2021-02-13T12:48:07+08:00 ] 127.0.0.1 GET www.wuruyue.com/index/Home/getChildMenu?pid=2
[è¿è¡Œæ—¶é—´ï¼š0.051896s] [åžåçŽ‡ï¼š19.27req/s] [å†…å­˜æ¶ˆè€—ï¼š1,243.02kb] [æ–‡ä»¶åŠ è½½ï¼š41]
[ info ] [ LANG ] D:\my web\tp5\thinkphp\lang\zh-cn.php
[ info ] [ ROUTE ] array (
  'type' => 'module',
  'module' => 
  array (
    0 => 'index',
    1 => 'Home',
    2 => 'getChildMenu',
  ),
)
[ info ] [ HEADER ] array (
  'cookie' => 'thinkphp_show_page_trace=0|0; pgv_pvi=7353847808; thinkphp_show_page_trace=0|0',
  'accept-language' => 'zh-CN,zh;q=0.9,en;q=0.8',
  'accept-encoding' => 'gzip, deflate',
  'accept' => 'text/html,application/xhtml+xml,application/xml;q=0.9,image/avif,image/webp,image/apng,*/*;q=0.8,application/signed-exchange;v=b3;q=0.9',
  'user-agent' => 'Mozilla/5.0 (Windows NT 10.0; WOW64) AppleWebKit/537.36 (KHTML, like Gecko) Chrome/88.0.4324.150 Safari/537.36',
  'upgrade-insecure-requests' => '1',
  'cache-control' => 'max-age=0',
  'connection' => 'close',
  'host' => 'www.wuruyue.com',
)
[ info ] [ PARAM ] array (
  '/index/Home/getChildMenu' => '',
  'pid' => '2',
)
[ info ] [ LOG ] INIT File
[ error ] [0]ä¸æ”¯æŒ: redis[D:\my web\tp5\thinkphp\library\think\cache\driver\Redis.php:44]
---------------------------------------------------------------
[ 2021-02-13T12:52:55+08:00 ] 127.0.0.1 GET www.wuruyue.com/index/Home/getChildMenu?pid=2
[è¿è¡Œæ—¶é—´ï¼š0.048697s] [åžåçŽ‡ï¼š20.54req/s] [å†…å­˜æ¶ˆè€—ï¼š1,243.02kb] [æ–‡ä»¶åŠ è½½ï¼š41]
[ info ] [ LANG ] D:\my web\tp5\thinkphp\lang\zh-cn.php
[ info ] [ ROUTE ] array (
  'type' => 'module',
  'module' => 
  array (
    0 => 'index',
    1 => 'Home',
    2 => 'getChildMenu',
  ),
)
[ info ] [ HEADER ] array (
  'cookie' => 'thinkphp_show_page_trace=0|0; pgv_pvi=7353847808; thinkphp_show_page_trace=0|0',
  'accept-language' => 'zh-CN,zh;q=0.9,en;q=0.8',
  'accept-encoding' => 'gzip, deflate',
  'accept' => 'text/html,application/xhtml+xml,application/xml;q=0.9,image/avif,image/webp,image/apng,*/*;q=0.8,application/signed-exchange;v=b3;q=0.9',
  'user-agent' => 'Mozilla/5.0 (Windows NT 10.0; WOW64) AppleWebKit/537.36 (KHTML, like Gecko) Chrome/88.0.4324.150 Safari/537.36',
  'upgrade-insecure-requests' => '1',
  'cache-control' => 'max-age=0',
  'connection' => 'close',
  'host' => 'www.wuruyue.com',
)
[ info ] [ PARAM ] array (
  '/index/Home/getChildMenu' => '',
  'pid' => '2',
)
[ info ] [ LOG ] INIT File
[ error ] [0]ä¸æ”¯æŒ: redis[D:\my web\tp5\thinkphp\library\think\cache\driver\Redis.php:44]
---------------------------------------------------------------
[ 2021-02-13T12:52:57+08:00 ] 127.0.0.1 GET www.wuruyue.com/index/Home/getChildMenu?pid=2
[è¿è¡Œæ—¶é—´ï¼š0.043402s] [åžåçŽ‡ï¼š23.04req/s] [å†…å­˜æ¶ˆè€—ï¼š1,243.02kb] [æ–‡ä»¶åŠ è½½ï¼š41]
[ info ] [ LANG ] D:\my web\tp5\thinkphp\lang\zh-cn.php
[ info ] [ ROUTE ] array (
  'type' => 'module',
  'module' => 
  array (
    0 => 'index',
    1 => 'Home',
    2 => 'getChildMenu',
  ),
)
[ info ] [ HEADER ] array (
  'cookie' => 'thinkphp_show_page_trace=0|0; pgv_pvi=7353847808; thinkphp_show_page_trace=0|0',
  'accept-language' => 'zh-CN,zh;q=0.9,en;q=0.8',
  'accept-encoding' => 'gzip, deflate',
  'accept' => 'text/html,application/xhtml+xml,application/xml;q=0.9,image/avif,image/webp,image/apng,*/*;q=0.8,application/signed-exchange;v=b3;q=0.9',
  'user-agent' => 'Mozilla/5.0 (Windows NT 10.0; WOW64) AppleWebKit/537.36 (KHTML, like Gecko) Chrome/88.0.4324.150 Safari/537.36',
  'upgrade-insecure-requests' => '1',
  'cache-control' => 'max-age=0',
  'connection' => 'close',
  'host' => 'www.wuruyue.com',
)
[ info ] [ PARAM ] array (
  '/index/Home/getChildMenu' => '',
  'pid' => '2',
)
[ info ] [ LOG ] INIT File
[ error ] [0]ä¸æ”¯æŒ: redis[D:\my web\tp5\thinkphp\library\think\cache\driver\Redis.php:44]
---------------------------------------------------------------
[ 2021-02-13T12:53:05+08:00 ] 127.0.0.1 GET www.wuruyue.com/index/Home/getChildMenu?pid=2
[è¿è¡Œæ—¶é—´ï¼š0.045962s] [åžåçŽ‡ï¼š21.76req/s] [å†…å­˜æ¶ˆè€—ï¼š1,243.02kb] [æ–‡ä»¶åŠ è½½ï¼š41]
[ info ] [ LANG ] D:\my web\tp5\thinkphp\lang\zh-cn.php
[ info ] [ ROUTE ] array (
  'type' => 'module',
  'module' => 
  array (
    0 => 'index',
    1 => 'Home',
    2 => 'getChildMenu',
  ),
)
[ info ] [ HEADER ] array (
  'cookie' => 'thinkphp_show_page_trace=0|0; pgv_pvi=7353847808; thinkphp_show_page_trace=0|0',
  'accept-language' => 'zh-CN,zh;q=0.9,en;q=0.8',
  'accept-encoding' => 'gzip, deflate',
  'accept' => 'text/html,application/xhtml+xml,application/xml;q=0.9,image/avif,image/webp,image/apng,*/*;q=0.8,application/signed-exchange;v=b3;q=0.9',
  'user-agent' => 'Mozilla/5.0 (Windows NT 10.0; WOW64) AppleWebKit/537.36 (KHTML, like Gecko) Chrome/88.0.4324.150 Safari/537.36',
  'upgrade-insecure-requests' => '1',
  'cache-control' => 'max-age=0',
  'connection' => 'close',
  'host' => 'www.wuruyue.com',
)
[ info ] [ PARAM ] array (
  '/index/Home/getChildMenu' => '',
  'pid' => '2',
)
[ info ] [ LOG ] INIT File
[ error ] [0]ä¸æ”¯æŒ: redis[D:\my web\tp5\thinkphp\library\think\cache\driver\Redis.php:44]
---------------------------------------------------------------
[ 2021-02-13T12:53:07+08:00 ] 127.0.0.1 GET www.wuruyue.com/index/Home/getChildMenu?pid=2
[è¿è¡Œæ—¶é—´ï¼š0.039045s] [åžåçŽ‡ï¼š25.61req/s] [å†…å­˜æ¶ˆè€—ï¼š1,243.02kb] [æ–‡ä»¶åŠ è½½ï¼š41]
[ info ] [ LANG ] D:\my web\tp5\thinkphp\lang\zh-cn.php
[ info ] [ ROUTE ] array (
  'type' => 'module',
  'module' => 
  array (
    0 => 'index',
    1 => 'Home',
    2 => 'getChildMenu',
  ),
)
[ info ] [ HEADER ] array (
  'cookie' => 'thinkphp_show_page_trace=0|0; pgv_pvi=7353847808; thinkphp_show_page_trace=0|0',
  'accept-language' => 'zh-CN,zh;q=0.9,en;q=0.8',
  'accept-encoding' => 'gzip, deflate',
  'accept' => 'text/html,application/xhtml+xml,application/xml;q=0.9,image/avif,image/webp,image/apng,*/*;q=0.8,application/signed-exchange;v=b3;q=0.9',
  'user-agent' => 'Mozilla/5.0 (Windows NT 10.0; WOW64) AppleWebKit/537.36 (KHTML, like Gecko) Chrome/88.0.4324.150 Safari/537.36',
  'upgrade-insecure-requests' => '1',
  'cache-control' => 'max-age=0',
  'connection' => 'close',
  'host' => 'www.wuruyue.com',
)
[ info ] [ PARAM ] array (
  '/index/Home/getChildMenu' => '',
  'pid' => '2',
)
[ info ] [ LOG ] INIT File
[ error ] [0]ä¸æ”¯æŒ: redis[D:\my web\tp5\thinkphp\library\think\cache\driver\Redis.php:44]
---------------------------------------------------------------
[ 2021-02-13T12:53:46+08:00 ] 127.0.0.1 GET www.wuruyue.com/index/Home/getChildMenu?pid=2
[è¿è¡Œæ—¶é—´ï¼š0.094673s] [åžåçŽ‡ï¼š10.56req/s] [å†…å­˜æ¶ˆè€—ï¼š1,243.02kb] [æ–‡ä»¶åŠ è½½ï¼š41]
[ info ] [ LANG ] D:\my web\tp5\thinkphp\lang\zh-cn.php
[ info ] [ ROUTE ] array (
  'type' => 'module',
  'module' => 
  array (
    0 => 'index',
    1 => 'Home',
    2 => 'getChildMenu',
  ),
)
[ info ] [ HEADER ] array (
  'cookie' => 'thinkphp_show_page_trace=0|0; pgv_pvi=7353847808; thinkphp_show_page_trace=0|0',
  'accept-language' => 'zh-CN,zh;q=0.9,en;q=0.8',
  'accept-encoding' => 'gzip, deflate',
  'accept' => 'text/html,application/xhtml+xml,application/xml;q=0.9,image/avif,image/webp,image/apng,*/*;q=0.8,application/signed-exchange;v=b3;q=0.9',
  'user-agent' => 'Mozilla/5.0 (Windows NT 10.0; WOW64) AppleWebKit/537.36 (KHTML, like Gecko) Chrome/88.0.4324.150 Safari/537.36',
  'upgrade-insecure-requests' => '1',
  'cache-control' => 'max-age=0',
  'connection' => 'close',
  'host' => 'www.wuruyue.com',
)
[ info ] [ PARAM ] array (
  '/index/Home/getChildMenu' => '',
  'pid' => '2',
)
[ info ] [ LOG ] INIT File
[ error ] [0]ä¸æ”¯æŒ: redis[D:\my web\tp5\thinkphp\library\think\cache\driver\Redis.php:44]
---------------------------------------------------------------
[ 2021-02-13T12:53:47+08:00 ] 127.0.0.1 GET www.wuruyue.com/index/Home/getChildMenu?pid=2
[è¿è¡Œæ—¶é—´ï¼š0.043285s] [åžåçŽ‡ï¼š23.10req/s] [å†…å­˜æ¶ˆè€—ï¼š1,243.02kb] [æ–‡ä»¶åŠ è½½ï¼š41]
[ info ] [ LANG ] D:\my web\tp5\thinkphp\lang\zh-cn.php
[ info ] [ ROUTE ] array (
  'type' => 'module',
  'module' => 
  array (
    0 => 'index',
    1 => 'Home',
    2 => 'getChildMenu',
  ),
)
[ info ] [ HEADER ] array (
  'cookie' => 'thinkphp_show_page_trace=0|0; pgv_pvi=7353847808; thinkphp_show_page_trace=0|0',
  'accept-language' => 'zh-CN,zh;q=0.9,en;q=0.8',
  'accept-encoding' => 'gzip, deflate',
  'accept' => 'text/html,application/xhtml+xml,application/xml;q=0.9,image/avif,image/webp,image/apng,*/*;q=0.8,application/signed-exchange;v=b3;q=0.9',
  'user-agent' => 'Mozilla/5.0 (Windows NT 10.0; WOW64) AppleWebKit/537.36 (KHTML, like Gecko) Chrome/88.0.4324.150 Safari/537.36',
  'upgrade-insecure-requests' => '1',
  'cache-control' => 'max-age=0',
  'connection' => 'close',
  'host' => 'www.wuruyue.com',
)
[ info ] [ PARAM ] array (
  '/index/Home/getChildMenu' => '',
  'pid' => '2',
)
[ info ] [ LOG ] INIT File
[ error ] [0]ä¸æ”¯æŒ: redis[D:\my web\tp5\thinkphp\library\think\cache\driver\Redis.php:44]
---------------------------------------------------------------
[ 2021-02-13T12:54:10+08:00 ] 127.0.0.1 GET www.wuruyue.com/index/Home/getChildMenu?pid=2
[è¿è¡Œæ—¶é—´ï¼š0.039098s] [åžåçŽ‡ï¼š25.58req/s] [å†…å­˜æ¶ˆè€—ï¼š1,243.02kb] [æ–‡ä»¶åŠ è½½ï¼š41]
[ info ] [ LANG ] D:\my web\tp5\thinkphp\lang\zh-cn.php
[ info ] [ ROUTE ] array (
  'type' => 'module',
  'module' => 
  array (
    0 => 'index',
    1 => 'Home',
    2 => 'getChildMenu',
  ),
)
[ info ] [ HEADER ] array (
  'cookie' => 'thinkphp_show_page_trace=0|0; pgv_pvi=7353847808; thinkphp_show_page_trace=0|0',
  'accept-language' => 'zh-CN,zh;q=0.9,en;q=0.8',
  'accept-encoding' => 'gzip, deflate',
  'accept' => 'text/html,application/xhtml+xml,application/xml;q=0.9,image/avif,image/webp,image/apng,*/*;q=0.8,application/signed-exchange;v=b3;q=0.9',
  'user-agent' => 'Mozilla/5.0 (Windows NT 10.0; WOW64) AppleWebKit/537.36 (KHTML, like Gecko) Chrome/88.0.4324.150 Safari/537.36',
  'upgrade-insecure-requests' => '1',
  'cache-control' => 'max-age=0',
  'connection' => 'close',
  'host' => 'www.wuruyue.com',
)
[ info ] [ PARAM ] array (
  '/index/Home/getChildMenu' => '',
  'pid' => '2',
)
[ info ] [ LOG ] INIT File
[ error ] [0]ä¸æ”¯æŒ: redis[D:\my web\tp5\thinkphp\library\think\cache\driver\Redis.php:44]
---------------------------------------------------------------
[ 2021-02-13T12:54:11+08:00 ] 127.0.0.1 GET www.wuruyue.com/index/Home/getChildMenu?pid=2
[è¿è¡Œæ—¶é—´ï¼š0.040026s] [åžåçŽ‡ï¼š24.98req/s] [å†…å­˜æ¶ˆè€—ï¼š1,243.02kb] [æ–‡ä»¶åŠ è½½ï¼š41]
[ info ] [ LANG ] D:\my web\tp5\thinkphp\lang\zh-cn.php
[ info ] [ ROUTE ] array (
  'type' => 'module',
  'module' => 
  array (
    0 => 'index',
    1 => 'Home',
    2 => 'getChildMenu',
  ),
)
[ info ] [ HEADER ] array (
  'cookie' => 'thinkphp_show_page_trace=0|0; pgv_pvi=7353847808; thinkphp_show_page_trace=0|0',
  'accept-language' => 'zh-CN,zh;q=0.9,en;q=0.8',
  'accept-encoding' => 'gzip, deflate',
  'accept' => 'text/html,application/xhtml+xml,application/xml;q=0.9,image/avif,image/webp,image/apng,*/*;q=0.8,application/signed-exchange;v=b3;q=0.9',
  'user-agent' => 'Mozilla/5.0 (Windows NT 10.0; WOW64) AppleWebKit/537.36 (KHTML, like Gecko) Chrome/88.0.4324.150 Safari/537.36',
  'upgrade-insecure-requests' => '1',
  'cache-control' => 'max-age=0',
  'connection' => 'close',
  'host' => 'www.wuruyue.com',
)
[ info ] [ PARAM ] array (
  '/index/Home/getChildMenu' => '',
  'pid' => '2',
)
[ info ] [ LOG ] INIT File
[ error ] [0]ä¸æ”¯æŒ: redis[D:\my web\tp5\thinkphp\library\think\cache\driver\Redis.php:44]
---------------------------------------------------------------
[ 2021-02-13T12:56:59+08:00 ] 127.0.0.1 GET www.wuruyue.com/index/Home/getChildMenu?pid=2
[è¿è¡Œæ—¶é—´ï¼š0.057943s] [åžåçŽ‡ï¼š17.26req/s] [å†…å­˜æ¶ˆè€—ï¼š1,243.02kb] [æ–‡ä»¶åŠ è½½ï¼š41]
[ info ] [ LANG ] D:\my web\tp5\thinkphp\lang\zh-cn.php
[ info ] [ ROUTE ] array (
  'type' => 'module',
  'module' => 
  array (
    0 => 'index',
    1 => 'Home',
    2 => 'getChildMenu',
  ),
)
[ info ] [ HEADER ] array (
  'cookie' => 'thinkphp_show_page_trace=0|0; pgv_pvi=7353847808; thinkphp_show_page_trace=0|0',
  'accept-language' => 'zh-CN,zh;q=0.9,en;q=0.8',
  'accept-encoding' => 'gzip, deflate',
  'accept' => 'text/html,application/xhtml+xml,application/xml;q=0.9,image/avif,image/webp,image/apng,*/*;q=0.8,application/signed-exchange;v=b3;q=0.9',
  'user-agent' => 'Mozilla/5.0 (Windows NT 10.0; WOW64) AppleWebKit/537.36 (KHTML, like Gecko) Chrome/88.0.4324.150 Safari/537.36',
  'upgrade-insecure-requests' => '1',
  'cache-control' => 'max-age=0',
  'connection' => 'close',
  'host' => 'www.wuruyue.com',
)
[ info ] [ PARAM ] array (
  '/index/Home/getChildMenu' => '',
  'pid' => '2',
)
[ info ] [ LOG ] INIT File
[ error ] [0]ä¸æ”¯æŒ: redis[D:\my web\tp5\thinkphp\library\think\cache\driver\Redis.php:44]
---------------------------------------------------------------
[ 2021-02-13T12:57:00+08:00 ] 127.0.0.1 GET www.wuruyue.com/index/Home/getChildMenu?pid=2
[è¿è¡Œæ—¶é—´ï¼š0.041252s] [åžåçŽ‡ï¼š24.24req/s] [å†…å­˜æ¶ˆè€—ï¼š1,243.02kb] [æ–‡ä»¶åŠ è½½ï¼š41]
[ info ] [ LANG ] D:\my web\tp5\thinkphp\lang\zh-cn.php
[ info ] [ ROUTE ] array (
  'type' => 'module',
  'module' => 
  array (
    0 => 'index',
    1 => 'Home',
    2 => 'getChildMenu',
  ),
)
[ info ] [ HEADER ] array (
  'cookie' => 'thinkphp_show_page_trace=0|0; pgv_pvi=7353847808; thinkphp_show_page_trace=0|0',
  'accept-language' => 'zh-CN,zh;q=0.9,en;q=0.8',
  'accept-encoding' => 'gzip, deflate',
  'accept' => 'text/html,application/xhtml+xml,application/xml;q=0.9,image/avif,image/webp,image/apng,*/*;q=0.8,application/signed-exchange;v=b3;q=0.9',
  'user-agent' => 'Mozilla/5.0 (Windows NT 10.0; WOW64) AppleWebKit/537.36 (KHTML, like Gecko) Chrome/88.0.4324.150 Safari/537.36',
  'upgrade-insecure-requests' => '1',
  'cache-control' => 'max-age=0',
  'connection' => 'close',
  'host' => 'www.wuruyue.com',
)
[ info ] [ PARAM ] array (
  '/index/Home/getChildMenu' => '',
  'pid' => '2',
)
[ info ] [ LOG ] INIT File
[ error ] [0]ä¸æ”¯æŒ: redis[D:\my web\tp5\thinkphp\library\think\cache\driver\Redis.php:44]
---------------------------------------------------------------
[ 2021-02-13T12:59:23+08:00 ] 127.0.0.1 GET www.wuruyue.com/index/Home/getChildMenu?pid=2
[è¿è¡Œæ—¶é—´ï¼š0.045964s] [åžåçŽ‡ï¼š21.76req/s] [å†…å­˜æ¶ˆè€—ï¼š1,243.02kb] [æ–‡ä»¶åŠ è½½ï¼š41]
[ info ] [ LANG ] D:\my web\tp5\thinkphp\lang\zh-cn.php
[ info ] [ ROUTE ] array (
  'type' => 'module',
  'module' => 
  array (
    0 => 'index',
    1 => 'Home',
    2 => 'getChildMenu',
  ),
)
[ info ] [ HEADER ] array (
  'cookie' => 'thinkphp_show_page_trace=0|0; pgv_pvi=7353847808; thinkphp_show_page_trace=0|0',
  'accept-language' => 'zh-CN,zh;q=0.9,en;q=0.8',
  'accept-encoding' => 'gzip, deflate',
  'accept' => 'text/html,application/xhtml+xml,application/xml;q=0.9,image/avif,image/webp,image/apng,*/*;q=0.8,application/signed-exchange;v=b3;q=0.9',
  'user-agent' => 'Mozilla/5.0 (Windows NT 10.0; WOW64) AppleWebKit/537.36 (KHTML, like Gecko) Chrome/88.0.4324.150 Safari/537.36',
  'upgrade-insecure-requests' => '1',
  'cache-control' => 'max-age=0',
  'connection' => 'close',
  'host' => 'www.wuruyue.com',
)
[ info ] [ PARAM ] array (
  '/index/Home/getChildMenu' => '',
  'pid' => '2',
)
[ info ] [ LOG ] INIT File
[ error ] [0]ä¸æ”¯æŒ: redis[D:\my web\tp5\thinkphp\library\think\cache\driver\Redis.php:44]
---------------------------------------------------------------
[ 2021-02-13T12:59:24+08:00 ] 127.0.0.1 GET www.wuruyue.com/index/Home/getChildMenu?pid=2
[è¿è¡Œæ—¶é—´ï¼š0.041955s] [åžåçŽ‡ï¼š23.84req/s] [å†…å­˜æ¶ˆè€—ï¼š1,243.02kb] [æ–‡ä»¶åŠ è½½ï¼š41]
[ info ] [ LANG ] D:\my web\tp5\thinkphp\lang\zh-cn.php
[ info ] [ ROUTE ] array (
  'type' => 'module',
  'module' => 
  array (
    0 => 'index',
    1 => 'Home',
    2 => 'getChildMenu',
  ),
)
[ info ] [ HEADER ] array (
  'cookie' => 'thinkphp_show_page_trace=0|0; pgv_pvi=7353847808; thinkphp_show_page_trace=0|0',
  'accept-language' => 'zh-CN,zh;q=0.9,en;q=0.8',
  'accept-encoding' => 'gzip, deflate',
  'accept' => 'text/html,application/xhtml+xml,application/xml;q=0.9,image/avif,image/webp,image/apng,*/*;q=0.8,application/signed-exchange;v=b3;q=0.9',
  'user-agent' => 'Mozilla/5.0 (Windows NT 10.0; WOW64) AppleWebKit/537.36 (KHTML, like Gecko) Chrome/88.0.4324.150 Safari/537.36',
  'upgrade-insecure-requests' => '1',
  'cache-control' => 'max-age=0',
  'connection' => 'close',
  'host' => 'www.wuruyue.com',
)
[ info ] [ PARAM ] array (
  '/index/Home/getChildMenu' => '',
  'pid' => '2',
)
[ info ] [ LOG ] INIT File
[ error ] [0]ä¸æ”¯æŒ: redis[D:\my web\tp5\thinkphp\library\think\cache\driver\Redis.php:44]
---------------------------------------------------------------
[ 2021-02-13T12:59:37+08:00 ] 127.0.0.1 GET www.wuruyue.com/index/Home/getChildMenu?pid=2
[è¿è¡Œæ—¶é—´ï¼š0.052308s] [åžåçŽ‡ï¼š19.12req/s] [å†…å­˜æ¶ˆè€—ï¼š1,243.02kb] [æ–‡ä»¶åŠ è½½ï¼š41]
[ info ] [ LANG ] D:\my web\tp5\thinkphp\lang\zh-cn.php
[ info ] [ ROUTE ] array (
  'type' => 'module',
  'module' => 
  array (
    0 => 'index',
    1 => 'Home',
    2 => 'getChildMenu',
  ),
)
[ info ] [ HEADER ] array (
  'cookie' => 'thinkphp_show_page_trace=0|0; pgv_pvi=7353847808; thinkphp_show_page_trace=0|0',
  'accept-language' => 'zh-CN,zh;q=0.9,en;q=0.8',
  'accept-encoding' => 'gzip, deflate',
  'accept' => 'text/html,application/xhtml+xml,application/xml;q=0.9,image/avif,image/webp,image/apng,*/*;q=0.8,application/signed-exchange;v=b3;q=0.9',
  'user-agent' => 'Mozilla/5.0 (Windows NT 10.0; WOW64) AppleWebKit/537.36 (KHTML, like Gecko) Chrome/88.0.4324.150 Safari/537.36',
  'upgrade-insecure-requests' => '1',
  'cache-control' => 'max-age=0',
  'connection' => 'close',
  'host' => 'www.wuruyue.com',
)
[ info ] [ PARAM ] array (
  '/index/Home/getChildMenu' => '',
  'pid' => '2',
)
[ info ] [ LOG ] INIT File
[ error ] [0]ä¸æ”¯æŒ: redis[D:\my web\tp5\thinkphp\library\think\cache\driver\Redis.php:44]
---------------------------------------------------------------
[ 2021-02-13T12:59:38+08:00 ] 127.0.0.1 GET www.wuruyue.com/index/Home/getChildMenu?pid=2
[è¿è¡Œæ—¶é—´ï¼š0.044391s] [åžåçŽ‡ï¼š22.53req/s] [å†…å­˜æ¶ˆè€—ï¼š1,243.02kb] [æ–‡ä»¶åŠ è½½ï¼š41]
[ info ] [ LANG ] D:\my web\tp5\thinkphp\lang\zh-cn.php
[ info ] [ ROUTE ] array (
  'type' => 'module',
  'module' => 
  array (
    0 => 'index',
    1 => 'Home',
    2 => 'getChildMenu',
  ),
)
[ info ] [ HEADER ] array (
  'cookie' => 'thinkphp_show_page_trace=0|0; pgv_pvi=7353847808; thinkphp_show_page_trace=0|0',
  'accept-language' => 'zh-CN,zh;q=0.9,en;q=0.8',
  'accept-encoding' => 'gzip, deflate',
  'accept' => 'text/html,application/xhtml+xml,application/xml;q=0.9,image/avif,image/webp,image/apng,*/*;q=0.8,application/signed-exchange;v=b3;q=0.9',
  'user-agent' => 'Mozilla/5.0 (Windows NT 10.0; WOW64) AppleWebKit/537.36 (KHTML, like Gecko) Chrome/88.0.4324.150 Safari/537.36',
  'upgrade-insecure-requests' => '1',
  'cache-control' => 'max-age=0',
  'connection' => 'close',
  'host' => 'www.wuruyue.com',
)
[ info ] [ PARAM ] array (
  '/index/Home/getChildMenu' => '',
  'pid' => '2',
)
[ info ] [ LOG ] INIT File
[ error ] [0]ä¸æ”¯æŒ: redis[D:\my web\tp5\thinkphp\library\think\cache\driver\Redis.php:44]
---------------------------------------------------------------
[ 2021-02-13T13:12:02+08:00 ] 127.0.0.1 GET www.wuruyue.com/index/Home/getChildMenu?pid=2
[è¿è¡Œæ—¶é—´ï¼š0.037836s] [åžåçŽ‡ï¼š26.43req/s] [å†…å­˜æ¶ˆè€—ï¼š1,243.02kb] [æ–‡ä»¶åŠ è½½ï¼š41]
[ info ] [ LANG ] D:\my web\tp5\thinkphp\lang\zh-cn.php
[ info ] [ ROUTE ] array (
  'type' => 'module',
  'module' => 
  array (
    0 => 'index',
    1 => 'Home',
    2 => 'getChildMenu',
  ),
)
[ info ] [ HEADER ] array (
  'cookie' => 'thinkphp_show_page_trace=0|0; pgv_pvi=7353847808; thinkphp_show_page_trace=0|0',
  'accept-language' => 'zh-CN,zh;q=0.9,en;q=0.8',
  'accept-encoding' => 'gzip, deflate',
  'accept' => 'text/html,application/xhtml+xml,application/xml;q=0.9,image/avif,image/webp,image/apng,*/*;q=0.8,application/signed-exchange;v=b3;q=0.9',
  'user-agent' => 'Mozilla/5.0 (Windows NT 10.0; WOW64) AppleWebKit/537.36 (KHTML, like Gecko) Chrome/88.0.4324.150 Safari/537.36',
  'upgrade-insecure-requests' => '1',
  'cache-control' => 'max-age=0',
  'connection' => 'close',
  'host' => 'www.wuruyue.com',
)
[ info ] [ PARAM ] array (
  '/index/Home/getChildMenu' => '',
  'pid' => '2',
)
[ info ] [ LOG ] INIT File
[ error ] [0]ä¸æ”¯æŒ: redis[D:\my web\tp5\thinkphp\library\think\cache\driver\Redis.php:44]
---------------------------------------------------------------
[ 2021-02-13T13:12:55+08:00 ] 127.0.0.1 GET www.wuruyue.com/index/Home/getChildMenu?pid=2
[è¿è¡Œæ—¶é—´ï¼š0.038538s] [åžåçŽ‡ï¼š25.95req/s] [å†…å­˜æ¶ˆè€—ï¼š1,243.02kb] [æ–‡ä»¶åŠ è½½ï¼š41]
[ info ] [ LANG ] D:\my web\tp5\thinkphp\lang\zh-cn.php
[ info ] [ ROUTE ] array (
  'type' => 'module',
  'module' => 
  array (
    0 => 'index',
    1 => 'Home',
    2 => 'getChildMenu',
  ),
)
[ info ] [ HEADER ] array (
  'cookie' => 'thinkphp_show_page_trace=0|0; pgv_pvi=7353847808; thinkphp_show_page_trace=0|0',
  'accept-language' => 'zh-CN,zh;q=0.9,en;q=0.8',
  'accept-encoding' => 'gzip, deflate',
  'accept' => 'text/html,application/xhtml+xml,application/xml;q=0.9,image/avif,image/webp,image/apng,*/*;q=0.8,application/signed-exchange;v=b3;q=0.9',
  'user-agent' => 'Mozilla/5.0 (Windows NT 10.0; WOW64) AppleWebKit/537.36 (KHTML, like Gecko) Chrome/88.0.4324.150 Safari/537.36',
  'upgrade-insecure-requests' => '1',
  'cache-control' => 'max-age=0',
  'connection' => 'close',
  'host' => 'www.wuruyue.com',
)
[ info ] [ PARAM ] array (
  '/index/Home/getChildMenu' => '',
  'pid' => '2',
)
[ info ] [ LOG ] INIT File
[ error ] [0]ä¸æ”¯æŒ: redis[D:\my web\tp5\thinkphp\library\think\cache\driver\Redis.php:44]
---------------------------------------------------------------
[ 2021-02-13T13:15:44+08:00 ] 127.0.0.1 GET www.wuruyue.com/index/Home/getChildMenu?pid=2
[è¿è¡Œæ—¶é—´ï¼š0.051974s] [åžåçŽ‡ï¼š19.24req/s] [å†…å­˜æ¶ˆè€—ï¼š1,243.02kb] [æ–‡ä»¶åŠ è½½ï¼š41]
[ info ] [ LANG ] D:\my web\tp5\thinkphp\lang\zh-cn.php
[ info ] [ ROUTE ] array (
  'type' => 'module',
  'module' => 
  array (
    0 => 'index',
    1 => 'Home',
    2 => 'getChildMenu',
  ),
)
[ info ] [ HEADER ] array (
  'cookie' => 'thinkphp_show_page_trace=0|0; pgv_pvi=7353847808; thinkphp_show_page_trace=0|0',
  'accept-language' => 'zh-CN,zh;q=0.9,en;q=0.8',
  'accept-encoding' => 'gzip, deflate',
  'accept' => 'text/html,application/xhtml+xml,application/xml;q=0.9,image/avif,image/webp,image/apng,*/*;q=0.8,application/signed-exchange;v=b3;q=0.9',
  'user-agent' => 'Mozilla/5.0 (Windows NT 10.0; WOW64) AppleWebKit/537.36 (KHTML, like Gecko) Chrome/88.0.4324.150 Safari/537.36',
  'upgrade-insecure-requests' => '1',
  'cache-control' => 'max-age=0',
  'connection' => 'close',
  'host' => 'www.wuruyue.com',
)
[ info ] [ PARAM ] array (
  '/index/Home/getChildMenu' => '',
  'pid' => '2',
)
[ info ] [ LOG ] INIT File
[ error ] [0]ä¸æ”¯æŒ: redis[D:\my web\tp5\thinkphp\library\think\cache\driver\Redis.php:44]
---------------------------------------------------------------
[ 2021-02-13T13:15:45+08:00 ] 127.0.0.1 GET www.wuruyue.com/index/Home/getChildMenu?pid=2
[è¿è¡Œæ—¶é—´ï¼š0.043509s] [åžåçŽ‡ï¼š22.98req/s] [å†…å­˜æ¶ˆè€—ï¼š1,243.02kb] [æ–‡ä»¶åŠ è½½ï¼š41]
[ info ] [ LANG ] D:\my web\tp5\thinkphp\lang\zh-cn.php
[ info ] [ ROUTE ] array (
  'type' => 'module',
  'module' => 
  array (
    0 => 'index',
    1 => 'Home',
    2 => 'getChildMenu',
  ),
)
[ info ] [ HEADER ] array (
  'cookie' => 'thinkphp_show_page_trace=0|0; pgv_pvi=7353847808; thinkphp_show_page_trace=0|0',
  'accept-language' => 'zh-CN,zh;q=0.9,en;q=0.8',
  'accept-encoding' => 'gzip, deflate',
  'accept' => 'text/html,application/xhtml+xml,application/xml;q=0.9,image/avif,image/webp,image/apng,*/*;q=0.8,application/signed-exchange;v=b3;q=0.9',
  'user-agent' => 'Mozilla/5.0 (Windows NT 10.0; WOW64) AppleWebKit/537.36 (KHTML, like Gecko) Chrome/88.0.4324.150 Safari/537.36',
  'upgrade-insecure-requests' => '1',
  'cache-control' => 'max-age=0',
  'connection' => 'close',
  'host' => 'www.wuruyue.com',
)
[ info ] [ PARAM ] array (
  '/index/Home/getChildMenu' => '',
  'pid' => '2',
)
[ info ] [ LOG ] INIT File
[ error ] [0]ä¸æ”¯æŒ: redis[D:\my web\tp5\thinkphp\library\think\cache\driver\Redis.php:44]
---------------------------------------------------------------
[ 2021-02-13T13:15:45+08:00 ] 127.0.0.1 GET www.wuruyue.com/index/Home/getChildMenu?pid=2
[è¿è¡Œæ—¶é—´ï¼š0.043560s] [åžåçŽ‡ï¼š22.96req/s] [å†…å­˜æ¶ˆè€—ï¼š1,243.02kb] [æ–‡ä»¶åŠ è½½ï¼š41]
[ info ] [ LANG ] D:\my web\tp5\thinkphp\lang\zh-cn.php
[ info ] [ ROUTE ] array (
  'type' => 'module',
  'module' => 
  array (
    0 => 'index',
    1 => 'Home',
    2 => 'getChildMenu',
  ),
)
[ info ] [ HEADER ] array (
  'cookie' => 'thinkphp_show_page_trace=0|0; pgv_pvi=7353847808; thinkphp_show_page_trace=0|0',
  'accept-language' => 'zh-CN,zh;q=0.9,en;q=0.8',
  'accept-encoding' => 'gzip, deflate',
  'accept' => 'text/html,application/xhtml+xml,application/xml;q=0.9,image/avif,image/webp,image/apng,*/*;q=0.8,application/signed-exchange;v=b3;q=0.9',
  'user-agent' => 'Mozilla/5.0 (Windows NT 10.0; WOW64) AppleWebKit/537.36 (KHTML, like Gecko) Chrome/88.0.4324.150 Safari/537.36',
  'upgrade-insecure-requests' => '1',
  'cache-control' => 'max-age=0',
  'connection' => 'close',
  'host' => 'www.wuruyue.com',
)
[ info ] [ PARAM ] array (
  '/index/Home/getChildMenu' => '',
  'pid' => '2',
)
[ info ] [ LOG ] INIT File
[ error ] [0]ä¸æ”¯æŒ: redis[D:\my web\tp5\thinkphp\library\think\cache\driver\Redis.php:44]
---------------------------------------------------------------
[ 2021-02-13T13:18:30+08:00 ] 127.0.0.1 GET www.wuruyue.com/index/Home/getChildMenu?pid=2
[è¿è¡Œæ—¶é—´ï¼š0.056434s] [åžåçŽ‡ï¼š17.72req/s] [å†…å­˜æ¶ˆè€—ï¼š1,243.02kb] [æ–‡ä»¶åŠ è½½ï¼š41]
[ info ] [ LANG ] D:\my web\tp5\thinkphp\lang\zh-cn.php
[ info ] [ ROUTE ] array (
  'type' => 'module',
  'module' => 
  array (
    0 => 'index',
    1 => 'Home',
    2 => 'getChildMenu',
  ),
)
[ info ] [ HEADER ] array (
  'cookie' => 'thinkphp_show_page_trace=0|0; pgv_pvi=7353847808; thinkphp_show_page_trace=0|0',
  'accept-language' => 'zh-CN,zh;q=0.9,en;q=0.8',
  'accept-encoding' => 'gzip, deflate',
  'accept' => 'text/html,application/xhtml+xml,application/xml;q=0.9,image/avif,image/webp,image/apng,*/*;q=0.8,application/signed-exchange;v=b3;q=0.9',
  'user-agent' => 'Mozilla/5.0 (Windows NT 10.0; WOW64) AppleWebKit/537.36 (KHTML, like Gecko) Chrome/88.0.4324.150 Safari/537.36',
  'upgrade-insecure-requests' => '1',
  'cache-control' => 'max-age=0',
  'connection' => 'close',
  'host' => 'www.wuruyue.com',
)
[ info ] [ PARAM ] array (
  '/index/Home/getChildMenu' => '',
  'pid' => '2',
)
[ info ] [ LOG ] INIT File
[ error ] [0]ä¸æ”¯æŒ: redis[D:\my web\tp5\thinkphp\library\think\cache\driver\Redis.php:44]
---------------------------------------------------------------
[ 2021-02-13T13:18:33+08:00 ] 127.0.0.1 GET www.wuruyue.com/index/Home/getChildMenu?pid=2
[è¿è¡Œæ—¶é—´ï¼š0.045206s] [åžåçŽ‡ï¼š22.12req/s] [å†…å­˜æ¶ˆè€—ï¼š1,243.02kb] [æ–‡ä»¶åŠ è½½ï¼š41]
[ info ] [ LANG ] D:\my web\tp5\thinkphp\lang\zh-cn.php
[ info ] [ ROUTE ] array (
  'type' => 'module',
  'module' => 
  array (
    0 => 'index',
    1 => 'Home',
    2 => 'getChildMenu',
  ),
)
[ info ] [ HEADER ] array (
  'cookie' => 'thinkphp_show_page_trace=0|0; pgv_pvi=7353847808; thinkphp_show_page_trace=0|0',
  'accept-language' => 'zh-CN,zh;q=0.9,en;q=0.8',
  'accept-encoding' => 'gzip, deflate',
  'accept' => 'text/html,application/xhtml+xml,application/xml;q=0.9,image/avif,image/webp,image/apng,*/*;q=0.8,application/signed-exchange;v=b3;q=0.9',
  'user-agent' => 'Mozilla/5.0 (Windows NT 10.0; WOW64) AppleWebKit/537.36 (KHTML, like Gecko) Chrome/88.0.4324.150 Safari/537.36',
  'upgrade-insecure-requests' => '1',
  'cache-control' => 'max-age=0',
  'connection' => 'close',
  'host' => 'www.wuruyue.com',
)
[ info ] [ PARAM ] array (
  '/index/Home/getChildMenu' => '',
  'pid' => '2',
)
[ info ] [ LOG ] INIT File
[ error ] [0]ä¸æ”¯æŒ: redis[D:\my web\tp5\thinkphp\library\think\cache\driver\Redis.php:44]
---------------------------------------------------------------
[ 2021-02-13T13:18:41+08:00 ] 127.0.0.1 GET www.wuruyue.com/index/Home/getChildMenu?pid=2
[è¿è¡Œæ—¶é—´ï¼š0.050078s] [åžåçŽ‡ï¼š19.97req/s] [å†…å­˜æ¶ˆè€—ï¼š1,243.02kb] [æ–‡ä»¶åŠ è½½ï¼š41]
[ info ] [ LANG ] D:\my web\tp5\thinkphp\lang\zh-cn.php
[ info ] [ ROUTE ] array (
  'type' => 'module',
  'module' => 
  array (
    0 => 'index',
    1 => 'Home',
    2 => 'getChildMenu',
  ),
)
[ info ] [ HEADER ] array (
  'cookie' => 'thinkphp_show_page_trace=0|0; pgv_pvi=7353847808; thinkphp_show_page_trace=0|0',
  'accept-language' => 'zh-CN,zh;q=0.9,en;q=0.8',
  'accept-encoding' => 'gzip, deflate',
  'accept' => 'text/html,application/xhtml+xml,application/xml;q=0.9,image/avif,image/webp,image/apng,*/*;q=0.8,application/signed-exchange;v=b3;q=0.9',
  'user-agent' => 'Mozilla/5.0 (Windows NT 10.0; WOW64) AppleWebKit/537.36 (KHTML, like Gecko) Chrome/88.0.4324.150 Safari/537.36',
  'upgrade-insecure-requests' => '1',
  'cache-control' => 'max-age=0',
  'connection' => 'close',
  'host' => 'www.wuruyue.com',
)
[ info ] [ PARAM ] array (
  '/index/Home/getChildMenu' => '',
  'pid' => '2',
)
[ info ] [ LOG ] INIT File
[ error ] [0]ä¸æ”¯æŒ: redis[D:\my web\tp5\thinkphp\library\think\cache\driver\Redis.php:44]
---------------------------------------------------------------
[ 2021-02-13T13:23:12+08:00 ] 127.0.0.1 GET www.wuruyue.com/index/Home/getChildMenu?pid=2
[è¿è¡Œæ—¶é—´ï¼š0.095628s] [åžåçŽ‡ï¼š10.46req/s] [å†…å­˜æ¶ˆè€—ï¼š1,243.78kb] [æ–‡ä»¶åŠ è½½ï¼š41]
[ info ] [ LANG ] D:\my web\tp5\thinkphp\lang\zh-cn.php
[ info ] [ ROUTE ] array (
  'type' => 'module',
  'module' => 
  array (
    0 => 'index',
    1 => 'Home',
    2 => 'getChildMenu',
  ),
)
[ info ] [ HEADER ] array (
  'cookie' => 'thinkphp_show_page_trace=0|0; pgv_pvi=7353847808; thinkphp_show_page_trace=0|0',
  'accept-language' => 'zh-CN,zh;q=0.9,en;q=0.8',
  'accept-encoding' => 'gzip, deflate',
  'accept' => 'text/html,application/xhtml+xml,application/xml;q=0.9,image/avif,image/webp,image/apng,*/*;q=0.8,application/signed-exchange;v=b3;q=0.9',
  'user-agent' => 'Mozilla/5.0 (Windows NT 10.0; WOW64) AppleWebKit/537.36 (KHTML, like Gecko) Chrome/88.0.4324.150 Safari/537.36',
  'upgrade-insecure-requests' => '1',
  'cache-control' => 'max-age=0',
  'connection' => 'close',
  'host' => 'www.wuruyue.com',
)
[ info ] [ PARAM ] array (
  '/index/Home/getChildMenu' => '',
  'pid' => '2',
)
[ info ] [ LOG ] INIT File
[ error ] [0]ä¸æ”¯æŒ: redis[D:\my web\tp5\thinkphp\library\think\cache\driver\Redis.php:44]
---------------------------------------------------------------
[ 2021-02-13T13:23:16+08:00 ] 127.0.0.1 GET www.wuruyue.com/index/Home/getChildMenu?pid=2
[è¿è¡Œæ—¶é—´ï¼š0.097389s] [åžåçŽ‡ï¼š10.27req/s] [å†…å­˜æ¶ˆè€—ï¼š1,243.02kb] [æ–‡ä»¶åŠ è½½ï¼š41]
[ info ] [ LANG ] D:\my web\tp5\thinkphp\lang\zh-cn.php
[ info ] [ ROUTE ] array (
  'type' => 'module',
  'module' => 
  array (
    0 => 'index',
    1 => 'Home',
    2 => 'getChildMenu',
  ),
)
[ info ] [ HEADER ] array (
  'cookie' => 'thinkphp_show_page_trace=0|0; pgv_pvi=7353847808; thinkphp_show_page_trace=0|0',
  'accept-language' => 'zh-CN,zh;q=0.9,en;q=0.8',
  'accept-encoding' => 'gzip, deflate',
  'accept' => 'text/html,application/xhtml+xml,application/xml;q=0.9,image/avif,image/webp,image/apng,*/*;q=0.8,application/signed-exchange;v=b3;q=0.9',
  'user-agent' => 'Mozilla/5.0 (Windows NT 10.0; WOW64) AppleWebKit/537.36 (KHTML, like Gecko) Chrome/88.0.4324.150 Safari/537.36',
  'upgrade-insecure-requests' => '1',
  'cache-control' => 'max-age=0',
  'connection' => 'close',
  'host' => 'www.wuruyue.com',
)
[ info ] [ PARAM ] array (
  '/index/Home/getChildMenu' => '',
  'pid' => '2',
)
[ info ] [ LOG ] INIT File
[ error ] [0]ä¸æ”¯æŒ: redis[D:\my web\tp5\thinkphp\library\think\cache\driver\Redis.php:44]
---------------------------------------------------------------
[ 2021-02-13T13:26:26+08:00 ] 127.0.0.1 GET www.wuruyue.com/index/Home/getChildMenu?pid=2
[è¿è¡Œæ—¶é—´ï¼š0.047319s] [åžåçŽ‡ï¼š21.13req/s] [å†…å­˜æ¶ˆè€—ï¼š1,243.02kb] [æ–‡ä»¶åŠ è½½ï¼š41]
[ info ] [ LANG ] D:\my web\tp5\thinkphp\lang\zh-cn.php
[ info ] [ ROUTE ] array (
  'type' => 'module',
  'module' => 
  array (
    0 => 'index',
    1 => 'Home',
    2 => 'getChildMenu',
  ),
)
[ info ] [ HEADER ] array (
  'cookie' => 'thinkphp_show_page_trace=0|0; pgv_pvi=7353847808; thinkphp_show_page_trace=0|0',
  'accept-language' => 'zh-CN,zh;q=0.9,en;q=0.8',
  'accept-encoding' => 'gzip, deflate',
  'accept' => 'text/html,application/xhtml+xml,application/xml;q=0.9,image/avif,image/webp,image/apng,*/*;q=0.8,application/signed-exchange;v=b3;q=0.9',
  'user-agent' => 'Mozilla/5.0 (Windows NT 10.0; WOW64) AppleWebKit/537.36 (KHTML, like Gecko) Chrome/88.0.4324.150 Safari/537.36',
  'upgrade-insecure-requests' => '1',
  'cache-control' => 'max-age=0',
  'connection' => 'close',
  'host' => 'www.wuruyue.com',
)
[ info ] [ PARAM ] array (
  '/index/Home/getChildMenu' => '',
  'pid' => '2',
)
[ info ] [ LOG ] INIT File
[ error ] [0]ä¸æ”¯æŒ: redis[D:\my web\tp5\thinkphp\library\think\cache\driver\Redis.php:44]
---------------------------------------------------------------
[ 2021-02-13T13:29:17+08:00 ] 127.0.0.1 GET www.wuruyue.com/index/Home/getChildMenu?pid=2
[è¿è¡Œæ—¶é—´ï¼š0.051037s] [åžåçŽ‡ï¼š19.59req/s] [å†…å­˜æ¶ˆè€—ï¼š1,243.02kb] [æ–‡ä»¶åŠ è½½ï¼š41]
[ info ] [ LANG ] D:\my web\tp5\thinkphp\lang\zh-cn.php
[ info ] [ ROUTE ] array (
  'type' => 'module',
  'module' => 
  array (
    0 => 'index',
    1 => 'Home',
    2 => 'getChildMenu',
  ),
)
[ info ] [ HEADER ] array (
  'cookie' => 'thinkphp_show_page_trace=0|0; pgv_pvi=7353847808; thinkphp_show_page_trace=0|0',
  'accept-language' => 'zh-CN,zh;q=0.9,en;q=0.8',
  'accept-encoding' => 'gzip, deflate',
  'accept' => 'text/html,application/xhtml+xml,application/xml;q=0.9,image/avif,image/webp,image/apng,*/*;q=0.8,application/signed-exchange;v=b3;q=0.9',
  'user-agent' => 'Mozilla/5.0 (Windows NT 10.0; WOW64) AppleWebKit/537.36 (KHTML, like Gecko) Chrome/88.0.4324.150 Safari/537.36',
  'upgrade-insecure-requests' => '1',
  'cache-control' => 'max-age=0',
  'connection' => 'close',
  'host' => 'www.wuruyue.com',
)
[ info ] [ PARAM ] array (
  '/index/Home/getChildMenu' => '',
  'pid' => '2',
)
[ info ] [ LOG ] INIT File
[ error ] [0]ä¸æ”¯æŒ: redis[D:\my web\tp5\thinkphp\library\think\cache\driver\Redis.php:44]
---------------------------------------------------------------
[ 2021-02-13T13:29:20+08:00 ] 127.0.0.1 GET www.wuruyue.com/index/Home/getChildMenu?pid=2
[è¿è¡Œæ—¶é—´ï¼š2.079675s] [åžåçŽ‡ï¼š0.48req/s] [å†…å­˜æ¶ˆè€—ï¼š1,242.66kb] [æ–‡ä»¶åŠ è½½ï¼š41]
[ info ] [ LANG ] D:\my web\tp5\thinkphp\lang\zh-cn.php
[ info ] [ ROUTE ] array (
  'type' => 'module',
  'module' => 
  array (
    0 => 'index',
    1 => 'Home',
    2 => 'getChildMenu',
  ),
)
[ info ] [ HEADER ] array (
  'cookie' => 'thinkphp_show_page_trace=0|0; pgv_pvi=7353847808; thinkphp_show_page_trace=0|0',
  'accept-language' => 'zh-CN,zh;q=0.9,en;q=0.8',
  'accept-encoding' => 'gzip, deflate',
  'accept' => 'text/html,application/xhtml+xml,application/xml;q=0.9,image/avif,image/webp,image/apng,*/*;q=0.8,application/signed-exchange;v=b3;q=0.9',
  'user-agent' => 'Mozilla/5.0 (Windows NT 10.0; WOW64) AppleWebKit/537.36 (KHTML, like Gecko) Chrome/88.0.4324.150 Safari/537.36',
  'upgrade-insecure-requests' => '1',
  'cache-control' => 'max-age=0',
  'connection' => 'close',
  'host' => 'www.wuruyue.com',
)
[ info ] [ PARAM ] array (
  '/index/Home/getChildMenu' => '',
  'pid' => '2',
)
[ info ] [ LOG ] INIT File
[ error ] [0]ÓÉÓÚÄ¿±ê¼ÆËã»ú»ý¼«¾Ü¾ø£¬ÎÞ·¨Á¬½Ó¡£
[D:\my web\tp5\thinkphp\library\think\cache\driver\Redis.php:53]
---------------------------------------------------------------
[ 2021-02-13T13:29:22+08:00 ] 127.0.0.1 GET www.wuruyue.com/index/Home/getChildMenu?pid=2
[è¿è¡Œæ—¶é—´ï¼š2.046714s] [åžåçŽ‡ï¼š0.49req/s] [å†…å­˜æ¶ˆè€—ï¼š1,242.66kb] [æ–‡ä»¶åŠ è½½ï¼š41]
[ info ] [ LANG ] D:\my web\tp5\thinkphp\lang\zh-cn.php
[ info ] [ ROUTE ] array (
  'type' => 'module',
  'module' => 
  array (
    0 => 'index',
    1 => 'Home',
    2 => 'getChildMenu',
  ),
)
[ info ] [ HEADER ] array (
  'cookie' => 'thinkphp_show_page_trace=0|0; pgv_pvi=7353847808; thinkphp_show_page_trace=0|0',
  'accept-language' => 'zh-CN,zh;q=0.9,en;q=0.8',
  'accept-encoding' => 'gzip, deflate',
  'accept' => 'text/html,application/xhtml+xml,application/xml;q=0.9,image/avif,image/webp,image/apng,*/*;q=0.8,application/signed-exchange;v=b3;q=0.9',
  'user-agent' => 'Mozilla/5.0 (Windows NT 10.0; WOW64) AppleWebKit/537.36 (KHTML, like Gecko) Chrome/88.0.4324.150 Safari/537.36',
  'upgrade-insecure-requests' => '1',
  'cache-control' => 'max-age=0',
  'connection' => 'close',
  'host' => 'www.wuruyue.com',
)
[ info ] [ PARAM ] array (
  '/index/Home/getChildMenu' => '',
  'pid' => '2',
)
[ info ] [ LOG ] INIT File
[ error ] [0]ÓÉÓÚÄ¿±ê¼ÆËã»ú»ý¼«¾Ü¾ø£¬ÎÞ·¨Á¬½Ó¡£
[D:\my web\tp5\thinkphp\library\think\cache\driver\Redis.php:53]
---------------------------------------------------------------
[ 2021-02-13T13:30:07+08:00 ] 127.0.0.1 GET www.wuruyue.com/index/Home/getChildMenu?pid=2
[è¿è¡Œæ—¶é—´ï¼š2.077250s] [åžåçŽ‡ï¼š0.48req/s] [å†…å­˜æ¶ˆè€—ï¼š1,242.66kb] [æ–‡ä»¶åŠ è½½ï¼š41]
[ info ] [ LANG ] D:\my web\tp5\thinkphp\lang\zh-cn.php
[ info ] [ ROUTE ] array (
  'type' => 'module',
  'module' => 
  array (
    0 => 'index',
    1 => 'Home',
    2 => 'getChildMenu',
  ),
)
[ info ] [ HEADER ] array (
  'cookie' => 'thinkphp_show_page_trace=0|0; pgv_pvi=7353847808; thinkphp_show_page_trace=0|0',
  'accept-language' => 'zh-CN,zh;q=0.9,en;q=0.8',
  'accept-encoding' => 'gzip, deflate',
  'accept' => 'text/html,application/xhtml+xml,application/xml;q=0.9,image/avif,image/webp,image/apng,*/*;q=0.8,application/signed-exchange;v=b3;q=0.9',
  'user-agent' => 'Mozilla/5.0 (Windows NT 10.0; WOW64) AppleWebKit/537.36 (KHTML, like Gecko) Chrome/88.0.4324.150 Safari/537.36',
  'upgrade-insecure-requests' => '1',
  'cache-control' => 'max-age=0',
  'connection' => 'close',
  'host' => 'www.wuruyue.com',
)
[ info ] [ PARAM ] array (
  '/index/Home/getChildMenu' => '',
  'pid' => '2',
)
[ info ] [ LOG ] INIT File
[ error ] [0]ÓÉÓÚÄ¿±ê¼ÆËã»ú»ý¼«¾Ü¾ø£¬ÎÞ·¨Á¬½Ó¡£
[D:\my web\tp5\thinkphp\library\think\cache\driver\Redis.php:53]
---------------------------------------------------------------
[ 2021-02-13T13:36:40+08:00 ] 127.0.0.1 GET www.wuruyue.com/index/Home/getChildMenu?pid=2
[è¿è¡Œæ—¶é—´ï¼š0.953424s] [åžåçŽ‡ï¼š1.05req/s] [å†…å­˜æ¶ˆè€—ï¼š2,035.45kb] [æ–‡ä»¶åŠ è½½ï¼š45]
[ info ] [ LANG ] D:\my web\tp5\thinkphp\lang\zh-cn.php
[ info ] [ ROUTE ] array (
  'type' => 'module',
  'module' => 
  array (
    0 => 'index',
    1 => 'Home',
    2 => 'getChildMenu',
  ),
)
[ info ] [ HEADER ] array (
  'cookie' => 'thinkphp_show_page_trace=0|0; pgv_pvi=7353847808; thinkphp_show_page_trace=0|0',
  'accept-language' => 'zh-CN,zh;q=0.9,en;q=0.8',
  'accept-encoding' => 'gzip, deflate',
  'accept' => 'text/html,application/xhtml+xml,application/xml;q=0.9,image/avif,image/webp,image/apng,*/*;q=0.8,application/signed-exchange;v=b3;q=0.9',
  'user-agent' => 'Mozilla/5.0 (Windows NT 10.0; WOW64) AppleWebKit/537.36 (KHTML, like Gecko) Chrome/88.0.4324.150 Safari/537.36',
  'upgrade-insecure-requests' => '1',
  'cache-control' => 'max-age=0',
  'connection' => 'close',
  'host' => 'www.wuruyue.com',
)
[ info ] [ PARAM ] array (
  '/index/Home/getChildMenu' => '',
  'pid' => '2',
)
[ info ] [ RUN ] app\index\controller\Home->getChildMenu[ D:\my web\tp5\app\index\controller\Home.php ]
[ info ] [ DB ] INIT mysql
[ info ] [ LOG ] INIT File
[ sql ] [ DB ] CONNECT:[ UseTime:0.103864s ] mysql:host=127.0.0.1;dbname=ours;charset=utf8
[ sql ] [ SQL ] SHOW COLUMNS FROM `t_m_menu` [ RunTime:0.213068s ]
[ sql ] [ SQL ] SELECT `m`.`menu_name`,`m`.`parent_menu_id`,`m`.`menu_link`,`m`.`menu_icon`,`m`.`menu_level`,`m`.`menu_id` FROM `t_m_menu` `m` RIGHT JOIN `t_m_rm` `rm` ON `m`.`menu_id`=`rm`.`menu_id` WHERE  `m`.`state` = 0  AND `rm`.`role_id` = 0 [ RunTime:0.100070s ]
---------------------------------------------------------------
[ 2021-02-13T13:37:06+08:00 ] 127.0.0.1 POST www.wuruyue.com/index/Index/login
[è¿è¡Œæ—¶é—´ï¼š0.506959s] [åžåçŽ‡ï¼š1.97req/s] [å†…å­˜æ¶ˆè€—ï¼š2,150.41kb] [æ–‡ä»¶åŠ è½½ï¼š45]
[ info ] [ LANG ] D:\my web\tp5\thinkphp\lang\zh-cn.php
[ info ] [ ROUTE ] array (
  'type' => 'module',
  'module' => 
  array (
    0 => 'index',
    1 => 'Index',
    2 => 'login',
  ),
)
[ info ] [ HEADER ] array (
  'host' => 'www.wuruyue.com',
  'connection' => 'close',
  'content-length' => '29',
  'accept' => 'application/json, text/plain, */*',
  'user-agent' => 'Mozilla/5.0 (Windows NT 10.0; WOW64) AppleWebKit/537.36 (KHTML, like Gecko) Chrome/88.0.4324.150 Safari/537.36',
  'content-type' => 'application/json;charset=UTF-8',
  'origin' => 'http://localhost:8080',
  'sec-fetch-site' => 'same-origin',
  'sec-fetch-mode' => 'cors',
  'sec-fetch-dest' => 'empty',
  'referer' => 'http://localhost:8080/',
  'accept-encoding' => 'gzip, deflate, br',
  'accept-language' => 'zh-CN,zh;q=0.9,en;q=0.8',
  'x-forwarded-for' => '127.0.0.1',
  'x-forwarded-port' => '8080',
  'x-forwarded-proto' => 'http',
  'x-forwarded-host' => 'localhost:8080',
)
[ info ] [ PARAM ] array (
  '/index/Index/login' => '',
  'pwd' => 'myworldqwepoi!@#450',
)
[ info ] [ RUN ] app\index\controller\Index->login[ D:\my web\tp5\app\index\controller\Index.php ]
[ info ] [ DB ] INIT mysql
[ info ] [ LOG ] INIT File
[ sql ] [ DB ] CONNECT:[ UseTime:0.011778s ] mysql:host=127.0.0.1;dbname=ours;charset=utf8
[ sql ] [ SQL ] SHOW COLUMNS FROM `t_m_user` [ RunTime:0.141281s ]
[ sql ] [ SQL ] SELECT `user_id` FROM `t_m_user` WHERE  `password` = '821bf2234c46d81038d7dc52a700398f' LIMIT 1 [ RunTime:0.043854s ]
[ sql ] [ SQL ] SHOW COLUMNS FROM `t_m_ru` [ RunTime:0.105175s ]
[ sql ] [ SQL ] SELECT `role_id` FROM `t_m_ru` WHERE  `user_id` = 1 LIMIT 1 [ RunTime:0.000751s ]
---------------------------------------------------------------
[ 2021-02-13T13:37:07+08:00 ] 127.0.0.1 POST www.wuruyue.com/index/Home/getChildMenu
[è¿è¡Œæ—¶é—´ï¼š0.126006s] [åžåçŽ‡ï¼š7.94req/s] [å†…å­˜æ¶ˆè€—ï¼š2,037.35kb] [æ–‡ä»¶åŠ è½½ï¼š45]
[ info ] [ LANG ] D:\my web\tp5\thinkphp\lang\zh-cn.php
[ info ] [ ROUTE ] array (
  'type' => 'module',
  'module' => 
  array (
    0 => 'index',
    1 => 'Home',
    2 => 'getChildMenu',
  ),
)
[ info ] [ HEADER ] array (
  'host' => 'www.wuruyue.com',
  'connection' => 'close',
  'content-length' => '9',
  'accept' => 'application/json, text/plain, */*',
  'user-agent' => 'Mozilla/5.0 (Windows NT 10.0; WOW64) AppleWebKit/537.36 (KHTML, like Gecko) Chrome/88.0.4324.150 Safari/537.36',
  'content-type' => 'application/json;charset=UTF-8',
  'origin' => 'http://localhost:8080',
  'sec-fetch-site' => 'same-origin',
  'sec-fetch-mode' => 'cors',
  'sec-fetch-dest' => 'empty',
  'referer' => 'http://localhost:8080/myworld.html',
  'accept-encoding' => 'gzip, deflate, br',
  'accept-language' => 'zh-CN,zh;q=0.9,en;q=0.8',
  'x-forwarded-for' => '127.0.0.1',
  'x-forwarded-port' => '8080',
  'x-forwarded-proto' => 'http',
  'x-forwarded-host' => 'localhost:8080',
)
[ info ] [ PARAM ] array (
  '/index/Home/getChildMenu' => '',
  'pid' => 1,
)
[ info ] [ RUN ] app\index\controller\Home->getChildMenu[ D:\my web\tp5\app\index\controller\Home.php ]
[ info ] [ DB ] INIT mysql
[ info ] [ LOG ] INIT File
[ sql ] [ DB ] CONNECT:[ UseTime:0.012295s ] mysql:host=127.0.0.1;dbname=ours;charset=utf8
[ sql ] [ SQL ] SHOW COLUMNS FROM `t_m_menu` [ RunTime:0.048036s ]
[ sql ] [ SQL ] SELECT `m`.`menu_name`,`m`.`parent_menu_id`,`m`.`menu_link`,`m`.`menu_icon`,`m`.`menu_level`,`m`.`menu_id` FROM `t_m_menu` `m` RIGHT JOIN `t_m_rm` `rm` ON `m`.`menu_id`=`rm`.`menu_id` WHERE  `m`.`state` = 0  AND `rm`.`role_id` = 0 [ RunTime:0.000899s ]
---------------------------------------------------------------
[ 2021-02-13T13:37:29+08:00 ] 127.0.0.1 POST www.wuruyue.com/index/Index/login
[è¿è¡Œæ—¶é—´ï¼š0.155858s] [åžåçŽ‡ï¼š6.42req/s] [å†…å­˜æ¶ˆè€—ï¼š2,150.41kb] [æ–‡ä»¶åŠ è½½ï¼š45]
[ info ] [ LANG ] D:\my web\tp5\thinkphp\lang\zh-cn.php
[ info ] [ ROUTE ] array (
  'type' => 'module',
  'module' => 
  array (
    0 => 'index',
    1 => 'Index',
    2 => 'login',
  ),
)
[ info ] [ HEADER ] array (
  'host' => 'www.wuruyue.com',
  'connection' => 'close',
  'content-length' => '29',
  'accept' => 'application/json, text/plain, */*',
  'user-agent' => 'Mozilla/5.0 (Windows NT 10.0; WOW64) AppleWebKit/537.36 (KHTML, like Gecko) Chrome/88.0.4324.150 Safari/537.36',
  'content-type' => 'application/json;charset=UTF-8',
  'origin' => 'http://localhost:8080',
  'sec-fetch-site' => 'same-origin',
  'sec-fetch-mode' => 'cors',
  'sec-fetch-dest' => 'empty',
  'referer' => 'http://localhost:8080/',
  'accept-encoding' => 'gzip, deflate, br',
  'accept-language' => 'zh-CN,zh;q=0.9,en;q=0.8',
  'x-forwarded-for' => '127.0.0.1',
  'x-forwarded-port' => '8080',
  'x-forwarded-proto' => 'http',
  'x-forwarded-host' => 'localhost:8080',
)
[ info ] [ PARAM ] array (
  '/index/Index/login' => '',
  'pwd' => 'myworldqwepoi!@#450',
)
[ info ] [ RUN ] app\index\controller\Index->login[ D:\my web\tp5\app\index\controller\Index.php ]
[ info ] [ DB ] INIT mysql
[ info ] [ LOG ] INIT File
[ sql ] [ DB ] CONNECT:[ UseTime:0.002977s ] mysql:host=127.0.0.1;dbname=ours;charset=utf8
[ sql ] [ SQL ] SHOW COLUMNS FROM `t_m_user` [ RunTime:0.064531s ]
[ sql ] [ SQL ] SELECT `user_id` FROM `t_m_user` WHERE  `password` = '821bf2234c46d81038d7dc52a700398f' LIMIT 1 [ RunTime:0.001016s ]
[ sql ] [ SQL ] SHOW COLUMNS FROM `t_m_ru` [ RunTime:0.040434s ]
[ sql ] [ SQL ] SELECT `role_id` FROM `t_m_ru` WHERE  `user_id` = 1 LIMIT 1 [ RunTime:0.000637s ]
---------------------------------------------------------------
[ 2021-02-13T13:37:30+08:00 ] 127.0.0.1 POST www.wuruyue.com/index/Home/getChildMenu
[è¿è¡Œæ—¶é—´ï¼š0.166093s] [åžåçŽ‡ï¼š6.02req/s] [å†…å­˜æ¶ˆè€—ï¼š2,037.35kb] [æ–‡ä»¶åŠ è½½ï¼š45]
[ info ] [ LANG ] D:\my web\tp5\thinkphp\lang\zh-cn.php
[ info ] [ ROUTE ] array (
  'type' => 'module',
  'module' => 
  array (
    0 => 'index',
    1 => 'Home',
    2 => 'getChildMenu',
  ),
)
[ info ] [ HEADER ] array (
  'host' => 'www.wuruyue.com',
  'connection' => 'close',
  'content-length' => '9',
  'accept' => 'application/json, text/plain, */*',
  'user-agent' => 'Mozilla/5.0 (Windows NT 10.0; WOW64) AppleWebKit/537.36 (KHTML, like Gecko) Chrome/88.0.4324.150 Safari/537.36',
  'content-type' => 'application/json;charset=UTF-8',
  'origin' => 'http://localhost:8080',
  'sec-fetch-site' => 'same-origin',
  'sec-fetch-mode' => 'cors',
  'sec-fetch-dest' => 'empty',
  'referer' => 'http://localhost:8080/myworld.html',
  'accept-encoding' => 'gzip, deflate, br',
  'accept-language' => 'zh-CN,zh;q=0.9,en;q=0.8',
  'x-forwarded-for' => '127.0.0.1',
  'x-forwarded-port' => '8080',
  'x-forwarded-proto' => 'http',
  'x-forwarded-host' => 'localhost:8080',
)
[ info ] [ PARAM ] array (
  '/index/Home/getChildMenu' => '',
  'pid' => 1,
)
[ info ] [ RUN ] app\index\controller\Home->getChildMenu[ D:\my web\tp5\app\index\controller\Home.php ]
[ info ] [ DB ] INIT mysql
[ info ] [ LOG ] INIT File
[ sql ] [ DB ] CONNECT:[ UseTime:0.003437s ] mysql:host=127.0.0.1;dbname=ours;charset=utf8
[ sql ] [ SQL ] SHOW COLUMNS FROM `t_m_menu` [ RunTime:0.083693s ]
[ sql ] [ SQL ] SELECT `m`.`menu_name`,`m`.`parent_menu_id`,`m`.`menu_link`,`m`.`menu_icon`,`m`.`menu_level`,`m`.`menu_id` FROM `t_m_menu` `m` RIGHT JOIN `t_m_rm` `rm` ON `m`.`menu_id`=`rm`.`menu_id` WHERE  `m`.`state` = 0  AND `rm`.`role_id` = 0 [ RunTime:0.000909s ]
---------------------------------------------------------------
[ 2021-02-13T13:42:13+08:00 ] 127.0.0.1 POST www.wuruyue.com/index/Index/login
[è¿è¡Œæ—¶é—´ï¼š0.374960s] [åžåçŽ‡ï¼š2.67req/s] [å†…å­˜æ¶ˆè€—ï¼š2,150.41kb] [æ–‡ä»¶åŠ è½½ï¼š45]
[ info ] [ LANG ] D:\my web\tp5\thinkphp\lang\zh-cn.php
[ info ] [ ROUTE ] array (
  'type' => 'module',
  'module' => 
  array (
    0 => 'index',
    1 => 'Index',
    2 => 'login',
  ),
)
[ info ] [ HEADER ] array (
  'host' => 'www.wuruyue.com',
  'connection' => 'close',
  'content-length' => '29',
  'accept' => 'application/json, text/plain, */*',
  'user-agent' => 'Mozilla/5.0 (Windows NT 10.0; WOW64) AppleWebKit/537.36 (KHTML, like Gecko) Chrome/88.0.4324.150 Safari/537.36',
  'content-type' => 'application/json;charset=UTF-8',
  'origin' => 'http://localhost:8080',
  'sec-fetch-site' => 'same-origin',
  'sec-fetch-mode' => 'cors',
  'sec-fetch-dest' => 'empty',
  'referer' => 'http://localhost:8080/',
  'accept-encoding' => 'gzip, deflate, br',
  'accept-language' => 'zh-CN,zh;q=0.9,en;q=0.8',
  'x-forwarded-for' => '127.0.0.1',
  'x-forwarded-port' => '8080',
  'x-forwarded-proto' => 'http',
  'x-forwarded-host' => 'localhost:8080',
)
[ info ] [ PARAM ] array (
  '/index/Index/login' => '',
  'pwd' => 'myworldqwepoi!@#450',
)
[ info ] [ RUN ] app\index\controller\Index->login[ D:\my web\tp5\app\index\controller\Index.php ]
[ info ] [ DB ] INIT mysql
[ info ] [ LOG ] INIT File
[ sql ] [ DB ] CONNECT:[ UseTime:0.004194s ] mysql:host=127.0.0.1;dbname=ours;charset=utf8
[ sql ] [ SQL ] SHOW COLUMNS FROM `t_m_user` [ RunTime:0.059516s ]
[ sql ] [ SQL ] SELECT `user_id` FROM `t_m_user` WHERE  `password` = '821bf2234c46d81038d7dc52a700398f' LIMIT 1 [ RunTime:0.000790s ]
[ sql ] [ SQL ] SHOW COLUMNS FROM `t_m_ru` [ RunTime:0.038935s ]
[ sql ] [ SQL ] SELECT `role_id` FROM `t_m_ru` WHERE  `user_id` = 1 LIMIT 1 [ RunTime:0.000763s ]
---------------------------------------------------------------
[ 2021-02-13T13:42:15+08:00 ] 127.0.0.1 POST www.wuruyue.com/index/Home/getChildMenu
[è¿è¡Œæ—¶é—´ï¼š0.224074s] [åžåçŽ‡ï¼š4.46req/s] [å†…å­˜æ¶ˆè€—ï¼š2,037.35kb] [æ–‡ä»¶åŠ è½½ï¼š45]
[ info ] [ LANG ] D:\my web\tp5\thinkphp\lang\zh-cn.php
[ info ] [ ROUTE ] array (
  'type' => 'module',
  'module' => 
  array (
    0 => 'index',
    1 => 'Home',
    2 => 'getChildMenu',
  ),
)
[ info ] [ HEADER ] array (
  'host' => 'www.wuruyue.com',
  'connection' => 'close',
  'content-length' => '9',
  'accept' => 'application/json, text/plain, */*',
  'user-agent' => 'Mozilla/5.0 (Windows NT 10.0; WOW64) AppleWebKit/537.36 (KHTML, like Gecko) Chrome/88.0.4324.150 Safari/537.36',
  'content-type' => 'application/json;charset=UTF-8',
  'origin' => 'http://localhost:8080',
  'sec-fetch-site' => 'same-origin',
  'sec-fetch-mode' => 'cors',
  'sec-fetch-dest' => 'empty',
  'referer' => 'http://localhost:8080/myworld.html',
  'accept-encoding' => 'gzip, deflate, br',
  'accept-language' => 'zh-CN,zh;q=0.9,en;q=0.8',
  'x-forwarded-for' => '127.0.0.1',
  'x-forwarded-port' => '8080',
  'x-forwarded-proto' => 'http',
  'x-forwarded-host' => 'localhost:8080',
)
[ info ] [ PARAM ] array (
  '/index/Home/getChildMenu' => '',
  'pid' => 1,
)
[ info ] [ RUN ] app\index\controller\Home->getChildMenu[ D:\my web\tp5\app\index\controller\Home.php ]
[ info ] [ DB ] INIT mysql
[ info ] [ LOG ] INIT File
[ sql ] [ DB ] CONNECT:[ UseTime:0.004903s ] mysql:host=127.0.0.1;dbname=ours;charset=utf8
[ sql ] [ SQL ] SHOW COLUMNS FROM `t_m_menu` [ RunTime:0.085623s ]
[ sql ] [ SQL ] SELECT `m`.`menu_name`,`m`.`parent_menu_id`,`m`.`menu_link`,`m`.`menu_icon`,`m`.`menu_level`,`m`.`menu_id` FROM `t_m_menu` `m` RIGHT JOIN `t_m_rm` `rm` ON `m`.`menu_id`=`rm`.`menu_id` WHERE  `m`.`state` = 0  AND `rm`.`role_id` = 0 [ RunTime:0.001080s ]
---------------------------------------------------------------
[ 2021-02-13T13:42:33+08:00 ] 127.0.0.1 GET www.wuruyue.com/index/Home/getChildMenu?pid=2
[è¿è¡Œæ—¶é—´ï¼š0.131168s] [åžåçŽ‡ï¼š7.62req/s] [å†…å­˜æ¶ˆè€—ï¼š2,035.45kb] [æ–‡ä»¶åŠ è½½ï¼š45]
[ info ] [ LANG ] D:\my web\tp5\thinkphp\lang\zh-cn.php
[ info ] [ ROUTE ] array (
  'type' => 'module',
  'module' => 
  array (
    0 => 'index',
    1 => 'Home',
    2 => 'getChildMenu',
  ),
)
[ info ] [ HEADER ] array (
  'cookie' => 'thinkphp_show_page_trace=0|0; pgv_pvi=7353847808; thinkphp_show_page_trace=0|0',
  'accept-language' => 'zh-CN,zh;q=0.9,en;q=0.8',
  'accept-encoding' => 'gzip, deflate',
  'accept' => 'text/html,application/xhtml+xml,application/xml;q=0.9,image/avif,image/webp,image/apng,*/*;q=0.8,application/signed-exchange;v=b3;q=0.9',
  'user-agent' => 'Mozilla/5.0 (Windows NT 10.0; WOW64) AppleWebKit/537.36 (KHTML, like Gecko) Chrome/88.0.4324.150 Safari/537.36',
  'upgrade-insecure-requests' => '1',
  'cache-control' => 'max-age=0',
  'connection' => 'close',
  'host' => 'www.wuruyue.com',
)
[ info ] [ PARAM ] array (
  '/index/Home/getChildMenu' => '',
  'pid' => '2',
)
[ info ] [ RUN ] app\index\controller\Home->getChildMenu[ D:\my web\tp5\app\index\controller\Home.php ]
[ info ] [ DB ] INIT mysql
[ info ] [ LOG ] INIT File
[ sql ] [ DB ] CONNECT:[ UseTime:0.012553s ] mysql:host=127.0.0.1;dbname=ours;charset=utf8
[ sql ] [ SQL ] SHOW COLUMNS FROM `t_m_menu` [ RunTime:0.060610s ]
[ sql ] [ SQL ] SELECT `m`.`menu_name`,`m`.`parent_menu_id`,`m`.`menu_link`,`m`.`menu_icon`,`m`.`menu_level`,`m`.`menu_id` FROM `t_m_menu` `m` RIGHT JOIN `t_m_rm` `rm` ON `m`.`menu_id`=`rm`.`menu_id` WHERE  `m`.`state` = 0  AND `rm`.`role_id` = 0 [ RunTime:0.000912s ]
---------------------------------------------------------------
[ 2021-02-13T13:42:52+08:00 ] 127.0.0.1 POST www.wuruyue.com/index/Home/getChildMenu
[è¿è¡Œæ—¶é—´ï¼š0.182109s] [åžåçŽ‡ï¼š5.49req/s] [å†…å­˜æ¶ˆè€—ï¼š2,037.35kb] [æ–‡ä»¶åŠ è½½ï¼š45]
[ info ] [ LANG ] D:\my web\tp5\thinkphp\lang\zh-cn.php
[ info ] [ ROUTE ] array (
  'type' => 'module',
  'module' => 
  array (
    0 => 'index',
    1 => 'Home',
    2 => 'getChildMenu',
  ),
)
[ info ] [ HEADER ] array (
  'host' => 'www.wuruyue.com',
  'connection' => 'close',
  'content-length' => '9',
  'accept' => 'application/json, text/plain, */*',
  'user-agent' => 'Mozilla/5.0 (Windows NT 10.0; WOW64) AppleWebKit/537.36 (KHTML, like Gecko) Chrome/88.0.4324.150 Safari/537.36',
  'content-type' => 'application/json;charset=UTF-8',
  'origin' => 'http://localhost:8080',
  'sec-fetch-site' => 'same-origin',
  'sec-fetch-mode' => 'cors',
  'sec-fetch-dest' => 'empty',
  'referer' => 'http://localhost:8080/myworld.html',
  'accept-encoding' => 'gzip, deflate, br',
  'accept-language' => 'zh-CN,zh;q=0.9,en;q=0.8',
  'x-forwarded-for' => '127.0.0.1',
  'x-forwarded-port' => '8080',
  'x-forwarded-proto' => 'http',
  'x-forwarded-host' => 'localhost:8080',
)
[ info ] [ PARAM ] array (
  '/index/Home/getChildMenu' => '',
  'pid' => 1,
)
[ info ] [ RUN ] app\index\controller\Home->getChildMenu[ D:\my web\tp5\app\index\controller\Home.php ]
[ info ] [ DB ] INIT mysql
[ info ] [ LOG ] INIT File
[ sql ] [ DB ] CONNECT:[ UseTime:0.004899s ] mysql:host=127.0.0.1;dbname=ours;charset=utf8
[ sql ] [ SQL ] SHOW COLUMNS FROM `t_m_menu` [ RunTime:0.090757s ]
[ sql ] [ SQL ] SELECT `m`.`menu_name`,`m`.`parent_menu_id`,`m`.`menu_link`,`m`.`menu_icon`,`m`.`menu_level`,`m`.`menu_id` FROM `t_m_menu` `m` RIGHT JOIN `t_m_rm` `rm` ON `m`.`menu_id`=`rm`.`menu_id` WHERE  `m`.`state` = 0  AND `rm`.`role_id` = 0 [ RunTime:0.001190s ]
---------------------------------------------------------------
[ 2021-02-13T14:34:33+08:00 ] 127.0.0.1 GET www.wuruyue.com/
[è¿è¡Œæ—¶é—´ï¼š1.574875s] [åžåçŽ‡ï¼š0.63req/s] [å†…å­˜æ¶ˆè€—ï¼š1,212.39kb] [æ–‡ä»¶åŠ è½½ï¼š39]
[ info ] [ LANG ] D:\xp.cn\www\wwwroot\admin\localhost_80\wwwroot\my web\tp5\thinkphp\lang\zh-cn.php
[ info ] [ ROUTE ] array (
  'type' => 'module',
  'module' => 
  array (
    0 => '',
    1 => NULL,
    2 => NULL,
  ),
)
[ info ] [ HEADER ] array (
  'cookie' => 'pgv_pvi=7353847808',
  'accept-language' => 'zh-CN,zh;q=0.9,en;q=0.8',
  'accept-encoding' => 'gzip, deflate',
  'accept' => 'text/html,application/xhtml+xml,application/xml;q=0.9,image/avif,image/webp,image/apng,*/*;q=0.8,application/signed-exchange;v=b3;q=0.9',
  'user-agent' => 'Mozilla/5.0 (Windows NT 10.0; WOW64) AppleWebKit/537.36 (KHTML, like Gecko) Chrome/88.0.4324.150 Safari/537.36',
  'upgrade-insecure-requests' => '1',
  'connection' => 'close',
  'host' => 'www.wuruyue.com',
)
[ info ] [ PARAM ] array (
)
[ info ] [ LOG ] INIT File
---------------------------------------------------------------
[ 2021-02-13T14:34:42+08:00 ] 127.0.0.1 GET www.wuruyue.com/index/Home/getChildMenu?pid=2
[è¿è¡Œæ—¶é—´ï¼š0.219606s] [åžåçŽ‡ï¼š4.55req/s] [å†…å­˜æ¶ˆè€—ï¼š1,249.86kb] [æ–‡ä»¶åŠ è½½ï¼š41]
[ info ] [ LANG ] D:\xp.cn\www\wwwroot\admin\localhost_80\wwwroot\my web\tp5\thinkphp\lang\zh-cn.php
[ info ] [ ROUTE ] array (
  'type' => 'module',
  'module' => 
  array (
    0 => 'index',
    1 => 'Home',
    2 => 'getChildMenu',
  ),
)
[ info ] [ HEADER ] array (
  'cookie' => 'pgv_pvi=7353847808; thinkphp_show_page_trace=0|0',
  'accept-language' => 'zh-CN,zh;q=0.9,en;q=0.8',
  'accept-encoding' => 'gzip, deflate',
  'accept' => 'text/html,application/xhtml+xml,application/xml;q=0.9,image/avif,image/webp,image/apng,*/*;q=0.8,application/signed-exchange;v=b3;q=0.9',
  'user-agent' => 'Mozilla/5.0 (Windows NT 10.0; WOW64) AppleWebKit/537.36 (KHTML, like Gecko) Chrome/88.0.4324.150 Safari/537.36',
  'upgrade-insecure-requests' => '1',
  'connection' => 'close',
  'host' => 'www.wuruyue.com',
)
[ info ] [ PARAM ] array (
  'pid' => '2',
)
[ info ] [ LOG ] INIT File
[ error ] [0]ä¸æ”¯æŒ: redis[D:\xp.cn\www\wwwroot\admin\localhost_80\wwwroot\my web\tp5\thinkphp\library\think\cache\driver\Redis.php:44]
---------------------------------------------------------------
[ 2021-02-13T14:41:47+08:00 ] 127.0.0.1 GET www.wuruyue.com/index/Home/getChildMenu?pid=2
[è¿è¡Œæ—¶é—´ï¼š0.054171s] [åžåçŽ‡ï¼š18.46req/s] [å†…å­˜æ¶ˆè€—ï¼š1,250.45kb] [æ–‡ä»¶åŠ è½½ï¼š41]
[ info ] [ LANG ] D:\xp.cn\www\wwwroot\admin\localhost_80\wwwroot\my web\tp5\thinkphp\lang\zh-cn.php
[ info ] [ ROUTE ] array (
  'type' => 'module',
  'module' => 
  array (
    0 => 'index',
    1 => 'Home',
    2 => 'getChildMenu',
  ),
)
[ info ] [ HEADER ] array (
  'cookie' => 'thinkphp_show_page_trace=0|0; pgv_pvi=7353847808; thinkphp_show_page_trace=0|0',
  'accept-language' => 'zh-CN,zh;q=0.9,en;q=0.8',
  'accept-encoding' => 'gzip, deflate',
  'accept' => 'text/html,application/xhtml+xml,application/xml;q=0.9,image/avif,image/webp,image/apng,*/*;q=0.8,application/signed-exchange;v=b3;q=0.9',
  'user-agent' => 'Mozilla/5.0 (Windows NT 10.0; WOW64) AppleWebKit/537.36 (KHTML, like Gecko) Chrome/88.0.4324.150 Safari/537.36',
  'upgrade-insecure-requests' => '1',
  'cache-control' => 'max-age=0',
  'connection' => 'close',
  'host' => 'www.wuruyue.com',
)
[ info ] [ PARAM ] array (
  'pid' => '2',
)
[ info ] [ LOG ] INIT File
[ error ] [0]ä¸æ”¯æŒ: redis[D:\xp.cn\www\wwwroot\admin\localhost_80\wwwroot\my web\tp5\thinkphp\library\think\cache\driver\Redis.php:44]
---------------------------------------------------------------
[ 2021-02-13T14:41:48+08:00 ] 127.0.0.1 GET www.wuruyue.com/index/Home/getChildMenu?pid=2
[è¿è¡Œæ—¶é—´ï¼š0.044617s] [åžåçŽ‡ï¼š22.41req/s] [å†…å­˜æ¶ˆè€—ï¼š1,250.45kb] [æ–‡ä»¶åŠ è½½ï¼š41]
[ info ] [ LANG ] D:\xp.cn\www\wwwroot\admin\localhost_80\wwwroot\my web\tp5\thinkphp\lang\zh-cn.php
[ info ] [ ROUTE ] array (
  'type' => 'module',
  'module' => 
  array (
    0 => 'index',
    1 => 'Home',
    2 => 'getChildMenu',
  ),
)
[ info ] [ HEADER ] array (
  'cookie' => 'thinkphp_show_page_trace=0|0; pgv_pvi=7353847808; thinkphp_show_page_trace=0|0',
  'accept-language' => 'zh-CN,zh;q=0.9,en;q=0.8',
  'accept-encoding' => 'gzip, deflate',
  'accept' => 'text/html,application/xhtml+xml,application/xml;q=0.9,image/avif,image/webp,image/apng,*/*;q=0.8,application/signed-exchange;v=b3;q=0.9',
  'user-agent' => 'Mozilla/5.0 (Windows NT 10.0; WOW64) AppleWebKit/537.36 (KHTML, like Gecko) Chrome/88.0.4324.150 Safari/537.36',
  'upgrade-insecure-requests' => '1',
  'cache-control' => 'max-age=0',
  'connection' => 'close',
  'host' => 'www.wuruyue.com',
)
[ info ] [ PARAM ] array (
  'pid' => '2',
)
[ info ] [ LOG ] INIT File
[ error ] [0]ä¸æ”¯æŒ: redis[D:\xp.cn\www\wwwroot\admin\localhost_80\wwwroot\my web\tp5\thinkphp\library\think\cache\driver\Redis.php:44]
---------------------------------------------------------------
[ 2021-02-13T14:44:27+08:00 ] 127.0.0.1 GET www.wuruyue.com/index/Home/getChildMenu?pid=2
[è¿è¡Œæ—¶é—´ï¼š2.485943s] [åžåçŽ‡ï¼š0.40req/s] [å†…å­˜æ¶ˆè€—ï¼š2,101.09kb] [æ–‡ä»¶åŠ è½½ï¼š48]
[ info ] [ LANG ] D:\xp.cn\www\wwwroot\admin\localhost_80\wwwroot\my web\tp5\thinkphp\lang\zh-cn.php
[ info ] [ ROUTE ] array (
  'type' => 'module',
  'module' => 
  array (
    0 => 'index',
    1 => 'Home',
    2 => 'getChildMenu',
  ),
)
[ info ] [ HEADER ] array (
  'cookie' => 'thinkphp_show_page_trace=0|0; pgv_pvi=7353847808; thinkphp_show_page_trace=0|0',
  'accept-language' => 'zh-CN,zh;q=0.9,en;q=0.8',
  'accept-encoding' => 'gzip, deflate',
  'accept' => 'text/html,application/xhtml+xml,application/xml;q=0.9,image/avif,image/webp,image/apng,*/*;q=0.8,application/signed-exchange;v=b3;q=0.9',
  'user-agent' => 'Mozilla/5.0 (Windows NT 10.0; WOW64) AppleWebKit/537.36 (KHTML, like Gecko) Chrome/88.0.4324.150 Safari/537.36',
  'upgrade-insecure-requests' => '1',
  'cache-control' => 'max-age=0',
  'connection' => 'close',
  'host' => 'www.wuruyue.com',
)
[ info ] [ PARAM ] array (
  'pid' => '2',
)
[ info ] [ RUN ] app\index\controller\Home->getChildMenu[ D:\xp.cn\www\wwwroot\admin\localhost_80\wwwroot\my web\tp5\app\index\controller\Home.php ]
[ info ] [ DB ] INIT mysql
[ info ] [ LOG ] INIT File
[ error ] [2002]SQLSTATE[HY000] [2002] ÓÉÓÚÄ¿±ê¼ÆËã»ú»ý¼«¾Ü¾ø£¬ÎÞ·¨Á¬½Ó¡£
[D:\xp.cn\www\wwwroot\admin\localhost_80\wwwroot\my web\tp5\thinkphp\library\think\db\Connection.php:295]
---------------------------------------------------------------
[ 2021-02-13T14:47:41+08:00 ] 127.0.0.1 GET www.wuruyue.com/index/Home/getChildMenu?pid=2
[è¿è¡Œæ—¶é—´ï¼š2.134312s] [åžåçŽ‡ï¼š0.47req/s] [å†…å­˜æ¶ˆè€—ï¼š2,101.09kb] [æ–‡ä»¶åŠ è½½ï¼š48]
[ info ] [ LANG ] D:\xp.cn\www\wwwroot\admin\localhost_80\wwwroot\my web\tp5\thinkphp\lang\zh-cn.php
[ info ] [ ROUTE ] array (
  'type' => 'module',
  'module' => 
  array (
    0 => 'index',
    1 => 'Home',
    2 => 'getChildMenu',
  ),
)
[ info ] [ HEADER ] array (
  'cookie' => 'thinkphp_show_page_trace=0|0; pgv_pvi=7353847808; thinkphp_show_page_trace=0|0',
  'accept-language' => 'zh-CN,zh;q=0.9,en;q=0.8',
  'accept-encoding' => 'gzip, deflate',
  'accept' => 'text/html,application/xhtml+xml,application/xml;q=0.9,image/avif,image/webp,image/apng,*/*;q=0.8,application/signed-exchange;v=b3;q=0.9',
  'user-agent' => 'Mozilla/5.0 (Windows NT 10.0; WOW64) AppleWebKit/537.36 (KHTML, like Gecko) Chrome/88.0.4324.150 Safari/537.36',
  'upgrade-insecure-requests' => '1',
  'cache-control' => 'max-age=0',
  'connection' => 'close',
  'host' => 'www.wuruyue.com',
)
[ info ] [ PARAM ] array (
  'pid' => '2',
)
[ info ] [ RUN ] app\index\controller\Home->getChildMenu[ D:\xp.cn\www\wwwroot\admin\localhost_80\wwwroot\my web\tp5\app\index\controller\Home.php ]
[ info ] [ DB ] INIT mysql
[ info ] [ LOG ] INIT File
[ error ] [2002]SQLSTATE[HY000] [2002] ÓÉÓÚÄ¿±ê¼ÆËã»ú»ý¼«¾Ü¾ø£¬ÎÞ·¨Á¬½Ó¡£
[D:\xp.cn\www\wwwroot\admin\localhost_80\wwwroot\my web\tp5\thinkphp\library\think\db\Connection.php:295]
---------------------------------------------------------------
[ 2021-02-13T14:47:47+08:00 ] 127.0.0.1 GET www.wuruyue.com/index/Home/getChildMenu?pid=2
[è¿è¡Œæ—¶é—´ï¼š2.076842s] [åžåçŽ‡ï¼š0.48req/s] [å†…å­˜æ¶ˆè€—ï¼š2,101.09kb] [æ–‡ä»¶åŠ è½½ï¼š48]
[ info ] [ LANG ] D:\xp.cn\www\wwwroot\admin\localhost_80\wwwroot\my web\tp5\thinkphp\lang\zh-cn.php
[ info ] [ ROUTE ] array (
  'type' => 'module',
  'module' => 
  array (
    0 => 'index',
    1 => 'Home',
    2 => 'getChildMenu',
  ),
)
[ info ] [ HEADER ] array (
  'cookie' => 'thinkphp_show_page_trace=0|0; pgv_pvi=7353847808; thinkphp_show_page_trace=0|0',
  'accept-language' => 'zh-CN,zh;q=0.9,en;q=0.8',
  'accept-encoding' => 'gzip, deflate',
  'accept' => 'text/html,application/xhtml+xml,application/xml;q=0.9,image/avif,image/webp,image/apng,*/*;q=0.8,application/signed-exchange;v=b3;q=0.9',
  'user-agent' => 'Mozilla/5.0 (Windows NT 10.0; WOW64) AppleWebKit/537.36 (KHTML, like Gecko) Chrome/88.0.4324.150 Safari/537.36',
  'upgrade-insecure-requests' => '1',
  'cache-control' => 'max-age=0',
  'connection' => 'close',
  'host' => 'www.wuruyue.com',
)
[ info ] [ PARAM ] array (
  'pid' => '2',
)
[ info ] [ RUN ] app\index\controller\Home->getChildMenu[ D:\xp.cn\www\wwwroot\admin\localhost_80\wwwroot\my web\tp5\app\index\controller\Home.php ]
[ info ] [ DB ] INIT mysql
[ info ] [ LOG ] INIT File
[ error ] [2002]SQLSTATE[HY000] [2002] ÓÉÓÚÄ¿±ê¼ÆËã»ú»ý¼«¾Ü¾ø£¬ÎÞ·¨Á¬½Ó¡£
[D:\xp.cn\www\wwwroot\admin\localhost_80\wwwroot\my web\tp5\thinkphp\library\think\db\Connection.php:295]
---------------------------------------------------------------
[ 2021-02-13T14:50:30+08:00 ] 127.0.0.1 GET www.wuruyue.com/index/Home/getChildMenu?pid=2
[è¿è¡Œæ—¶é—´ï¼š2.404477s] [åžåçŽ‡ï¼š0.42req/s] [å†…å­˜æ¶ˆè€—ï¼š2,101.12kb] [æ–‡ä»¶åŠ è½½ï¼š48]
[ info ] [ LANG ] D:\xp.cn\www\wwwroot\admin\localhost_80\wwwroot\my web\tp5\thinkphp\lang\zh-cn.php
[ info ] [ ROUTE ] array (
  'type' => 'module',
  'module' => 
  array (
    0 => 'index',
    1 => 'Home',
    2 => 'getChildMenu',
  ),
)
[ info ] [ HEADER ] array (
  'cookie' => 'thinkphp_show_page_trace=0|0; pgv_pvi=7353847808; thinkphp_show_page_trace=0|0',
  'accept-language' => 'zh-CN,zh;q=0.9,en;q=0.8',
  'accept-encoding' => 'gzip, deflate',
  'accept' => 'text/html,application/xhtml+xml,application/xml;q=0.9,image/avif,image/webp,image/apng,*/*;q=0.8,application/signed-exchange;v=b3;q=0.9',
  'user-agent' => 'Mozilla/5.0 (Windows NT 10.0; WOW64) AppleWebKit/537.36 (KHTML, like Gecko) Chrome/88.0.4324.150 Safari/537.36',
  'upgrade-insecure-requests' => '1',
  'cache-control' => 'max-age=0',
  'connection' => 'close',
  'host' => 'www.wuruyue.com',
)
[ info ] [ PARAM ] array (
  'pid' => '2',
)
[ info ] [ RUN ] app\index\controller\Home->getChildMenu[ D:\xp.cn\www\wwwroot\admin\localhost_80\wwwroot\my web\tp5\app\index\controller\Home.php ]
[ info ] [ DB ] INIT mysql
[ info ] [ LOG ] INIT File
[ error ] [1045]SQLSTATE[HY000] [1045] Access denied for user 'root'@'localhost' (using password: YES)[D:\xp.cn\www\wwwroot\admin\localhost_80\wwwroot\my web\tp5\thinkphp\library\think\db\Connection.php:295]
---------------------------------------------------------------
[ 2021-02-13T14:53:41+08:00 ] 127.0.0.1 GET www.wuruyue.com/index/Home/getChildMenu?pid=2
[è¿è¡Œæ—¶é—´ï¼š0.375149s] [åžåçŽ‡ï¼š2.67req/s] [å†…å­˜æ¶ˆè€—ï¼š2,043.42kb] [æ–‡ä»¶åŠ è½½ï¼š45]
[ info ] [ LANG ] D:\xp.cn\www\wwwroot\admin\localhost_80\wwwroot\my web\tp5\thinkphp\lang\zh-cn.php
[ info ] [ ROUTE ] array (
  'type' => 'module',
  'module' => 
  array (
    0 => 'index',
    1 => 'Home',
    2 => 'getChildMenu',
  ),
)
[ info ] [ HEADER ] array (
  'cookie' => 'thinkphp_show_page_trace=0|0; pgv_pvi=7353847808; thinkphp_show_page_trace=0|0',
  'accept-language' => 'zh-CN,zh;q=0.9,en;q=0.8',
  'accept-encoding' => 'gzip, deflate',
  'accept' => 'text/html,application/xhtml+xml,application/xml;q=0.9,image/avif,image/webp,image/apng,*/*;q=0.8,application/signed-exchange;v=b3;q=0.9',
  'user-agent' => 'Mozilla/5.0 (Windows NT 10.0; WOW64) AppleWebKit/537.36 (KHTML, like Gecko) Chrome/88.0.4324.150 Safari/537.36',
  'upgrade-insecure-requests' => '1',
  'cache-control' => 'max-age=0',
  'connection' => 'close',
  'host' => 'www.wuruyue.com',
)
[ info ] [ PARAM ] array (
  'pid' => '2',
)
[ info ] [ RUN ] app\index\controller\Home->getChildMenu[ D:\xp.cn\www\wwwroot\admin\localhost_80\wwwroot\my web\tp5\app\index\controller\Home.php ]
[ info ] [ DB ] INIT mysql
[ info ] [ LOG ] INIT File
[ sql ] [ DB ] CONNECT:[ UseTime:0.002480s ] mysql:host=127.0.0.1;dbname=ours;charset=utf8
[ sql ] [ SQL ] SHOW COLUMNS FROM `t_m_menu` [ RunTime:0.186827s ]
[ sql ] [ SQL ] SELECT `m`.`menu_name`,`m`.`parent_menu_id`,`m`.`menu_link`,`m`.`menu_icon`,`m`.`menu_level`,`m`.`menu_id` FROM `t_m_menu` `m` RIGHT JOIN `t_m_rm` `rm` ON `m`.`menu_id`=`rm`.`menu_id` WHERE  `m`.`state` = 0  AND `rm`.`role_id` = 0 [ RunTime:0.053907s ]
---------------------------------------------------------------
[ 2021-02-13T16:26:16+08:00 ] 127.0.0.1 GET www.wuruyue.com/index/Home/getChildMenu?pid=2
[è¿è¡Œæ—¶é—´ï¼š1.303281s] [åžåçŽ‡ï¼š0.77req/s] [å†…å­˜æ¶ˆè€—ï¼š2,042.55kb] [æ–‡ä»¶åŠ è½½ï¼š45]
[ info ] [ LANG ] D:\xp.cn\www\wwwroot\admin\localhost_80\wwwroot\myweb\thinkphp\lang\zh-cn.php
[ info ] [ ROUTE ] array (
  'type' => 'module',
  'module' => 
  array (
    0 => 'index',
    1 => 'Home',
    2 => 'getChildMenu',
  ),
)
[ info ] [ HEADER ] array (
  'cookie' => 'thinkphp_show_page_trace=0|0; pgv_pvi=7353847808; thinkphp_show_page_trace=0|0',
  'accept-language' => 'zh-CN,zh;q=0.9,en;q=0.8',
  'accept-encoding' => 'gzip, deflate',
  'accept' => 'text/html,application/xhtml+xml,application/xml;q=0.9,image/avif,image/webp,image/apng,*/*;q=0.8,application/signed-exchange;v=b3;q=0.9',
  'user-agent' => 'Mozilla/5.0 (Windows NT 10.0; WOW64) AppleWebKit/537.36 (KHTML, like Gecko) Chrome/88.0.4324.150 Safari/537.36',
  'upgrade-insecure-requests' => '1',
  'cache-control' => 'max-age=0',
  'connection' => 'close',
  'host' => 'www.wuruyue.com',
)
[ info ] [ PARAM ] array (
  'pid' => '2',
)
[ info ] [ RUN ] app\index\controller\Home->getChildMenu[ D:\xp.cn\www\wwwroot\admin\localhost_80\wwwroot\myweb\app\index\controller\Home.php ]
[ info ] [ DB ] INIT mysql
[ info ] [ LOG ] INIT File
[ sql ] [ DB ] CONNECT:[ UseTime:0.010955s ] mysql:host=127.0.0.1;dbname=ours;charset=utf8
[ sql ] [ SQL ] SHOW COLUMNS FROM `t_m_menu` [ RunTime:0.073213s ]
[ sql ] [ SQL ] SELECT `m`.`menu_name`,`m`.`parent_menu_id`,`m`.`menu_link`,`m`.`menu_icon`,`m`.`menu_level`,`m`.`menu_id` FROM `t_m_menu` `m` RIGHT JOIN `t_m_rm` `rm` ON `m`.`menu_id`=`rm`.`menu_id` WHERE  `m`.`state` = 0  AND `rm`.`role_id` = 0 [ RunTime:0.026313s ]
---------------------------------------------------------------
[ 2021-02-13T16:26:47+08:00 ] 127.0.0.1 GET www.wuruyue.com/index/Home/getChildMenu?pid=2
[è¿è¡Œæ—¶é—´ï¼š0.069492s] [åžåçŽ‡ï¼š14.39req/s] [å†…å­˜æ¶ˆè€—ï¼š2,042.55kb] [æ–‡ä»¶åŠ è½½ï¼š45]
[ info ] [ LANG ] D:\xp.cn\www\wwwroot\admin\localhost_80\wwwroot\myweb\thinkphp\lang\zh-cn.php
[ info ] [ ROUTE ] array (
  'type' => 'module',
  'module' => 
  array (
    0 => 'index',
    1 => 'Home',
    2 => 'getChildMenu',
  ),
)
[ info ] [ HEADER ] array (
  'cookie' => 'thinkphp_show_page_trace=0|0; pgv_pvi=7353847808; thinkphp_show_page_trace=0|0',
  'accept-language' => 'zh-CN,zh;q=0.9,en;q=0.8',
  'accept-encoding' => 'gzip, deflate',
  'accept' => 'text/html,application/xhtml+xml,application/xml;q=0.9,image/avif,image/webp,image/apng,*/*;q=0.8,application/signed-exchange;v=b3;q=0.9',
  'user-agent' => 'Mozilla/5.0 (Windows NT 10.0; WOW64) AppleWebKit/537.36 (KHTML, like Gecko) Chrome/88.0.4324.150 Safari/537.36',
  'upgrade-insecure-requests' => '1',
  'cache-control' => 'max-age=0',
  'connection' => 'close',
  'host' => 'www.wuruyue.com',
)
[ info ] [ PARAM ] array (
  'pid' => '2',
)
[ info ] [ RUN ] app\index\controller\Home->getChildMenu[ D:\xp.cn\www\wwwroot\admin\localhost_80\wwwroot\myweb\app\index\controller\Home.php ]
[ info ] [ DB ] INIT mysql
[ info ] [ LOG ] INIT File
[ sql ] [ DB ] CONNECT:[ UseTime:0.003323s ] mysql:host=127.0.0.1;dbname=ours;charset=utf8
[ sql ] [ SQL ] SHOW COLUMNS FROM `t_m_menu` [ RunTime:0.031340s ]
[ sql ] [ SQL ] SELECT `m`.`menu_name`,`m`.`parent_menu_id`,`m`.`menu_link`,`m`.`menu_icon`,`m`.`menu_level`,`m`.`menu_id` FROM `t_m_menu` `m` RIGHT JOIN `t_m_rm` `rm` ON `m`.`menu_id`=`rm`.`menu_id` WHERE  `m`.`state` = 0  AND `rm`.`role_id` = 0 [ RunTime:0.000658s ]
---------------------------------------------------------------
[ 2021-02-13T16:46:20+08:00 ] 127.0.0.1 GET www.wuruyue.com/index/Home/getChildMenu?pid=2
[è¿è¡Œæ—¶é—´ï¼š0.366879s] [åžåçŽ‡ï¼š2.73req/s] [å†…å­˜æ¶ˆè€—ï¼š2,042.55kb] [æ–‡ä»¶åŠ è½½ï¼š45]
[ info ] [ LANG ] D:\xp.cn\www\wwwroot\admin\localhost_80\wwwroot\myweb\thinkphp\lang\zh-cn.php
[ info ] [ ROUTE ] array (
  'type' => 'module',
  'module' => 
  array (
    0 => 'index',
    1 => 'Home',
    2 => 'getChildMenu',
  ),
)
[ info ] [ HEADER ] array (
  'cookie' => 'thinkphp_show_page_trace=0|0; pgv_pvi=7353847808; thinkphp_show_page_trace=0|0',
  'accept-language' => 'zh-CN,zh;q=0.9,en;q=0.8',
  'accept-encoding' => 'gzip, deflate',
  'accept' => 'text/html,application/xhtml+xml,application/xml;q=0.9,image/avif,image/webp,image/apng,*/*;q=0.8,application/signed-exchange;v=b3;q=0.9',
  'user-agent' => 'Mozilla/5.0 (Windows NT 10.0; WOW64) AppleWebKit/537.36 (KHTML, like Gecko) Chrome/88.0.4324.150 Safari/537.36',
  'upgrade-insecure-requests' => '1',
  'cache-control' => 'max-age=0',
  'connection' => 'close',
  'host' => 'www.wuruyue.com',
)
[ info ] [ PARAM ] array (
  'pid' => '2',
)
[ info ] [ RUN ] app\index\controller\Home->getChildMenu[ D:\xp.cn\www\wwwroot\admin\localhost_80\wwwroot\myweb\app\index\controller\Home.php ]
[ info ] [ DB ] INIT mysql
[ info ] [ LOG ] INIT File
[ sql ] [ DB ] CONNECT:[ UseTime:0.011336s ] mysql:host=127.0.0.1;dbname=ours;charset=utf8
[ sql ] [ SQL ] SHOW COLUMNS FROM `t_m_menu` [ RunTime:0.029981s ]
[ sql ] [ SQL ] SELECT `m`.`menu_name`,`m`.`parent_menu_id`,`m`.`menu_link`,`m`.`menu_icon`,`m`.`menu_level`,`m`.`menu_id` FROM `t_m_menu` `m` RIGHT JOIN `t_m_rm` `rm` ON `m`.`menu_id`=`rm`.`menu_id` WHERE  `m`.`state` = 0  AND `rm`.`role_id` = 0 [ RunTime:0.000937s ]
---------------------------------------------------------------
[ 2021-02-13T17:39:48+08:00 ] 127.0.0.1 GET www.wuruyue.com/index/Home/getChildMenu?pid=2
[è¿è¡Œæ—¶é—´ï¼š0.356375s] [åžåçŽ‡ï¼š2.81req/s] [å†…å­˜æ¶ˆè€—ï¼š2,042.55kb] [æ–‡ä»¶åŠ è½½ï¼š45]
[ info ] [ LANG ] D:\xp.cn\www\wwwroot\admin\localhost_80\wwwroot\myweb\thinkphp\lang\zh-cn.php
[ info ] [ ROUTE ] array (
  'type' => 'module',
  'module' => 
  array (
    0 => 'index',
    1 => 'Home',
    2 => 'getChildMenu',
  ),
)
[ info ] [ HEADER ] array (
  'cookie' => 'thinkphp_show_page_trace=0|0; pgv_pvi=7353847808; thinkphp_show_page_trace=0|0',
  'accept-language' => 'zh-CN,zh;q=0.9,en;q=0.8',
  'accept-encoding' => 'gzip, deflate',
  'accept' => 'text/html,application/xhtml+xml,application/xml;q=0.9,image/avif,image/webp,image/apng,*/*;q=0.8,application/signed-exchange;v=b3;q=0.9',
  'user-agent' => 'Mozilla/5.0 (Windows NT 10.0; WOW64) AppleWebKit/537.36 (KHTML, like Gecko) Chrome/88.0.4324.150 Safari/537.36',
  'upgrade-insecure-requests' => '1',
  'cache-control' => 'max-age=0',
  'connection' => 'close',
  'host' => 'www.wuruyue.com',
)
[ info ] [ PARAM ] array (
  'pid' => '2',
)
[ info ] [ RUN ] app\index\controller\Home->getChildMenu[ D:\xp.cn\www\wwwroot\admin\localhost_80\wwwroot\myweb\app\index\controller\Home.php ]
[ info ] [ DB ] INIT mysql
[ info ] [ LOG ] INIT File
[ sql ] [ DB ] CONNECT:[ UseTime:0.011867s ] mysql:host=127.0.0.1;dbname=ours;charset=utf8
[ sql ] [ SQL ] SHOW COLUMNS FROM `t_m_menu` [ RunTime:0.045130s ]
[ sql ] [ SQL ] SELECT `m`.`menu_name`,`m`.`parent_menu_id`,`m`.`menu_link`,`m`.`menu_icon`,`m`.`menu_level`,`m`.`menu_id` FROM `t_m_menu` `m` RIGHT JOIN `t_m_rm` `rm` ON `m`.`menu_id`=`rm`.`menu_id` WHERE  `m`.`state` = 0  AND `rm`.`role_id` = 0 [ RunTime:0.009733s ]
