---------------------------------------------------------------
[ 2021-02-15T02:29:32+08:00 ] 127.0.0.1 GET www.wuruyue.com/index/index/login
[运行时间：1.949909s] [吞吐率：0.51req/s] [内存消耗：2,084.61kb] [文件加载：46]
[ info ] [ LANG ] D:\xp.cn\www\wwwroot\admin\localhost_80\wwwroot\myweb\thinkphp\lang\zh-cn.php
[ info ] [ ROUTE ] array (
  'type' => 'module',
  'module' => 
  array (
    0 => 'index',
    1 => 'index',
    2 => 'login',
  ),
)
[ info ] [ HEADER ] array (
  'cookie' => 'pgv_pvi=7353847808',
  'accept-language' => 'zh-CN,zh;q=0.9,en;q=0.8',
  'accept-encoding' => 'gzip, deflate',
  'accept' => 'text/html,application/xhtml+xml,application/xml;q=0.9,image/avif,image/webp,image/apng,*/*;q=0.8,application/signed-exchange;v=b3;q=0.9',
  'user-agent' => 'Mozilla/5.0 (Windows NT 10.0; WOW64) AppleWebKit/537.36 (KHTML, like Gecko) Chrome/88.0.4324.150 Safari/537.36',
  'upgrade-insecure-requests' => '1',
  'cache-control' => 'max-age=0',
  'connection' => 'close',
  'host' => 'www.wuruyue.com',
)
[ info ] [ PARAM ] array (
)
[ info ] [ RUN ] app\index\controller\Index->login[ D:\xp.cn\www\wwwroot\admin\localhost_80\wwwroot\myweb\app\index\controller\Index.php ]
[ info ] [ DB ] INIT mysql
[ info ] [ LOG ] INIT File
[ sql ] [ DB ] CONNECT:[ UseTime:0.103341s ] mysql:host=127.0.0.1;dbname=ours;charset=utf8
[ sql ] [ SQL ] SHOW COLUMNS FROM `t_m_user` [ RunTime:0.217956s ]
[ sql ] [ SQL ] SELECT `user_id` FROM `t_m_user` WHERE  `password` = '74be16979710d4c4e7c6647856088456' LIMIT 1 [ RunTime:0.052551s ]
[ sql ] [ SQL ] SHOW COLUMNS FROM `t_m_ru` [ RunTime:0.100909s ]
[ sql ] [ SQL ] SELECT `role_id` FROM `t_m_ru` WHERE  `user_id` IS NULL LIMIT 1 [ RunTime:0.000558s ]
---------------------------------------------------------------
[ 2021-02-15T02:29:42+08:00 ] 127.0.0.1 GET www.wuruyue.com/index/index/getMenu
[运行时间：0.247007s] [吞吐率：4.05req/s] [内存消耗：1,214.44kb] [文件加载：39]
[ info ] [ LANG ] D:\xp.cn\www\wwwroot\admin\localhost_80\wwwroot\myweb\thinkphp\lang\zh-cn.php
[ info ] [ ROUTE ] array (
  'type' => 'module',
  'module' => 
  array (
    0 => 'index',
    1 => 'index',
    2 => 'getMenu',
  ),
)
[ info ] [ HEADER ] array (
  'cookie' => 'thinkphp_show_page_trace=0|0; pgv_pvi=7353847808',
  'accept-language' => 'zh-CN,zh;q=0.9,en;q=0.8',
  'accept-encoding' => 'gzip, deflate',
  'accept' => 'text/html,application/xhtml+xml,application/xml;q=0.9,image/avif,image/webp,image/apng,*/*;q=0.8,application/signed-exchange;v=b3;q=0.9',
  'user-agent' => 'Mozilla/5.0 (Windows NT 10.0; WOW64) AppleWebKit/537.36 (KHTML, like Gecko) Chrome/88.0.4324.150 Safari/537.36',
  'upgrade-insecure-requests' => '1',
  'connection' => 'close',
  'host' => 'www.wuruyue.com',
)
[ info ] [ PARAM ] array (
)
[ info ] [ LOG ] INIT File
---------------------------------------------------------------
[ 2021-02-15T02:31:35+08:00 ] 127.0.0.1 GET www.wuruyue.com/index/index/getMenu
[运行时间：0.034024s] [吞吐率：29.39req/s] [内存消耗：1,214.98kb] [文件加载：39]
[ info ] [ LANG ] D:\xp.cn\www\wwwroot\admin\localhost_80\wwwroot\myweb\thinkphp\lang\zh-cn.php
[ info ] [ ROUTE ] array (
  'type' => 'module',
  'module' => 
  array (
    0 => 'index',
    1 => 'index',
    2 => 'getMenu',
  ),
)
[ info ] [ HEADER ] array (
  'cookie' => 'thinkphp_show_page_trace=0|0; pgv_pvi=7353847808',
  'accept-language' => 'zh-CN,zh;q=0.9,en;q=0.8',
  'accept-encoding' => 'gzip, deflate',
  'accept' => 'text/html,application/xhtml+xml,application/xml;q=0.9,image/avif,image/webp,image/apng,*/*;q=0.8,application/signed-exchange;v=b3;q=0.9',
  'user-agent' => 'Mozilla/5.0 (Windows NT 10.0; WOW64) AppleWebKit/537.36 (KHTML, like Gecko) Chrome/88.0.4324.150 Safari/537.36',
  'upgrade-insecure-requests' => '1',
  'cache-control' => 'max-age=0',
  'connection' => 'close',
  'host' => 'www.wuruyue.com',
)
[ info ] [ PARAM ] array (
)
[ info ] [ LOG ] INIT File
---------------------------------------------------------------
[ 2021-02-15T02:31:36+08:00 ] 127.0.0.1 GET www.wuruyue.com/index/index/getMenu
[运行时间：0.033668s] [吞吐率：29.70req/s] [内存消耗：1,214.98kb] [文件加载：39]
[ info ] [ LANG ] D:\xp.cn\www\wwwroot\admin\localhost_80\wwwroot\myweb\thinkphp\lang\zh-cn.php
[ info ] [ ROUTE ] array (
  'type' => 'module',
  'module' => 
  array (
    0 => 'index',
    1 => 'index',
    2 => 'getMenu',
  ),
)
[ info ] [ HEADER ] array (
  'cookie' => 'thinkphp_show_page_trace=0|0; pgv_pvi=7353847808',
  'accept-language' => 'zh-CN,zh;q=0.9,en;q=0.8',
  'accept-encoding' => 'gzip, deflate',
  'accept' => 'text/html,application/xhtml+xml,application/xml;q=0.9,image/avif,image/webp,image/apng,*/*;q=0.8,application/signed-exchange;v=b3;q=0.9',
  'user-agent' => 'Mozilla/5.0 (Windows NT 10.0; WOW64) AppleWebKit/537.36 (KHTML, like Gecko) Chrome/88.0.4324.150 Safari/537.36',
  'upgrade-insecure-requests' => '1',
  'cache-control' => 'max-age=0',
  'connection' => 'close',
  'host' => 'www.wuruyue.com',
)
[ info ] [ PARAM ] array (
)
[ info ] [ LOG ] INIT File
---------------------------------------------------------------
[ 2021-02-15T02:35:36+08:00 ] 127.0.0.1 GET www.wuruyue.com/index/Home/getChildMenu?pid=2
[运行时间：0.654527s] [吞吐率：1.53req/s] [内存消耗：2,041.95kb] [文件加载：45]
[ info ] [ LANG ] D:\xp.cn\www\wwwroot\admin\localhost_80\wwwroot\myweb\thinkphp\lang\zh-cn.php
[ info ] [ ROUTE ] array (
  'type' => 'module',
  'module' => 
  array (
    0 => 'index',
    1 => 'Home',
    2 => 'getChildMenu',
  ),
)
[ info ] [ HEADER ] array (
  'cookie' => 'thinkphp_show_page_trace=0|0; pgv_pvi=7353847808',
  'accept-language' => 'zh-CN,zh;q=0.9,en;q=0.8',
  'accept-encoding' => 'gzip, deflate',
  'accept' => 'text/html,application/xhtml+xml,application/xml;q=0.9,image/avif,image/webp,image/apng,*/*;q=0.8,application/signed-exchange;v=b3;q=0.9',
  'user-agent' => 'Mozilla/5.0 (Windows NT 10.0; WOW64) AppleWebKit/537.36 (KHTML, like Gecko) Chrome/88.0.4324.150 Safari/537.36',
  'upgrade-insecure-requests' => '1',
  'connection' => 'close',
  'host' => 'www.wuruyue.com',
)
[ info ] [ PARAM ] array (
  'pid' => '2',
)
[ info ] [ RUN ] app\index\controller\Home->getChildMenu[ D:\xp.cn\www\wwwroot\admin\localhost_80\wwwroot\myweb\app\index\controller\Home.php ]
[ info ] [ DB ] INIT mysql
[ info ] [ LOG ] INIT File
[ sql ] [ DB ] CONNECT:[ UseTime:0.047513s ] mysql:host=127.0.0.1;dbname=ours;charset=utf8
[ sql ] [ SQL ] SHOW COLUMNS FROM `t_m_menu` [ RunTime:0.077794s ]
[ sql ] [ SQL ] SELECT `m`.`menu_name`,`m`.`parent_menu_id`,`m`.`menu_link`,`m`.`menu_icon`,`m`.`menu_level`,`m`.`menu_id` FROM `t_m_menu` `m` RIGHT JOIN `t_m_rm` `rm` ON `m`.`menu_id`=`rm`.`menu_id` WHERE  `m`.`state` = 0  AND `rm`.`role_id` = 0 [ RunTime:0.007965s ]
---------------------------------------------------------------
[ 2021-02-15T11:56:28+08:00 ] 127.0.0.1 GET www.wuruyue.com/
[运行时间：0.495587s] [吞吐率：2.02req/s] [内存消耗：1,211.44kb] [文件加载：39]
[ info ] [ LANG ] D:\xp.cn\www\wwwroot\admin\localhost_80\wwwroot\myweb\thinkphp\lang\zh-cn.php
[ info ] [ ROUTE ] array (
  'type' => 'module',
  'module' => 
  array (
    0 => '',
    1 => NULL,
    2 => NULL,
  ),
)
[ info ] [ HEADER ] array (
  'cookie' => 'pgv_pvi=7353847808',
  'accept-language' => 'zh-CN,zh;q=0.9,en;q=0.8',
  'accept-encoding' => 'gzip, deflate',
  'accept' => 'text/html,application/xhtml+xml,application/xml;q=0.9,image/avif,image/webp,image/apng,*/*;q=0.8,application/signed-exchange;v=b3;q=0.9',
  'user-agent' => 'Mozilla/5.0 (Windows NT 10.0; WOW64) AppleWebKit/537.36 (KHTML, like Gecko) Chrome/88.0.4324.150 Safari/537.36',
  'upgrade-insecure-requests' => '1',
  'connection' => 'close',
  'host' => 'www.wuruyue.com',
)
[ info ] [ PARAM ] array (
)
[ info ] [ LOG ] INIT File
---------------------------------------------------------------
[ 2021-02-15T11:56:46+08:00 ] 127.0.0.1 GET www.wuruyue.com/index/Home/getChildMenu?pid=2
[运行时间：0.380653s] [吞吐率：2.63req/s] [内存消耗：2,042.00kb] [文件加载：45]
[ info ] [ LANG ] D:\xp.cn\www\wwwroot\admin\localhost_80\wwwroot\myweb\thinkphp\lang\zh-cn.php
[ info ] [ ROUTE ] array (
  'type' => 'module',
  'module' => 
  array (
    0 => 'index',
    1 => 'Home',
    2 => 'getChildMenu',
  ),
)
[ info ] [ HEADER ] array (
  'cookie' => 'thinkphp_show_page_trace=0|0; pgv_pvi=7353847808; thinkphp_show_page_trace=0|0',
  'accept-language' => 'zh-CN,zh;q=0.9,en;q=0.8',
  'accept-encoding' => 'gzip, deflate',
  'accept' => 'text/html,application/xhtml+xml,application/xml;q=0.9,image/avif,image/webp,image/apng,*/*;q=0.8,application/signed-exchange;v=b3;q=0.9',
  'user-agent' => 'Mozilla/5.0 (Windows NT 10.0; WOW64) AppleWebKit/537.36 (KHTML, like Gecko) Chrome/88.0.4324.150 Safari/537.36',
  'upgrade-insecure-requests' => '1',
  'connection' => 'close',
  'host' => 'www.wuruyue.com',
)
[ info ] [ PARAM ] array (
  'pid' => '2',
)
[ info ] [ RUN ] app\index\controller\Home->getChildMenu[ D:\xp.cn\www\wwwroot\admin\localhost_80\wwwroot\myweb\app\index\controller\Home.php ]
[ info ] [ DB ] INIT mysql
[ info ] [ LOG ] INIT File
[ sql ] [ DB ] CONNECT:[ UseTime:0.034417s ] mysql:host=127.0.0.1;dbname=ours;charset=utf8
[ sql ] [ SQL ] SHOW COLUMNS FROM `t_m_menu` [ RunTime:0.098448s ]
[ sql ] [ SQL ] SELECT `m`.`menu_name`,`m`.`parent_menu_id`,`m`.`menu_link`,`m`.`menu_icon`,`m`.`menu_level`,`m`.`menu_id` FROM `t_m_menu` `m` RIGHT JOIN `t_m_rm` `rm` ON `m`.`menu_id`=`rm`.`menu_id` WHERE  `m`.`state` = 0  AND `rm`.`role_id` = 0 [ RunTime:0.026143s ]
---------------------------------------------------------------
[ 2021-02-15T12:00:51+08:00 ] 127.0.0.1 GET www.wuruyue.com/
[运行时间：1.170855s] [吞吐率：0.85req/s] [内存消耗：1,211.55kb] [文件加载：39]
[ info ] [ LANG ] D:\xp.cn\www\wwwroot\admin\localhost_80\wwwroot\myweb\thinkphp\lang\zh-cn.php
[ info ] [ ROUTE ] array (
  'type' => 'module',
  'module' => 
  array (
    0 => '',
    1 => NULL,
    2 => NULL,
  ),
)
[ info ] [ HEADER ] array (
  'cookie' => 'pgv_pvi=7353847808; thinkphp_show_page_trace=0|0',
  'accept-language' => 'zh-CN,zh;q=0.9,en;q=0.8',
  'accept-encoding' => 'gzip, deflate',
  'accept' => 'text/html,application/xhtml+xml,application/xml;q=0.9,image/avif,image/webp,image/apng,*/*;q=0.8,application/signed-exchange;v=b3;q=0.9',
  'user-agent' => 'Mozilla/5.0 (Windows NT 10.0; WOW64) AppleWebKit/537.36 (KHTML, like Gecko) Chrome/88.0.4324.150 Safari/537.36',
  'upgrade-insecure-requests' => '1',
  'connection' => 'close',
  'host' => 'www.wuruyue.com',
)
[ info ] [ PARAM ] array (
)
[ info ] [ LOG ] INIT File
---------------------------------------------------------------
[ 2021-02-15T12:51:02+08:00 ] 127.0.0.1 GET www.wuruyue.com/index/Home/getChildMenu?pid=2
[运行时间：1.450497s] [吞吐率：0.69req/s] [内存消耗：2,042.00kb] [文件加载：45]
[ info ] [ LANG ] D:\xp.cn\www\wwwroot\admin\localhost_80\wwwroot\myweb\thinkphp\lang\zh-cn.php
[ info ] [ ROUTE ] array (
  'type' => 'module',
  'module' => 
  array (
    0 => 'index',
    1 => 'Home',
    2 => 'getChildMenu',
  ),
)
[ info ] [ HEADER ] array (
  'cookie' => 'thinkphp_show_page_trace=0|0; pgv_pvi=7353847808; thinkphp_show_page_trace=0|0',
  'accept-language' => 'zh-CN,zh;q=0.9,en;q=0.8',
  'accept-encoding' => 'gzip, deflate',
  'accept' => 'text/html,application/xhtml+xml,application/xml;q=0.9,image/avif,image/webp,image/apng,*/*;q=0.8,application/signed-exchange;v=b3;q=0.9',
  'user-agent' => 'Mozilla/5.0 (Windows NT 10.0; WOW64) AppleWebKit/537.36 (KHTML, like Gecko) Chrome/88.0.4324.150 Safari/537.36',
  'upgrade-insecure-requests' => '1',
  'connection' => 'close',
  'host' => 'www.wuruyue.com',
)
[ info ] [ PARAM ] array (
  'pid' => '2',
)
[ info ] [ RUN ] app\index\controller\Home->getChildMenu[ D:\xp.cn\www\wwwroot\admin\localhost_80\wwwroot\myweb\app\index\controller\Home.php ]
[ info ] [ DB ] INIT mysql
[ info ] [ LOG ] INIT File
[ sql ] [ DB ] CONNECT:[ UseTime:0.010675s ] mysql:host=127.0.0.1;dbname=ours;charset=utf8
[ sql ] [ SQL ] SHOW COLUMNS FROM `t_m_menu` [ RunTime:0.194207s ]
[ sql ] [ SQL ] SELECT `m`.`menu_name`,`m`.`parent_menu_id`,`m`.`menu_link`,`m`.`menu_icon`,`m`.`menu_level`,`m`.`menu_id` FROM `t_m_menu` `m` RIGHT JOIN `t_m_rm` `rm` ON `m`.`menu_id`=`rm`.`menu_id` WHERE  `m`.`state` = 0  AND `rm`.`role_id` = 0 [ RunTime:0.031438s ]
---------------------------------------------------------------
[ 2021-02-15T12:58:49+08:00 ] 127.0.0.1 GET www.wuruyue.com/index/Home/getChildMenu?pid=2
[运行时间：0.532225s] [吞吐率：1.88req/s] [内存消耗：2,042.55kb] [文件加载：45]
[ info ] [ LANG ] D:\xp.cn\www\wwwroot\admin\localhost_80\wwwroot\myweb\thinkphp\lang\zh-cn.php
[ info ] [ ROUTE ] array (
  'type' => 'module',
  'module' => 
  array (
    0 => 'index',
    1 => 'Home',
    2 => 'getChildMenu',
  ),
)
[ info ] [ HEADER ] array (
  'cookie' => 'thinkphp_show_page_trace=0|0; pgv_pvi=7353847808; thinkphp_show_page_trace=0|0',
  'accept-language' => 'zh-CN,zh;q=0.9,en;q=0.8',
  'accept-encoding' => 'gzip, deflate',
  'accept' => 'text/html,application/xhtml+xml,application/xml;q=0.9,image/avif,image/webp,image/apng,*/*;q=0.8,application/signed-exchange;v=b3;q=0.9',
  'user-agent' => 'Mozilla/5.0 (Windows NT 10.0; WOW64) AppleWebKit/537.36 (KHTML, like Gecko) Chrome/88.0.4324.150 Safari/537.36',
  'upgrade-insecure-requests' => '1',
  'cache-control' => 'max-age=0',
  'connection' => 'close',
  'host' => 'www.wuruyue.com',
)
[ info ] [ PARAM ] array (
  'pid' => '2',
)
[ info ] [ RUN ] app\index\controller\Home->getChildMenu[ D:\xp.cn\www\wwwroot\admin\localhost_80\wwwroot\myweb\app\index\controller\Home.php ]
[ info ] [ DB ] INIT mysql
[ info ] [ LOG ] INIT File
[ sql ] [ DB ] CONNECT:[ UseTime:0.011351s ] mysql:host=127.0.0.1;dbname=ours;charset=utf8
[ sql ] [ SQL ] SHOW COLUMNS FROM `t_m_menu` [ RunTime:0.044631s ]
[ sql ] [ SQL ] SELECT `m`.`menu_name`,`m`.`parent_menu_id`,`m`.`menu_link`,`m`.`menu_icon`,`m`.`menu_level`,`m`.`menu_id` FROM `t_m_menu` `m` RIGHT JOIN `t_m_rm` `rm` ON `m`.`menu_id`=`rm`.`menu_id` WHERE  `m`.`state` = 0  AND `rm`.`role_id` = 0 [ RunTime:0.010043s ]
---------------------------------------------------------------
[ 2021-02-15T14:44:01+08:00 ] 127.0.0.1 GET www.wuruyue.com/index/Home/getChildMenu?pid=2
[运行时间：0.652874s] [吞吐率：1.53req/s] [内存消耗：2,042.64kb] [文件加载：45]
[ info ] [ LANG ] D:\xp.cn\www\wwwroot\admin\localhost_80\wwwroot\myweb\thinkphp\lang\zh-cn.php
[ info ] [ ROUTE ] array (
  'type' => 'module',
  'module' => 
  array (
    0 => 'index',
    1 => 'Home',
    2 => 'getChildMenu',
  ),
)
[ info ] [ HEADER ] array (
  'cookie' => 'thinkphp_show_page_trace=0|0; pgv_pvi=7353847808; thinkphp_show_page_trace=0|0',
  'accept-language' => 'zh-CN,zh;q=0.9,en;q=0.8',
  'accept-encoding' => 'gzip, deflate',
  'accept' => 'text/html,application/xhtml+xml,application/xml;q=0.9,image/avif,image/webp,image/apng,*/*;q=0.8,application/signed-exchange;v=b3;q=0.9',
  'user-agent' => 'Mozilla/5.0 (Windows NT 10.0; WOW64) AppleWebKit/537.36 (KHTML, like Gecko) Chrome/88.0.4324.150 Safari/537.36',
  'upgrade-insecure-requests' => '1',
  'cache-control' => 'max-age=0',
  'connection' => 'close',
  'host' => 'www.wuruyue.com',
)
[ info ] [ PARAM ] array (
  'pid' => '2',
)
[ info ] [ RUN ] app\index\controller\Home->getChildMenu[ D:\xp.cn\www\wwwroot\admin\localhost_80\wwwroot\myweb\app\index\controller\Home.php ]
[ info ] [ DB ] INIT mysql
[ info ] [ LOG ] INIT File
[ sql ] [ DB ] CONNECT:[ UseTime:0.115479s ] mysql:host=39.108.231.59;dbname=ours;charset=utf8
[ sql ] [ SQL ] SHOW COLUMNS FROM `t_m_menu` [ RunTime:0.077524s ]
[ sql ] [ SQL ] SELECT `m`.`menu_name`,`m`.`parent_menu_id`,`m`.`menu_link`,`m`.`menu_icon`,`m`.`menu_level`,`m`.`menu_id` FROM `t_m_menu` `m` RIGHT JOIN `t_m_rm` `rm` ON `m`.`menu_id`=`rm`.`menu_id` WHERE  `m`.`state` = 0  AND `rm`.`role_id` = 0 [ RunTime:0.072262s ]
---------------------------------------------------------------
[ 2021-02-15T14:44:02+08:00 ] 127.0.0.1 GET www.wuruyue.com/index/Home/getChildMenu?pid=2
[运行时间：0.315878s] [吞吐率：3.17req/s] [内存消耗：2,042.64kb] [文件加载：45]
[ info ] [ LANG ] D:\xp.cn\www\wwwroot\admin\localhost_80\wwwroot\myweb\thinkphp\lang\zh-cn.php
[ info ] [ ROUTE ] array (
  'type' => 'module',
  'module' => 
  array (
    0 => 'index',
    1 => 'Home',
    2 => 'getChildMenu',
  ),
)
[ info ] [ HEADER ] array (
  'cookie' => 'thinkphp_show_page_trace=0|0; pgv_pvi=7353847808; thinkphp_show_page_trace=0|0',
  'accept-language' => 'zh-CN,zh;q=0.9,en;q=0.8',
  'accept-encoding' => 'gzip, deflate',
  'accept' => 'text/html,application/xhtml+xml,application/xml;q=0.9,image/avif,image/webp,image/apng,*/*;q=0.8,application/signed-exchange;v=b3;q=0.9',
  'user-agent' => 'Mozilla/5.0 (Windows NT 10.0; WOW64) AppleWebKit/537.36 (KHTML, like Gecko) Chrome/88.0.4324.150 Safari/537.36',
  'upgrade-insecure-requests' => '1',
  'cache-control' => 'max-age=0',
  'connection' => 'close',
  'host' => 'www.wuruyue.com',
)
[ info ] [ PARAM ] array (
  'pid' => '2',
)
[ info ] [ RUN ] app\index\controller\Home->getChildMenu[ D:\xp.cn\www\wwwroot\admin\localhost_80\wwwroot\myweb\app\index\controller\Home.php ]
[ info ] [ DB ] INIT mysql
[ info ] [ LOG ] INIT File
[ sql ] [ DB ] CONNECT:[ UseTime:0.121266s ] mysql:host=39.108.231.59;dbname=ours;charset=utf8
[ sql ] [ SQL ] SHOW COLUMNS FROM `t_m_menu` [ RunTime:0.076227s ]
[ sql ] [ SQL ] SELECT `m`.`menu_name`,`m`.`parent_menu_id`,`m`.`menu_link`,`m`.`menu_icon`,`m`.`menu_level`,`m`.`menu_id` FROM `t_m_menu` `m` RIGHT JOIN `t_m_rm` `rm` ON `m`.`menu_id`=`rm`.`menu_id` WHERE  `m`.`state` = 0  AND `rm`.`role_id` = 0 [ RunTime:0.078423s ]
---------------------------------------------------------------
[ 2021-02-15T14:44:59+08:00 ] 127.0.0.1 GET www.wuruyue.com/index/Home/getChildMenu?pid=2
[运行时间：0.304900s] [吞吐率：3.28req/s] [内存消耗：2,042.64kb] [文件加载：45]
[ info ] [ LANG ] D:\xp.cn\www\wwwroot\admin\localhost_80\wwwroot\myweb\thinkphp\lang\zh-cn.php
[ info ] [ ROUTE ] array (
  'type' => 'module',
  'module' => 
  array (
    0 => 'index',
    1 => 'Home',
    2 => 'getChildMenu',
  ),
)
[ info ] [ HEADER ] array (
  'cookie' => 'thinkphp_show_page_trace=0|0; pgv_pvi=7353847808; thinkphp_show_page_trace=0|0',
  'accept-language' => 'zh-CN,zh;q=0.9,en;q=0.8',
  'accept-encoding' => 'gzip, deflate',
  'accept' => 'text/html,application/xhtml+xml,application/xml;q=0.9,image/avif,image/webp,image/apng,*/*;q=0.8,application/signed-exchange;v=b3;q=0.9',
  'user-agent' => 'Mozilla/5.0 (Windows NT 10.0; WOW64) AppleWebKit/537.36 (KHTML, like Gecko) Chrome/88.0.4324.150 Safari/537.36',
  'upgrade-insecure-requests' => '1',
  'cache-control' => 'max-age=0',
  'connection' => 'close',
  'host' => 'www.wuruyue.com',
)
[ info ] [ PARAM ] array (
  'pid' => '2',
)
[ info ] [ RUN ] app\index\controller\Home->getChildMenu[ D:\xp.cn\www\wwwroot\admin\localhost_80\wwwroot\myweb\app\index\controller\Home.php ]
[ info ] [ DB ] INIT mysql
[ info ] [ LOG ] INIT File
[ sql ] [ DB ] CONNECT:[ UseTime:0.124229s ] mysql:host=39.108.231.59;dbname=ours;charset=utf8
[ sql ] [ SQL ] SHOW COLUMNS FROM `t_m_menu` [ RunTime:0.070635s ]
[ sql ] [ SQL ] SELECT `m`.`menu_name`,`m`.`parent_menu_id`,`m`.`menu_link`,`m`.`menu_icon`,`m`.`menu_level`,`m`.`menu_id` FROM `t_m_menu` `m` RIGHT JOIN `t_m_rm` `rm` ON `m`.`menu_id`=`rm`.`menu_id` WHERE  `m`.`state` = 0  AND `rm`.`role_id` = 0 [ RunTime:0.076503s ]
---------------------------------------------------------------
[ 2021-02-15T14:50:05+08:00 ] 127.0.0.1 GET www.wuruyue.com/index/Home/getChildMenu?pid=2
[运行时间：0.336214s] [吞吐率：2.97req/s] [内存消耗：2,042.64kb] [文件加载：45]
[ info ] [ LANG ] D:\xp.cn\www\wwwroot\admin\localhost_80\wwwroot\myweb\thinkphp\lang\zh-cn.php
[ info ] [ ROUTE ] array (
  'type' => 'module',
  'module' => 
  array (
    0 => 'index',
    1 => 'Home',
    2 => 'getChildMenu',
  ),
)
[ info ] [ HEADER ] array (
  'cookie' => 'thinkphp_show_page_trace=0|0; pgv_pvi=7353847808; thinkphp_show_page_trace=0|0',
  'accept-language' => 'zh-CN,zh;q=0.9,en;q=0.8',
  'accept-encoding' => 'gzip, deflate',
  'accept' => 'text/html,application/xhtml+xml,application/xml;q=0.9,image/avif,image/webp,image/apng,*/*;q=0.8,application/signed-exchange;v=b3;q=0.9',
  'user-agent' => 'Mozilla/5.0 (Windows NT 10.0; WOW64) AppleWebKit/537.36 (KHTML, like Gecko) Chrome/88.0.4324.150 Safari/537.36',
  'upgrade-insecure-requests' => '1',
  'cache-control' => 'max-age=0',
  'connection' => 'close',
  'host' => 'www.wuruyue.com',
)
[ info ] [ PARAM ] array (
  'pid' => '2',
)
[ info ] [ RUN ] app\index\controller\Home->getChildMenu[ D:\xp.cn\www\wwwroot\admin\localhost_80\wwwroot\myweb\app\index\controller\Home.php ]
[ info ] [ DB ] INIT mysql
[ info ] [ LOG ] INIT File
[ sql ] [ DB ] CONNECT:[ UseTime:0.128669s ] mysql:host=39.108.231.59;dbname=ours;charset=utf8
[ sql ] [ SQL ] SHOW COLUMNS FROM `t_m_menu` [ RunTime:0.084322s ]
[ sql ] [ SQL ] SELECT `m`.`menu_name`,`m`.`parent_menu_id`,`m`.`menu_link`,`m`.`menu_icon`,`m`.`menu_level`,`m`.`menu_id` FROM `t_m_menu` `m` RIGHT JOIN `t_m_rm` `rm` ON `m`.`menu_id`=`rm`.`menu_id` WHERE  `m`.`state` = 0  AND `rm`.`role_id` = 0 [ RunTime:0.087602s ]
---------------------------------------------------------------
[ 2021-02-15T18:49:57+08:00 ] 127.0.0.1 GET www.wuruyue.com/index/Home/getChildMenu?pid=2
[运行时间：0.854914s] [吞吐率：1.17req/s] [内存消耗：2,041.35kb] [文件加载：45]
[ info ] [ LANG ] D:\xp.cn\www\wwwroot\admin\localhost_80\wwwroot\myweb\thinkphp\lang\zh-cn.php
[ info ] [ ROUTE ] array (
  'type' => 'module',
  'module' => 
  array (
    0 => 'index',
    1 => 'Home',
    2 => 'getChildMenu',
  ),
)
[ info ] [ HEADER ] array (
  'accept-language' => 'zh-CN,zh;q=0.9,en;q=0.8',
  'accept-encoding' => 'gzip, deflate',
  'accept' => 'text/html,application/xhtml+xml,application/xml;q=0.9,image/avif,image/webp,image/apng,*/*;q=0.8,application/signed-exchange;v=b3;q=0.9',
  'user-agent' => 'Mozilla/5.0 (Windows NT 10.0; WOW64) AppleWebKit/537.36 (KHTML, like Gecko) Chrome/88.0.4324.150 Safari/537.36',
  'upgrade-insecure-requests' => '1',
  'connection' => 'close',
  'host' => 'www.wuruyue.com',
)
[ info ] [ PARAM ] array (
  'pid' => '2',
)
[ info ] [ RUN ] app\index\controller\Home->getChildMenu[ D:\xp.cn\www\wwwroot\admin\localhost_80\wwwroot\myweb\app\index\controller\Home.php ]
[ info ] [ DB ] INIT mysql
[ info ] [ LOG ] INIT File
[ sql ] [ DB ] CONNECT:[ UseTime:0.146148s ] mysql:host=39.108.231.59;dbname=ours;charset=utf8
[ sql ] [ SQL ] SHOW COLUMNS FROM `t_m_menu` [ RunTime:0.093980s ]
[ sql ] [ SQL ] SELECT `m`.`menu_name`,`m`.`parent_menu_id`,`m`.`menu_link`,`m`.`menu_icon`,`m`.`menu_level`,`m`.`menu_id` FROM `t_m_menu` `m` RIGHT JOIN `t_m_rm` `rm` ON `m`.`menu_id`=`rm`.`menu_id` WHERE  `m`.`state` = 0  AND `rm`.`role_id` = 0 [ RunTime:0.075614s ]
---------------------------------------------------------------
[ 2021-02-15T21:13:00+08:00 ] 127.0.0.1 GET www.wuruyue.com/index/Home/getChildMenu?pid=2
[运行时间：0.808195s] [吞吐率：1.24req/s] [内存消耗：2,041.93kb] [文件加载：45]
[ info ] [ LANG ] D:\xp.cn\www\wwwroot\admin\localhost_80\wwwroot\myweb\thinkphp\lang\zh-cn.php
[ info ] [ ROUTE ] array (
  'type' => 'module',
  'module' => 
  array (
    0 => 'index',
    1 => 'Home',
    2 => 'getChildMenu',
  ),
)
[ info ] [ HEADER ] array (
  'accept-language' => 'zh-CN,zh;q=0.9,en;q=0.8',
  'accept-encoding' => 'gzip, deflate',
  'accept' => 'text/html,application/xhtml+xml,application/xml;q=0.9,image/avif,image/webp,image/apng,*/*;q=0.8,application/signed-exchange;v=b3;q=0.9',
  'user-agent' => 'Mozilla/5.0 (Windows NT 10.0; WOW64) AppleWebKit/537.36 (KHTML, like Gecko) Chrome/88.0.4324.150 Safari/537.36',
  'upgrade-insecure-requests' => '1',
  'cache-control' => 'max-age=0',
  'connection' => 'close',
  'host' => 'www.wuruyue.com',
)
[ info ] [ PARAM ] array (
  'pid' => '2',
)
[ info ] [ RUN ] app\index\controller\Home->getChildMenu[ D:\xp.cn\www\wwwroot\admin\localhost_80\wwwroot\myweb\app\index\controller\Home.php ]
[ info ] [ DB ] INIT mysql
[ info ] [ LOG ] INIT File
[ sql ] [ DB ] CONNECT:[ UseTime:0.114831s ] mysql:host=39.108.231.59;dbname=ours;charset=utf8
[ sql ] [ SQL ] SHOW COLUMNS FROM `t_m_menu` [ RunTime:0.074318s ]
[ sql ] [ SQL ] SELECT `m`.`menu_name`,`m`.`parent_menu_id`,`m`.`menu_link`,`m`.`menu_icon`,`m`.`menu_level`,`m`.`menu_id` FROM `t_m_menu` `m` RIGHT JOIN `t_m_rm` `rm` ON `m`.`menu_id`=`rm`.`menu_id` WHERE  `m`.`state` = 0  AND `rm`.`role_id` = 0 [ RunTime:0.070117s ]
---------------------------------------------------------------
[ 2021-02-15T21:41:09+08:00 ] 127.0.0.1 GET www.wuruyue.com/index/Home/getChildMenu?pid=2
[运行时间：0.732166s] [吞吐率：1.37req/s] [内存消耗：2,041.35kb] [文件加载：45]
[ info ] [ LANG ] D:\xp.cn\www\wwwroot\admin\localhost_80\wwwroot\myweb\thinkphp\lang\zh-cn.php
[ info ] [ ROUTE ] array (
  'type' => 'module',
  'module' => 
  array (
    0 => 'index',
    1 => 'Home',
    2 => 'getChildMenu',
  ),
)
[ info ] [ HEADER ] array (
  'accept-language' => 'zh-CN,zh;q=0.9,en;q=0.8',
  'accept-encoding' => 'gzip, deflate',
  'accept' => 'text/html,application/xhtml+xml,application/xml;q=0.9,image/avif,image/webp,image/apng,*/*;q=0.8,application/signed-exchange;v=b3;q=0.9',
  'user-agent' => 'Mozilla/5.0 (Windows NT 10.0; WOW64) AppleWebKit/537.36 (KHTML, like Gecko) Chrome/88.0.4324.150 Safari/537.36',
  'upgrade-insecure-requests' => '1',
  'connection' => 'close',
  'host' => 'www.wuruyue.com',
)
[ info ] [ PARAM ] array (
  'pid' => '2',
)
[ info ] [ RUN ] app\index\controller\Home->getChildMenu[ D:\xp.cn\www\wwwroot\admin\localhost_80\wwwroot\myweb\app\index\controller\Home.php ]
[ info ] [ DB ] INIT mysql
[ info ] [ LOG ] INIT File
[ sql ] [ DB ] CONNECT:[ UseTime:0.122835s ] mysql:host=39.108.231.59;dbname=ours;charset=utf8
[ sql ] [ SQL ] SHOW COLUMNS FROM `t_m_menu` [ RunTime:0.082281s ]
[ sql ] [ SQL ] SELECT `m`.`menu_name`,`m`.`parent_menu_id`,`m`.`menu_link`,`m`.`menu_icon`,`m`.`menu_level`,`m`.`menu_id` FROM `t_m_menu` `m` RIGHT JOIN `t_m_rm` `rm` ON `m`.`menu_id`=`rm`.`menu_id` WHERE  `m`.`state` = 0  AND `rm`.`role_id` = 0 [ RunTime:0.077415s ]
