---------------------------------------------------------------
[ 2021-03-02T22:33:29+08:00 ] 127.0.0.1 GET adsp.xunlei.com/api/adp/hotword?appId=14&callId=1614695598504&count=1&sig=7513016ffee45cdaa309dd9d2eb9649e
[运行时间：1.920061s] [吞吐率：0.52req/s] [内存消耗：897.33kb] [文件加载：29]
[ info ] [ LANG ] D:\xp.cn\www\wwwroot\admin\localhost_80\wwwroot\myweb\thinkphp\lang\zh-cn.php
[ info ] [ ROUTE ] array (
  'type' => 'module',
  'module' => 
  array (
    0 => 'api',
    1 => 'adp',
    2 => 'hotword',
  ),
)
[ info ] [ HEADER ] array (
  'connection' => 'close',
  'host' => 'adsp.xunlei.com',
  'user-agent' => 'axios/0.18.0',
  'content-type' => 'application/x-www-form-urlencoded',
  'accept' => 'application/json, text/plain, */*',
)
[ info ] [ PARAM ] array (
  'appId' => '14',
  'callId' => '1614695598504',
  'count' => '1',
  'sig' => '7513016ffee45cdaa309dd9d2eb9649e',
)
[ info ] [ LOG ] INIT File
---------------------------------------------------------------
[ 2021-03-02T22:33:29+08:00 ] 127.0.0.1 GET adsp.xunlei.com/api/adp/get?positionId=1560&jsCall=ssp_callback_21262579&appId=101&callId=1614695601574&v=1.0&sig=5574221201bd38eeeff93da1066c3a32
[运行时间：1.954884s] [吞吐率：0.51req/s] [内存消耗：1,004.14kb] [文件加载：32]
[ info ] [ LANG ] D:\xp.cn\www\wwwroot\admin\localhost_80\wwwroot\myweb\thinkphp\lang\zh-cn.php
[ info ] [ ROUTE ] array (
  'type' => 'module',
  'module' => 
  array (
    0 => 'api',
    1 => 'adp',
    2 => 'get',
  ),
)
[ info ] [ HEADER ] array (
  'accept-language' => 'zh-CN',
  'accept-encoding' => 'gzip, deflate',
  'accept' => '*/*',
  'user-agent' => 'Mozilla/5.0 (Windows NT 10.0; WOW64) AppleWebKit/537.36 (KHTML, like Gecko) thunderx/10.1.38.890 Chrome/59.0.3071.115 Electron/1.8.6 Safari/537.36',
  'connection' => 'close',
  'host' => 'adsp.xunlei.com',
)
[ info ] [ PARAM ] array (
  'positionId' => '1560',
  'jsCall' => 'ssp_callback_21262579',
  'appId' => '101',
  'callId' => '1614695601574',
  'v' => '1.0',
  'sig' => '5574221201bd38eeeff93da1066c3a32',
)
[ info ] [ LOG ] INIT File
